INFO: [vitis-run 60-1548] Creating build summary session with primary output F:/Motor-Simulator/HLS/Audio-Filtering/Audio-Filtering\Audio-Filtering.hlsrun_csim_summary, at 03/11/26 19:10:57
INFO: [vitis-run 82-31] Launching vitis_hls: vitis_hls -nolog -run csim -work_dir F:/Motor-Simulator/HLS/Audio-Filtering/Audio-Filtering -config F:/Motor-Simulator/HLS/Audio-Filtering/hls_config.cfg -cmdlineconfig F:/Motor-Simulator/HLS/Audio-Filtering/Audio-Filtering/hls/config.cmdline

****** Vitis HLS - High-Level Synthesis from C, C++ and OpenCL v2024.1 (64-bit)
  **** SW Build 5069499 on May 21 2024
  **** IP Build 5075265 on Wed May 22 21:45:21 MDT 2024
  **** SharedData Build 5076995 on Wed May 22 18:29:18 MDT 2024
  **** Start of session at: Wed Mar 11 19:10:59 2026
    ** Copyright 1986-2022 Xilinx, Inc. All Rights Reserved.
    ** Copyright 2022-2024 Advanced Micro Devices, Inc. All Rights Reserved.

source C:/Xilinx/Vitis_HLS/2024.1/scripts/vitis_hls/hls.tcl -notrace
INFO: [HLS 200-10] For user 'langweil.m' on host 'wfxa4bb6dbb67af.nunet.neu.edu' (Windows NT_amd64 version 10.0) on Wed Mar 11 19:11:00 -0400 2026
INFO: [HLS 200-10] In directory 'F:/Motor-Simulator/HLS/Audio-Filtering'
INFO: [HLS 200-2005] Using work_dir F:/Motor-Simulator/HLS/Audio-Filtering/Audio-Filtering 
INFO: [HLS 200-1505] Using default flow_target 'vivado'
Resolution: For help on HLS 200-1505 see docs.xilinx.com/access/sources/dita/topic?Doc_Version=2024.1%20English&url=ug1448-hls-guidance&resourceid=200-1505.html
INFO: [HLS 200-1465] Applying ini 'syn.file=Fir-Filter.cpp' from F:/Motor-Simulator/HLS/Audio-Filtering/hls_config.cfg(8)
INFO: [HLS 200-10] Adding design file 'F:/Motor-Simulator/HLS/Audio-Filtering/Fir-Filter.cpp' to the project
INFO: [HLS 200-1465] Applying ini 'syn.file=Fir-Filter.h' from F:/Motor-Simulator/HLS/Audio-Filtering/hls_config.cfg(9)
INFO: [HLS 200-10] Adding design file 'F:/Motor-Simulator/HLS/Audio-Filtering/Fir-Filter.h' to the project
INFO: [HLS 200-1465] Applying ini 'syn.file=Coefficients.h' from F:/Motor-Simulator/HLS/Audio-Filtering/hls_config.cfg(10)
INFO: [HLS 200-10] Adding design file 'F:/Motor-Simulator/HLS/Audio-Filtering/Coefficients.h' to the project
INFO: [HLS 200-1465] Applying ini 'syn.file=Coefficients.cpp' from F:/Motor-Simulator/HLS/Audio-Filtering/hls_config.cfg(11)
INFO: [HLS 200-10] Adding design file 'F:/Motor-Simulator/HLS/Audio-Filtering/Coefficients.cpp' to the project
INFO: [HLS 200-1465] Applying ini 'tb.file=tb_coefficients.cpp' from F:/Motor-Simulator/HLS/Audio-Filtering/hls_config.cfg(12)
INFO: [HLS 200-10] Adding test bench file 'F:/Motor-Simulator/HLS/Audio-Filtering/tb_coefficients.cpp' to the project
INFO: [HLS 200-1465] Applying ini 'syn.top=calculateCoefficients' from F:/Motor-Simulator/HLS/Audio-Filtering/hls_config.cfg(7)
INFO: [HLS 200-1465] Applying ini 'flow_target=vivado' from F:/Motor-Simulator/HLS/Audio-Filtering/hls_config.cfg(4)
INFO: [HLS 200-1505] Using flow_target 'vivado'
Resolution: For help on HLS 200-1505 see docs.xilinx.com/access/sources/dita/topic?Doc_Version=2024.1%20English&url=ug1448-hls-guidance&resourceid=200-1505.html
INFO: [HLS 200-1465] Applying ini 'part=xczu3eg-sfvc784-2-e' from F:/Motor-Simulator/HLS/Audio-Filtering/hls_config.cfg(1)
INFO: [HLS 200-1611] Setting target device to 'xczu3eg-sfvc784-2-e'
INFO: [HLS 200-1465] Applying ini 'package.output.format=ip_catalog' from F:/Motor-Simulator/HLS/Audio-Filtering/hls_config.cfg(5)
INFO: [SIM 211-2] *************** CSIM start ***************
INFO: [SIM 211-4] CSIM will launch CLANG as the compiler.
INFO: [HLS 200-2036] Building debug C Simulation binaries
   Compiling ../../../../tb_coefficients.cpp in debug mode
   Compiling ../../../../Coefficients.cpp in debug mode
   Compiling ../../../../Fir-Filter.cpp in debug mode
   Generating csim.exe
In file included from ../../../../tb_coefficients.cpp:3:
In file included from ../../../../Coefficients.h:5:
In file included from C:/Xilinx/Vitis_HLS/2024.1/include/ap_axi_sdata.h:15:
In file included from C:/Xilinx/Vitis_HLS/2024.1/include/ap_int.h:10:
In file included from C:/Xilinx/Vitis_HLS/2024.1/include/etc/ap_common.h:658:
In file included from C:/Xilinx/Vitis_HLS/2024.1/include/etc/ap_private.h:68:
In file included from C:/Xilinx/Vitis_HLS/2024.1/include/hls_half.h:26:
In file included from C:/Xilinx/Vitis_HLS/2024.1/include/etc/hls_half_fpo.h:19:
In file included from C:/Xilinx/Vitis_HLS/2024.1/include/hls_fpo.h:140:
In file included from C:/Xilinx/Vitis_HLS/2024.1/include/floating_point_v7_1_bitacc_cmodel.h:150:
C:/Xilinx/Vitis_HLS/2024.1/include/gmp.h:58:9: warning: '__GMP_LIBGMP_DLL' macro redefined [-Wmacro-redefined]
#define __GMP_LIBGMP_DLL  0
        ^
C:/Xilinx/Vitis_HLS/2024.1/include/floating_point_v7_1_bitacc_cmodel.h:142:9: note: previous definition is here
#define __GMP_LIBGMP_DLL 1
        ^
1 warning generated.
In file included from ../../../../Coefficients.cpp:1:
In file included from ../../../../Coefficients.h:5:
In file included from C:/Xilinx/Vitis_HLS/2024.1/include/ap_axi_sdata.h:15:
In file included from C:/Xilinx/Vitis_HLS/2024.1/include/ap_int.h:10:
In file included from C:/Xilinx/Vitis_HLS/2024.1/include/etc/ap_common.h:658:
In file included from C:/Xilinx/Vitis_HLS/2024.1/include/etc/ap_private.h:68:
In file included from C:/Xilinx/Vitis_HLS/2024.1/include/hls_half.h:26:
In file included from C:/Xilinx/Vitis_HLS/2024.1/include/etc/hls_half_fpo.h:19:
In file included from C:/Xilinx/Vitis_HLS/2024.1/include/hls_fpo.h:140:
In file included from C:/Xilinx/Vitis_HLS/2024.1/include/floating_point_v7_1_bitacc_cmodel.h:150:
C:/Xilinx/Vitis_HLS/2024.1/include/gmp.h:58:9: warning: '__GMP_LIBGMP_DLL' macro redefined [-Wmacro-redefined]
#define __GMP_LIBGMP_DLL  0
        ^
C:/Xilinx/Vitis_HLS/2024.1/include/floating_point_v7_1_bitacc_cmodel.h:142:9: note: previous definition is here
#define __GMP_LIBGMP_DLL 1
        ^
1 warning generated.
In file included from ../../../../Fir-Filter.cpp:1:
In file included from ../../../../Fir-Filter.h:1:
In file included from C:/Xilinx/Vitis_HLS/2024.1/include/ap_int.h:10:
In file included from C:/Xilinx/Vitis_HLS/2024.1/include/etc/ap_common.h:658:
In file included from C:/Xilinx/Vitis_HLS/2024.1/include/etc/ap_private.h:68:
In file included from C:/Xilinx/Vitis_HLS/2024.1/include/hls_half.h:26:
In file included from C:/Xilinx/Vitis_HLS/2024.1/include/etc/hls_half_fpo.h:19:
In file included from C:/Xilinx/Vitis_HLS/2024.1/include/hls_fpo.h:140:
In file included from C:/Xilinx/Vitis_HLS/2024.1/include/floating_point_v7_1_bitacc_cmodel.h:150:
C:/Xilinx/Vitis_HLS/2024.1/include/gmp.h:58:9: warning: '__GMP_LIBGMP_DLL' macro redefined [-Wmacro-redefined]
#define __GMP_LIBGMP_DLL  0
        ^
C:/Xilinx/Vitis_HLS/2024.1/include/floating_point_v7_1_bitacc_cmodel.h:142:9: note: previous definition is here
#define __GMP_LIBGMP_DLL 1
        ^
1 warning generated.
FIR Coefficients:
bram[0] = -0
bram[1] = -0.00573223
bram[2] = -0.0225079
bram[3] = -0.0462102
bram[4] = -0.0689161
bram[5] = -0.0811598
bram[6] = -0.0750264
bram[7] = -0.0470645
bram[8] = 4.74319e-09
bram[9] = 0.0574227
bram[10] = 0.11254
bram[11] = 0.152227
bram[12] = 0.166667
bram[13] = 0.152227
bram[14] = 0.11254
bram[15] = 0.0574227
bram[16] = 4.74319e-09
bram[17] = -0.0470645
bram[18] = -0.0750264
bram[19] = -0.0811598
bram[20] = -0.0689161
bram[21] = -0.0462102
bram[22] = -0.0225079
bram[23] = -0.00573223
bram[24] = 0
Sum of coefficients: 0.117811
INFO: [SIM 211-1] CSim done with 0 errors.
INFO: [SIM 211-3] *************** CSIM finish ***************
INFO: [HLS 200-112] Total CPU user time: 2 seconds. Total CPU system time: 1 seconds. Total elapsed time: 19.78 seconds; peak allocated memory: 247.473 MB.
INFO: [vitis-run 60-791] Total elapsed time: 0h 0m 24s
