INFO: [v++ 60-1548] Creating build summary session with primary output F:/Motor-Simulator/HLS/Audio-Filtering/Audio-Filtering\Audio-Filtering.hlscompile_summary, at 03/11/26 17:49:33
INFO: [v++ 82-31] Launching vitis_hls: vitis_hls -nolog -run csynth -work_dir F:/Motor-Simulator/HLS/Audio-Filtering/Audio-Filtering -config F:/Motor-Simulator/HLS/Audio-Filtering/hls_config.cfg -cmdlineconfig F:/Motor-Simulator/HLS/Audio-Filtering/Audio-Filtering/hls/config.cmdline

****** Vitis HLS - High-Level Synthesis from C, C++ and OpenCL v2024.1 (64-bit)
  **** SW Build 5069499 on May 21 2024
  **** IP Build 5075265 on Wed May 22 21:45:21 MDT 2024
  **** SharedData Build 5076995 on Wed May 22 18:29:18 MDT 2024
  **** Start of session at: Wed Mar 11 17:49:35 2026
    ** Copyright 1986-2022 Xilinx, Inc. All Rights Reserved.
    ** Copyright 2022-2024 Advanced Micro Devices, Inc. All Rights Reserved.

source C:/Xilinx/Vitis_HLS/2024.1/scripts/vitis_hls/hls.tcl -notrace
INFO: [HLS 200-10] For user 'langweil.m' on host 'wfxa4bb6dbb67af.nunet.neu.edu' (Windows NT_amd64 version 10.0) on Wed Mar 11 17:49:35 -0400 2026
INFO: [HLS 200-10] In directory 'F:/Motor-Simulator/HLS/Audio-Filtering'
INFO: [HLS 200-2005] Using work_dir F:/Motor-Simulator/HLS/Audio-Filtering/Audio-Filtering 
INFO: [HLS 200-1505] Using default flow_target 'vivado'
Resolution: For help on HLS 200-1505 see docs.xilinx.com/access/sources/dita/topic?Doc_Version=2024.1%20English&url=ug1448-hls-guidance&resourceid=200-1505.html
INFO: [HLS 200-1465] Applying ini 'syn.file=Fir-Filter.cpp' from F:/Motor-Simulator/HLS/Audio-Filtering/hls_config.cfg(8)
INFO: [HLS 200-10] Adding design file 'F:/Motor-Simulator/HLS/Audio-Filtering/Fir-Filter.cpp' to the project
INFO: [HLS 200-1465] Applying ini 'syn.file=Fir-Filter.h' from F:/Motor-Simulator/HLS/Audio-Filtering/hls_config.cfg(9)
INFO: [HLS 200-10] Adding design file 'F:/Motor-Simulator/HLS/Audio-Filtering/Fir-Filter.h' to the project
INFO: [HLS 200-1465] Applying ini 'syn.file=Coefficients.h' from F:/Motor-Simulator/HLS/Audio-Filtering/hls_config.cfg(10)
INFO: [HLS 200-10] Adding design file 'F:/Motor-Simulator/HLS/Audio-Filtering/Coefficients.h' to the project
INFO: [HLS 200-1465] Applying ini 'syn.file=Coefficients.cpp' from F:/Motor-Simulator/HLS/Audio-Filtering/hls_config.cfg(11)
INFO: [HLS 200-10] Adding design file 'F:/Motor-Simulator/HLS/Audio-Filtering/Coefficients.cpp' to the project
INFO: [HLS 200-1465] Applying ini 'syn.top=calculateCoefficients' from F:/Motor-Simulator/HLS/Audio-Filtering/hls_config.cfg(7)
INFO: [HLS 200-1465] Applying ini 'flow_target=vivado' from F:/Motor-Simulator/HLS/Audio-Filtering/hls_config.cfg(4)
INFO: [HLS 200-1505] Using flow_target 'vivado'
Resolution: For help on HLS 200-1505 see docs.xilinx.com/access/sources/dita/topic?Doc_Version=2024.1%20English&url=ug1448-hls-guidance&resourceid=200-1505.html
INFO: [HLS 200-1465] Applying ini 'part=xczu3eg-sfvc784-2-e' from F:/Motor-Simulator/HLS/Audio-Filtering/hls_config.cfg(1)
INFO: [HLS 200-1611] Setting target device to 'xczu3eg-sfvc784-2-e'
INFO: [HLS 200-1465] Applying ini 'package.output.format=ip_catalog' from F:/Motor-Simulator/HLS/Audio-Filtering/hls_config.cfg(5)
INFO: [HLS 200-111] Finished File checks and directory preparation: CPU user time: 3 seconds. CPU system time: 1 seconds. Elapsed time: 8.126 seconds; current allocated memory: 245.668 MB.
INFO: [HLS 200-10] Analyzing design file 'Coefficients.cpp' ... 
INFO: [HLS 200-10] Analyzing design file 'Fir-Filter.cpp' ... 
INFO: [HLS 200-111] Finished Source Code Analysis and Preprocessing: CPU user time: 0 seconds. CPU system time: 1 seconds. Elapsed time: 31.636 seconds; current allocated memory: 252.703 MB.
INFO: [HLS 200-777] Using interface defaults for 'Vivado' flow target.
INFO: [HLS 200-1995] There were 30 instructions in the design after the 'Compile/Link' phase of compilation. See the Design Size Report for more details: F:/Motor-Simulator/HLS/Audio-Filtering/Audio-Filtering/hls/syn/report/csynth_design_size.rpt
INFO: [HLS 200-1995] There were 17 instructions in the design after the 'Unroll/Inline (step 1)' phase of compilation. See the Design Size Report for more details: F:/Motor-Simulator/HLS/Audio-Filtering/Audio-Filtering/hls/syn/report/csynth_design_size.rpt
INFO: [HLS 200-1995] There were 15 instructions in the design after the 'Unroll/Inline (step 2)' phase of compilation. See the Design Size Report for more details: F:/Motor-Simulator/HLS/Audio-Filtering/Audio-Filtering/hls/syn/report/csynth_design_size.rpt
INFO: [HLS 200-1995] There were 16 instructions in the design after the 'Unroll/Inline (step 3)' phase of compilation. See the Design Size Report for more details: F:/Motor-Simulator/HLS/Audio-Filtering/Audio-Filtering/hls/syn/report/csynth_design_size.rpt
INFO: [HLS 200-1995] There were 16 instructions in the design after the 'Unroll/Inline (step 4)' phase of compilation. See the Design Size Report for more details: F:/Motor-Simulator/HLS/Audio-Filtering/Audio-Filtering/hls/syn/report/csynth_design_size.rpt
INFO: [HLS 200-1995] There were 16 instructions in the design after the 'Array/Struct (step 1)' phase of compilation. See the Design Size Report for more details: F:/Motor-Simulator/HLS/Audio-Filtering/Audio-Filtering/hls/syn/report/csynth_design_size.rpt
INFO: [HLS 200-1995] There were 16 instructions in the design after the 'Array/Struct (step 2)' phase of compilation. See the Design Size Report for more details: F:/Motor-Simulator/HLS/Audio-Filtering/Audio-Filtering/hls/syn/report/csynth_design_size.rpt
INFO: [HLS 200-1995] There were 16 instructions in the design after the 'Array/Struct (step 3)' phase of compilation. See the Design Size Report for more details: F:/Motor-Simulator/HLS/Audio-Filtering/Audio-Filtering/hls/syn/report/csynth_design_size.rpt
INFO: [HLS 200-1995] There were 16 instructions in the design after the 'Array/Struct (step 4)' phase of compilation. See the Design Size Report for more details: F:/Motor-Simulator/HLS/Audio-Filtering/Audio-Filtering/hls/syn/report/csynth_design_size.rpt
INFO: [HLS 200-1995] There were 17 instructions in the design after the 'Array/Struct (step 5)' phase of compilation. See the Design Size Report for more details: F:/Motor-Simulator/HLS/Audio-Filtering/Audio-Filtering/hls/syn/report/csynth_design_size.rpt
INFO: [HLS 200-1995] There were 17 instructions in the design after the 'Performance (step 1)' phase of compilation. See the Design Size Report for more details: F:/Motor-Simulator/HLS/Audio-Filtering/Audio-Filtering/hls/syn/report/csynth_design_size.rpt
INFO: [HLS 200-1995] There were 17 instructions in the design after the 'Performance (step 2)' phase of compilation. See the Design Size Report for more details: F:/Motor-Simulator/HLS/Audio-Filtering/Audio-Filtering/hls/syn/report/csynth_design_size.rpt
INFO: [HLS 200-1995] There were 17 instructions in the design after the 'Performance (step 3)' phase of compilation. See the Design Size Report for more details: F:/Motor-Simulator/HLS/Audio-Filtering/Audio-Filtering/hls/syn/report/csynth_design_size.rpt
INFO: [HLS 200-1995] There were 17 instructions in the design after the 'Performance (step 4)' phase of compilation. See the Design Size Report for more details: F:/Motor-Simulator/HLS/Audio-Filtering/Audio-Filtering/hls/syn/report/csynth_design_size.rpt
INFO: [HLS 200-1995] There were 28 instructions in the design after the 'HW Transforms (step 1)' phase of compilation. See the Design Size Report for more details: F:/Motor-Simulator/HLS/Audio-Filtering/Audio-Filtering/hls/syn/report/csynth_design_size.rpt
INFO: [HLS 200-1995] There were 33 instructions in the design after the 'HW Transforms (step 2)' phase of compilation. See the Design Size Report for more details: F:/Motor-Simulator/HLS/Audio-Filtering/Audio-Filtering/hls/syn/report/csynth_design_size.rpt
WARNING: [HLS 214-386] A depth specification is required for MAXI interface port 'bram' for cosimulation. (Coefficients.cpp:6:0)
INFO: [HLS 214-376] automatically set the pipeline for Loop< VITIS_LOOP_21_1> at Coefficients.cpp:21:20 
INFO: [HLS 214-115] Multiple burst writes of length 24 and bit width 32 in loop 'VITIS_LOOP_21_1'(Coefficients.cpp:21:20) has been inferred on bundle 'gmem'. These burst requests might be further partitioned into multiple requests during RTL generation, based on max_read_burst_length or max_write_burst_length settings. (Coefficients.cpp:21:20)
INFO: [HLS 200-111] Finished Compiling Optimization and Transform: CPU user time: 1 seconds. CPU system time: 0 seconds. Elapsed time: 10.168 seconds; current allocated memory: 253.879 MB.
INFO: [HLS 200-111] Finished Checking Pragmas: CPU user time: 0 seconds. CPU system time: 0 seconds. Elapsed time: 0.008 seconds; current allocated memory: 253.879 MB.
INFO: [HLS 200-10] Starting code transformations ...
INFO: [HLS 200-111] Finished Standard Transforms: CPU user time: 0 seconds. CPU system time: 0 seconds. Elapsed time: 0.202 seconds; current allocated memory: 259.262 MB.
INFO: [HLS 200-10] Checking synthesizability ...
INFO: [HLS 200-111] Finished Checking Synthesizability: CPU user time: 0 seconds. CPU system time: 0 seconds. Elapsed time: 0.164 seconds; current allocated memory: 261.793 MB.
INFO: [HLS 200-111] Finished Loop, function and other optimizations: CPU user time: 0 seconds. CPU system time: 0 seconds. Elapsed time: 0.158 seconds; current allocated memory: 283.648 MB.
INFO: [HLS 200-111] Finished Architecture Synthesis: CPU user time: 0 seconds. CPU system time: 0 seconds. Elapsed time: 0.173 seconds; current allocated memory: 283.824 MB.
INFO: [HLS 200-10] Starting hardware synthesis ...
INFO: [HLS 200-10] Synthesizing 'calculateCoefficients' ...
INFO: [SYN 201-201] Setting up clock 'default' with a period of 10ns.
INFO: [HLS 200-10] ----------------------------------------------------------------
INFO: [HLS 200-42] -- Implementing module 'calculateCoefficients' 
INFO: [HLS 200-10] ----------------------------------------------------------------
INFO: [SCHED 204-11] Starting scheduling ...
INFO: [SCHED 204-61] Pipelining loop 'VITIS_LOOP_21_1'.
INFO: [HLS 200-1470] Pipelining result : Target II = NA, Final II = 1, Depth = 10, loop 'VITIS_LOOP_21_1'
INFO: [SCHED 204-11] Finished scheduling.
INFO: [HLS 200-111] Finished Scheduling: CPU user time: 0 seconds. CPU system time: 0 seconds. Elapsed time: 0.88 seconds; current allocated memory: 283.824 MB.
INFO: [BIND 205-100] Starting micro-architecture generation ...
INFO: [BIND 205-101] Performing variable lifetime analysis.
INFO: [BIND 205-101] Exploring resource sharing.
INFO: [BIND 205-101] Binding ...
INFO: [BIND 205-100] Finished micro-architecture generation.
INFO: [HLS 200-111] Finished Binding: CPU user time: 0 seconds. CPU system time: 0 seconds. Elapsed time: 0.533 seconds; current allocated memory: 283.910 MB.
INFO: [HLS 200-10] ----------------------------------------------------------------
INFO: [HLS 200-10] -- Generating RTL for module 'calculateCoefficients' 
INFO: [HLS 200-10] ----------------------------------------------------------------
WARNING: [RTGEN 206-101] Design contains AXI ports. Reset is fixed to synchronous and active low.
INFO: [RTGEN 206-500] Setting interface mode on port 'calculateCoefficients/gmem' to 'm_axi'.
INFO: [RTGEN 206-500] Setting interface mode on port 'calculateCoefficients/lowerCutoff' to 's_axilite & ap_none'.
INFO: [RTGEN 206-500] Setting interface mode on port 'calculateCoefficients/upperCutoff' to 's_axilite & ap_none'.
INFO: [RTGEN 206-500] Setting interface mode on port 'calculateCoefficients/samplingRate' to 's_axilite & ap_none'.
INFO: [RTGEN 206-500] Setting interface mode on port 'calculateCoefficients/bram' to 's_axilite & ap_none'.
INFO: [RTGEN 206-500] Setting interface mode on function 'calculateCoefficients' to 'ap_ctrl_none'.
INFO: [HLS 200-1030] Apply Unified Pipeline Control on module 'calculateCoefficients' pipeline 'VITIS_LOOP_21_1' pipeline type 'loop pipeline'
INFO: [RTGEN 206-100] Bundling port 'lowerCutoff', 'upperCutoff', 'samplingRate' and 'bram' to AXI-Lite port control.
INFO: [RTGEN 206-100] Generating core module 'sitofp_32ns_32_4_no_dsp_1': 1 instance(s).
INFO: [RTGEN 206-100] Finished creating RTL model for 'calculateCoefficients'.
INFO: [HLS 200-111] Finished Creating RTL model: CPU user time: 0 seconds. CPU system time: 0 seconds. Elapsed time: 1.546 seconds; current allocated memory: 286.094 MB.
INFO: [HLS 200-111] Finished Generating all RTL models: CPU user time: 0 seconds. CPU system time: 1 seconds. Elapsed time: 4.731 seconds; current allocated memory: 288.797 MB.
INFO: [HLS 200-1603] Design has inferred MAXI bursts and missed bursts, see Vitis HLS GUI synthesis summary report for detailed information.
INFO: [HLS 200-111] Finished Updating report files: CPU user time: 1 seconds. CPU system time: 1 seconds. Elapsed time: 2.69 seconds; current allocated memory: 293.258 MB.
INFO: [VHDL 208-304] Generating VHDL RTL for calculateCoefficients.
INFO: [VLOG 209-307] Generating Verilog RTL for calculateCoefficients.
INFO: [HLS 200-790] **** Loop Constraint Status: All loop constraints were satisfied.
INFO: [HLS 200-789] **** Estimated Fmax: 136.99 MHz
INFO: [HLS 200-112] Total CPU user time: 5 seconds. Total CPU system time: 4 seconds. Total elapsed time: 62.471 seconds; peak allocated memory: 293.305 MB.
INFO: [v++ 60-791] Total elapsed time: 0h 1m 7s
