INFO: [v++ 60-1548] Creating build summary session with primary output C:/Temp/mlangweil/Motor-Simulator/HLS/Audio-Filtering/Audio-Filtering\Audio-Filtering.hlscompile_summary, at 02/23/26 19:15:05
INFO: [v++ 82-31] Launching vitis_hls: vitis_hls -nolog -run csynth -work_dir C:/Temp/mlangweil/Motor-Simulator/HLS/Audio-Filtering/Audio-Filtering -config C:/TEMP/mlangweil/Motor-Simulator/HLS/Audio-Filtering/hls_config.cfg -cmdlineconfig C:/Temp/mlangweil/Motor-Simulator/HLS/Audio-Filtering/Audio-Filtering/hls/config.cmdline
INFO: [HLS 200-10] For user 'mlangweil' on host 'xilinx11-005.wincoe.coe.neu.edu' (Windows NT_amd64 version 10.0) on Mon Feb 23 19:15:12 -0500 2026
INFO: [HLS 200-10] In directory 'C:/Temp/mlangweil/Motor-Simulator/HLS/Audio-Filtering'
INFO: [HLS 200-2005] Using work_dir C:/Temp/mlangweil/Motor-Simulator/HLS/Audio-Filtering/Audio-Filtering 
INFO: [HLS 200-1505] Using default flow_target 'vivado'
Resolution: For help on HLS 200-1505 see docs.xilinx.com/access/sources/dita/topic?Doc_Version=2024.1%20English&url=ug1448-hls-guidance&resourceid=200-1505.html
INFO: [HLS 200-1465] Applying ini 'syn.file=Fir-Filter.cpp' from C:/Temp/mlangweil/Motor-Simulator/HLS/Audio-Filtering/hls_config.cfg(7)
INFO: [HLS 200-10] Adding design file 'C:/Temp/mlangweil/Motor-Simulator/HLS/Audio-Filtering/Fir-Filter.cpp' to the project
INFO: [HLS 200-1465] Applying ini 'syn.file=Fir-Filter.h' from C:/Temp/mlangweil/Motor-Simulator/HLS/Audio-Filtering/hls_config.cfg(8)
INFO: [HLS 200-10] Adding design file 'C:/Temp/mlangweil/Motor-Simulator/HLS/Audio-Filtering/Fir-Filter.h' to the project
INFO: [HLS 200-1465] Applying ini 'syn.file=Coefficients.h' from C:/Temp/mlangweil/Motor-Simulator/HLS/Audio-Filtering/hls_config.cfg(9)
INFO: [HLS 200-10] Adding design file 'C:/Temp/mlangweil/Motor-Simulator/HLS/Audio-Filtering/Coefficients.h' to the project
INFO: [HLS 200-1465] Applying ini 'syn.file=Coefficients.cpp' from C:/Temp/mlangweil/Motor-Simulator/HLS/Audio-Filtering/hls_config.cfg(10)
INFO: [HLS 200-10] Adding design file 'C:/Temp/mlangweil/Motor-Simulator/HLS/Audio-Filtering/Coefficients.cpp' to the project
INFO: [HLS 200-1465] Applying ini 'syn.file=Config.cpp' from C:/Temp/mlangweil/Motor-Simulator/HLS/Audio-Filtering/hls_config.cfg(11)
INFO: [HLS 200-10] Adding design file 'C:/Temp/mlangweil/Motor-Simulator/HLS/Audio-Filtering/Config.cpp' to the project
INFO: [HLS 200-1465] Applying ini 'syn.top=calculateCoefficients' from C:/Temp/mlangweil/Motor-Simulator/HLS/Audio-Filtering/hls_config.cfg(12)
INFO: [HLS 200-1465] Applying ini 'flow_target=vivado' from C:/Temp/mlangweil/Motor-Simulator/HLS/Audio-Filtering/hls_config.cfg(4)
INFO: [HLS 200-1505] Using flow_target 'vivado'
Resolution: For help on HLS 200-1505 see docs.xilinx.com/access/sources/dita/topic?Doc_Version=2024.1%20English&url=ug1448-hls-guidance&resourceid=200-1505.html
INFO: [HLS 200-1465] Applying ini 'part=xczu3eg-sfvc784-2-e' from C:/Temp/mlangweil/Motor-Simulator/HLS/Audio-Filtering/hls_config.cfg(1)
INFO: [HLS 200-1611] Setting target device to 'xczu3eg-sfvc784-2-e'
INFO: [HLS 200-1465] Applying ini 'package.output.format=ip_catalog' from C:/Temp/mlangweil/Motor-Simulator/HLS/Audio-Filtering/hls_config.cfg(5)
INFO: [HLS 200-111] Finished File checks and directory preparation: CPU user time: 6 seconds. CPU system time: 2 seconds. Elapsed time: 8.187 seconds; current allocated memory: 245.645 MB.
INFO: [HLS 200-10] Analyzing design file 'Config.cpp' ... 
INFO: [HLS 200-10] Analyzing design file 'Coefficients.cpp' ... 
INFO: [HLS 200-10] Analyzing design file 'Fir-Filter.cpp' ... 
INFO: [HLS 200-111] Finished Source Code Analysis and Preprocessing: CPU user time: 2 seconds. CPU system time: 0 seconds. Elapsed time: 70.85 seconds; current allocated memory: 252.895 MB.
INFO: [HLS 200-777] Using interface defaults for 'Vivado' flow target.
INFO: [HLS 200-1995] There were 20,559 instructions in the design after the 'Compile/Link' phase of compilation. See the Design Size Report for more details: C:/Temp/mlangweil/Motor-Simulator/HLS/Audio-Filtering/Audio-Filtering/hls/syn/report/csynth_design_size.rpt
INFO: [HLS 200-1995] There were 1,593 instructions in the design after the 'Unroll/Inline (step 1)' phase of compilation. See the Design Size Report for more details: C:/Temp/mlangweil/Motor-Simulator/HLS/Audio-Filtering/Audio-Filtering/hls/syn/report/csynth_design_size.rpt
INFO: [HLS 200-1995] There were 977 instructions in the design after the 'Unroll/Inline (step 2)' phase of compilation. See the Design Size Report for more details: C:/Temp/mlangweil/Motor-Simulator/HLS/Audio-Filtering/Audio-Filtering/hls/syn/report/csynth_design_size.rpt
INFO: [HLS 200-1995] There were 892 instructions in the design after the 'Unroll/Inline (step 3)' phase of compilation. See the Design Size Report for more details: C:/Temp/mlangweil/Motor-Simulator/HLS/Audio-Filtering/Audio-Filtering/hls/syn/report/csynth_design_size.rpt
INFO: [HLS 200-1995] There were 602 instructions in the design after the 'Unroll/Inline (step 4)' phase of compilation. See the Design Size Report for more details: C:/Temp/mlangweil/Motor-Simulator/HLS/Audio-Filtering/Audio-Filtering/hls/syn/report/csynth_design_size.rpt
INFO: [HLS 200-1995] There were 688 instructions in the design after the 'Array/Struct (step 1)' phase of compilation. See the Design Size Report for more details: C:/Temp/mlangweil/Motor-Simulator/HLS/Audio-Filtering/Audio-Filtering/hls/syn/report/csynth_design_size.rpt
INFO: [HLS 200-1995] There were 580 instructions in the design after the 'Array/Struct (step 2)' phase of compilation. See the Design Size Report for more details: C:/Temp/mlangweil/Motor-Simulator/HLS/Audio-Filtering/Audio-Filtering/hls/syn/report/csynth_design_size.rpt
INFO: [HLS 200-1995] There were 580 instructions in the design after the 'Array/Struct (step 3)' phase of compilation. See the Design Size Report for more details: C:/Temp/mlangweil/Motor-Simulator/HLS/Audio-Filtering/Audio-Filtering/hls/syn/report/csynth_design_size.rpt
INFO: [HLS 200-1995] There were 580 instructions in the design after the 'Array/Struct (step 4)' phase of compilation. See the Design Size Report for more details: C:/Temp/mlangweil/Motor-Simulator/HLS/Audio-Filtering/Audio-Filtering/hls/syn/report/csynth_design_size.rpt
INFO: [HLS 200-1995] There were 660 instructions in the design after the 'Array/Struct (step 5)' phase of compilation. See the Design Size Report for more details: C:/Temp/mlangweil/Motor-Simulator/HLS/Audio-Filtering/Audio-Filtering/hls/syn/report/csynth_design_size.rpt
INFO: [HLS 200-1995] There were 644 instructions in the design after the 'Performance (step 1)' phase of compilation. See the Design Size Report for more details: C:/Temp/mlangweil/Motor-Simulator/HLS/Audio-Filtering/Audio-Filtering/hls/syn/report/csynth_design_size.rpt
INFO: [HLS 200-1995] There were 1,900 instructions in the design after the 'Performance (step 2)' phase of compilation. See the Design Size Report for more details: C:/Temp/mlangweil/Motor-Simulator/HLS/Audio-Filtering/Audio-Filtering/hls/syn/report/csynth_design_size.rpt
INFO: [HLS 200-1995] There were 1,885 instructions in the design after the 'Performance (step 3)' phase of compilation. See the Design Size Report for more details: C:/Temp/mlangweil/Motor-Simulator/HLS/Audio-Filtering/Audio-Filtering/hls/syn/report/csynth_design_size.rpt
INFO: [HLS 200-1995] There were 1,813 instructions in the design after the 'Performance (step 4)' phase of compilation. See the Design Size Report for more details: C:/Temp/mlangweil/Motor-Simulator/HLS/Audio-Filtering/Audio-Filtering/hls/syn/report/csynth_design_size.rpt
INFO: [HLS 200-1995] There were 1,707 instructions in the design after the 'HW Transforms (step 1)' phase of compilation. See the Design Size Report for more details: C:/Temp/mlangweil/Motor-Simulator/HLS/Audio-Filtering/Audio-Filtering/hls/syn/report/csynth_design_size.rpt
INFO: [HLS 200-1995] There were 1,627 instructions in the design after the 'HW Transforms (step 2)' phase of compilation. See the Design Size Report for more details: C:/Temp/mlangweil/Motor-Simulator/HLS/Audio-Filtering/Audio-Filtering/hls/syn/report/csynth_design_size.rpt
INFO: [HLS 214-178] Inlining function 'fp_struct<float>::fp_struct(float)' into 'void range_redux_payne_hanek_hotbm<29, float, 29, 29>(float, ap_uint<3>&, ap_ufixed<29, 0, (ap_q_mode)5, (ap_o_mode)3, 0>&, ap_ufixed<29, 0, (ap_q_mode)5, (ap_o_mode)3, 0>&, ap_int<fp_struct<float>::EXP_BITS>&)' (C:\scratch\2024.1\hls_product\545\2024.1\src\shared\hls\clib/hlsmath/include/FloatingPoint/hls_range_redux.h:437:0)
INFO: [HLS 214-178] Inlining function 'fp_struct<float>::expv() const' into 'void range_redux_payne_hanek_hotbm<29, float, 29, 29>(float, ap_uint<3>&, ap_ufixed<29, 0, (ap_q_mode)5, (ap_o_mode)3, 0>&, ap_ufixed<29, 0, (ap_q_mode)5, (ap_o_mode)3, 0>&, ap_int<fp_struct<float>::EXP_BITS>&)' (C:\scratch\2024.1\hls_product\545\2024.1\src\shared\hls\clib/hlsmath/include/FloatingPoint/hls_range_redux.h:437:0)
INFO: [HLS 214-178] Inlining function 'ap_uint<(((2) * ((23) + (1))) + (29)) + (3)> table_lookup_4oPi_hotbm<23, 29>(int, float)' into 'void range_redux_payne_hanek_hotbm<29, float, 29, 29>(float, ap_uint<3>&, ap_ufixed<29, 0, (ap_q_mode)5, (ap_o_mode)3, 0>&, ap_ufixed<29, 0, (ap_q_mode)5, (ap_o_mode)3, 0>&, ap_int<fp_struct<float>::EXP_BITS>&)' (C:\scratch\2024.1\hls_product\545\2024.1\src\shared\hls\clib/hlsmath/include/FloatingPoint/hls_range_redux.h:437:0)
INFO: [HLS 214-178] Inlining function 'unsigned int clz<29, 58, 0>(ap_ufixed<58, 0, (ap_q_mode)5, (ap_o_mode)3, 0>)' into 'void range_redux_payne_hanek_hotbm<29, float, 29, 29>(float, ap_uint<3>&, ap_ufixed<29, 0, (ap_q_mode)5, (ap_o_mode)3, 0>&, ap_ufixed<29, 0, (ap_q_mode)5, (ap_o_mode)3, 0>&, ap_int<fp_struct<float>::EXP_BITS>&)' (C:\scratch\2024.1\hls_product\545\2024.1\src\shared\hls\clib/hlsmath/include/FloatingPoint/hls_range_redux.h:437:0)
INFO: [HLS 214-178] Inlining function 'fp_struct<float>::data() const (.47.56.67.76)' into 'fp_struct<float>::to_float() const (.44.53.64.73)' (C:\scratch\2024.1\hls_product\545\2024.1\src\shared\hls\clib/src/hls\utils/x_hls_utils.h:322:0)
INFO: [HLS 214-178] Inlining function 'fp_struct<float>::to_float() const (.44.53.64.73)' into 'fp_struct<float>::to_ieee() const' (C:\scratch\2024.1\hls_product\545\2024.1\src\shared\hls\clib/src/hls\utils/x_hls_utils.h:346:0)
INFO: [HLS 214-178] Inlining function 'clz(int)' into 'void scaled_fixed2ieee<29, 1>(ap_ufixed<29, 1, (ap_q_mode)5, (ap_o_mode)3, 0>, float&, int)' (C:\scratch\2024.1\hls_product\545\2024.1\src\shared\hls\clib/src/hls\utils/x_hls_float_utils.h:257:0)
INFO: [HLS 214-178] Inlining function 'fp_struct<float>::set_mantissa(ap_ufixed<24, 1, (ap_q_mode)5, (ap_o_mode)3, 0>)' into 'void scaled_fixed2ieee<29, 1>(ap_ufixed<29, 1, (ap_q_mode)5, (ap_o_mode)3, 0>, float&, int)' (C:\scratch\2024.1\hls_product\545\2024.1\src\shared\hls\clib/src/hls\utils/x_hls_float_utils.h:257:0)
INFO: [HLS 214-178] Inlining function 'fp_struct<float>::to_ieee() const' into 'void scaled_fixed2ieee<29, 1>(ap_ufixed<29, 1, (ap_q_mode)5, (ap_o_mode)3, 0>, float&, int)' (C:\scratch\2024.1\hls_product\545\2024.1\src\shared\hls\clib/src/hls\utils/x_hls_float_utils.h:257:0)
INFO: [HLS 214-178] Inlining function 'fp_struct<float>::fp_struct(float)' into 'float hotbm_::sin_or_cos<float>(float, bool, bool)' (C:\scratch\2024.1\hls_product\545\2024.1\src\shared\hls\clib/hlsmath/include/FloatingPoint\hls_hotbm.h:210:0)
INFO: [HLS 214-178] Inlining function 'void range_redux_payne_hanek_hotbm<29, float, 29, 29>(float, ap_uint<3>&, ap_ufixed<29, 0, (ap_q_mode)5, (ap_o_mode)3, 0>&, ap_ufixed<29, 0, (ap_q_mode)5, (ap_o_mode)3, 0>&, ap_int<fp_struct<float>::EXP_BITS>&)' into 'float hotbm_::sin_or_cos<float>(float, bool, bool)' (C:\scratch\2024.1\hls_product\545\2024.1\src\shared\hls\clib/hlsmath/include/FloatingPoint\hls_hotbm.h:210:0)
INFO: [HLS 214-178] Inlining function 'ap_ufixed<29, 1, (ap_q_mode)5, (ap_o_mode)3, 0> hotbm_::value_list<float>::sin_or_cos_approximation<29, 29>(bool, ap_uint<3>&, ap_ufixed<29, 0, (ap_q_mode)5, (ap_o_mode)3, 0>&, ap_ufixed<29, 0, (ap_q_mode)5, (ap_o_mode)3, 0>&, ap_int<8>&)' into 'float hotbm_::sin_or_cos<float>(float, bool, bool)' (C:\scratch\2024.1\hls_product\545\2024.1\src\shared\hls\clib/hlsmath/include/FloatingPoint\hls_hotbm.h:210:0)
INFO: [HLS 214-178] Inlining function 'void scaled_fixed2ieee<29, 1>(ap_ufixed<29, 1, (ap_q_mode)5, (ap_o_mode)3, 0>, float&, int)' into 'float hotbm_::sin_or_cos<float>(float, bool, bool)' (C:\scratch\2024.1\hls_product\545\2024.1\src\shared\hls\clib/hlsmath/include/FloatingPoint\hls_hotbm.h:210:0)
INFO: [HLS 214-178] Inlining function 'fp_struct<float>::to_ieee() const' into 'float hotbm_::sin_or_cos<float>(float, bool, bool)' (C:\scratch\2024.1\hls_product\545\2024.1\src\shared\hls\clib/hlsmath/include/FloatingPoint\hls_hotbm.h:210:0)
INFO: [HLS 214-178] Inlining function 'hotbm_::sin(float)' into 'sinf' (C:\scratch\2024.1\hls_product\545\2024.1\src\shared\hls\clib\hlsmath\src\c\sincosfloat.cpp:7:0)
INFO: [HLS 214-178] Inlining function 'sinf' into 'std::sin(float)' (C:/Xilinx/Vitis_HLS/2024.1/tps/mingw/8.3.0/win64.o/nt\lib\gcc\x86_64-w64-mingw32\8.3.0\include\c++\cmath:426:0)
INFO: [HLS 214-178] Inlining function 'std::sin(float)' into 'calculateCoefficients(int, int, float, hls::stream<hls::axis<ap_int<32>, 2ul, 5ul, 6ul, (unsigned char)56, false>, 0>&)' (Config.cpp:6:0)
INFO: [HLS 214-248] Applying array_partition to '_ZZN6hotbm_10value_listIfE24sin_or_cos_approximationILi29ELi29EEE9ap_ufixedIXT_ELi1EL9ap_q_mode5EL9ap_o_mode3ELi0EEbR7ap_uintILi3EERS3_IXT_ELi0ELS4_5ELS5_3ELi0EERS3_IXT0_ELi0ELS4_5ELS5_3ELi0EER6ap_intILi8EEE10swap_table': Complete partitioning on dimension 1. (C:\scratch\2024.1\hls_product\545\2024.1\src\shared\hls\clib\hlsmath\src\common\hls_hotbm_float.cpp:14:0)
INFO: [HLS 214-248] Applying array_partition to '_ZZN6hotbm_10sin_or_cosIfEET_S1_bbE13neg_cos_table': Complete partitioning on dimension 1. (C:\scratch\2024.1\hls_product\545\2024.1\src\shared\hls\clib/hlsmath/include/FloatingPoint\hls_hotbm.h:217:0)
INFO: [HLS 214-248] Applying array_partition to '_ZZN6hotbm_10sin_or_cosIfEET_S1_bbE13neg_sin_table': Complete partitioning on dimension 1. (C:\scratch\2024.1\hls_product\545\2024.1\src\shared\hls\clib/hlsmath/include/FloatingPoint\hls_hotbm.h:216:0)
INFO: [HLS 214-248] Applying array_partition to '_ZZN6hotbm_10sin_or_cosIfEET_S1_bbE10swap_table': Complete partitioning on dimension 1. (C:\scratch\2024.1\hls_product\545\2024.1\src\shared\hls\clib/hlsmath/include/FloatingPoint\hls_hotbm.h:215:0)
WARNING: [HLS 214-358] Array transformation on index using bit extension logic may lead to poor performance. Please use int or long for array index computation to benefit from optimizations. (C:\scratch\2024.1\hls_product\545\2024.1\src\shared\hls\clib/hlsmath/include/FloatingPoint\hls_hotbm.h:242:45)
WARNING: [HLS 214-358] Array transformation on index using bit extension logic may lead to poor performance. Please use int or long for array index computation to benefit from optimizations. (C:\scratch\2024.1\hls_product\545\2024.1\src\shared\hls\clib\hlsmath\src\common\hls_hotbm_float.cpp:25:67)
WARNING: [HLS 214-358] Array transformation on index using bit extension logic may lead to poor performance. Please use int or long for array index computation to benefit from optimizations. (C:\scratch\2024.1\hls_product\545\2024.1\src\shared\hls\clib/hlsmath/include/FloatingPoint\hls_hotbm.h:267:8)
INFO: [HLS 214-376] automatically set the pipeline for Loop< unknown> at C:\scratch\2024.1\hls_product\545\2024.1\src\shared\hls\clib/src/hls\utils/x_hls_float_utils.h:289:5 
INFO: [HLS 214-376] automatically set the pipeline for Loop< unknown> at C:\scratch\2024.1\hls_product\545\2024.1\src\shared\hls\clib/src/hls\utils/x_hls_float_utils.h:282:5 
INFO: [HLS 214-376] automatically set the pipeline for Loop< unknown> at C:\scratch\2024.1\hls_product\545\2024.1\src\shared\hls\clib/src/hls\utils/x_hls_float_utils.h:268:41 
INFO: [HLS 214-376] automatically set the pipeline for Loop< VITIS_LOOP_23_2> at Config.cpp:23:20 
INFO: [HLS 214-291] Loop 'VITIS_LOOP_24_3' is marked as complete unroll implied by the pipeline pragma (Config.cpp:24:22)
INFO: [HLS 214-186] Unrolling loop 'VITIS_LOOP_24_3' (Config.cpp:24:22) in function 'calculateCoefficients' completely with a factor of 24 (Config.cpp:6:0)
INFO: [HLS 214-421] Automatically partitioning small array 'out_bits' completely based on array size. (C:\scratch\2024.1\hls_product\545\2024.1\src\shared\hls\clib/src/hls\utils/x_hls_float_utils.h:268:17)
INFO: [HLS 214-421] Automatically partitioning small array 'c' completely based on array size. (C:\scratch\2024.1\hls_product\545\2024.1\src\shared\hls\clib/src/hls\utils/x_hls_float_utils.h:281:9)
INFO: [HLS 214-270] Inferring pragma 'array_partition type=complete dim=1' for array 'coefs' due to pipeline pragma (Config.cpp:12:8)
INFO: [HLS 214-270] Inferring pragma 'array_partition type=complete dim=1' for array 'out_bits.i' due to pipeline pragma (C:\scratch\2024.1\hls_product\545\2024.1\src\shared\hls\clib/src/hls\utils/x_hls_float_utils.h:268:17)
INFO: [HLS 214-270] Inferring pragma 'array_partition type=complete dim=1' for array 'c.i' due to pipeline pragma (C:\scratch\2024.1\hls_product\545\2024.1\src\shared\hls\clib/src/hls\utils/x_hls_float_utils.h:281:9)
INFO: [HLS 214-248] Applying array_partition to 'out_bits.i': Complete partitioning on dimension 1. (C:\scratch\2024.1\hls_product\545\2024.1\src\shared\hls\clib/src/hls\utils/x_hls_float_utils.h:268:17)
INFO: [HLS 214-248] Applying array_partition to 'c.i': Complete partitioning on dimension 1. (C:\scratch\2024.1\hls_product\545\2024.1\src\shared\hls\clib/src/hls\utils/x_hls_float_utils.h:281:9)
INFO: [HLS 214-248] Applying array_partition to 'coefs': Complete partitioning on dimension 1. (Config.cpp:12:8)
INFO: [HLS 200-111] Finished Compiling Optimization and Transform: CPU user time: 1 seconds. CPU system time: 1 seconds. Elapsed time: 18.119 seconds; current allocated memory: 254.277 MB.
INFO: [HLS 200-111] Finished Checking Pragmas: CPU user time: 0 seconds. CPU system time: 0 seconds. Elapsed time: 0.013 seconds; current allocated memory: 254.281 MB.
INFO: [HLS 200-10] Starting code transformations ...
INFO: [HLS 200-111] Finished Standard Transforms: CPU user time: 0 seconds. CPU system time: 0 seconds. Elapsed time: 0.283 seconds; current allocated memory: 264.480 MB.
INFO: [HLS 200-10] Checking synthesizability ...
INFO: [HLS 200-111] Finished Checking Synthesizability: CPU user time: 0 seconds. CPU system time: 0 seconds. Elapsed time: 0.314 seconds; current allocated memory: 271.461 MB.
INFO: [XFORM 203-401] Performing if-conversion on hyperblock from (C:\scratch\2024.1\hls_product\545\2024.1\src\shared\hls\clib/src/hls\utils/x_hls_utils.h:288:31) to (C:\scratch\2024.1\hls_product\545\2024.1\src\shared\hls\clib/src/hls\utils/x_hls_float_utils.h:282:5) in function 'hotbm_::sin_or_cos<float>'... converting 3 basic blocks.
INFO: [XFORM 203-401] Performing if-conversion on hyperblock from (C:\scratch\2024.1\hls_product\545\2024.1\src\shared\hls\clib/hlsmath/include/FloatingPoint\hls_hotbm.h:252:40) to (C:\scratch\2024.1\hls_product\545\2024.1\src\shared\hls\clib/hlsmath/include/FloatingPoint\hls_hotbm.h:287:5) in function 'hotbm_::sin_or_cos<float>'... converting 8 basic blocks.
INFO: [HLS 200-111] Finished Loop, function and other optimizations: CPU user time: 2 seconds. CPU system time: 0 seconds. Elapsed time: 1.166 seconds; current allocated memory: 302.469 MB.
WARNING: [XFORM 203-561] 'VITIS_LOOP_23_2' (Config.cpp:23:20) in function 'calculateCoefficients' is an infinite loop.
INFO: [HLS 200-111] Finished Architecture Synthesis: CPU user time: 1 seconds. CPU system time: 0 seconds. Elapsed time: 1.511 seconds; current allocated memory: 335.410 MB.
INFO: [HLS 200-10] Starting hardware synthesis ...
INFO: [HLS 200-10] Synthesizing 'calculateCoefficients' ...
WARNING: [SYN 201-103] Legalizing function name 'sin_or_cos<float>_Pipeline_1' to 'sin_or_cos_float_Pipeline_1'.
WARNING: [SYN 201-103] Legalizing function name 'sin_or_cos<float>_Pipeline_2' to 'sin_or_cos_float_Pipeline_2'.
WARNING: [SYN 201-103] Legalizing function name 'sin_or_cos<float>' to 'sin_or_cos_float_s'.
INFO: [SYN 201-201] Setting up clock 'default' with a period of 10ns.
INFO: [HLS 200-10] ----------------------------------------------------------------
INFO: [HLS 200-42] -- Implementing module 'sin_or_cos_float_Pipeline_1' 
INFO: [HLS 200-10] ----------------------------------------------------------------
INFO: [SCHED 204-11] Starting scheduling ...
WARNING: [SCHED 204-65] Unable to satisfy pipeline directive for function 'sin_or_cos<float>_Pipeline_1': contains subloop(s) that are not unrolled.
INFO: [SCHED 204-61] Pipelining loop 'Loop 1'.
INFO: [HLS 200-1470] Pipelining result : Target II = NA, Final II = 1, Depth = 1, loop 'Loop 1'
INFO: [SCHED 204-11] Finished scheduling.
INFO: [HLS 200-111] Finished Scheduling: CPU user time: 0 seconds. CPU system time: 0 seconds. Elapsed time: 1.254 seconds; current allocated memory: 339.496 MB.
INFO: [BIND 205-100] Starting micro-architecture generation ...
INFO: [BIND 205-101] Performing variable lifetime analysis.
INFO: [BIND 205-101] Exploring resource sharing.
INFO: [BIND 205-101] Binding ...
INFO: [BIND 205-100] Finished micro-architecture generation.
INFO: [HLS 200-111] Finished Binding: CPU user time: 0 seconds. CPU system time: 0 seconds. Elapsed time: 0.152 seconds; current allocated memory: 340.762 MB.
INFO: [HLS 200-10] ----------------------------------------------------------------
INFO: [HLS 200-42] -- Implementing module 'sin_or_cos_float_Pipeline_2' 
INFO: [HLS 200-10] ----------------------------------------------------------------
INFO: [SCHED 204-11] Starting scheduling ...
WARNING: [SCHED 204-65] Unable to satisfy pipeline directive for function 'sin_or_cos<float>_Pipeline_2': contains subloop(s) that are not unrolled.
INFO: [SCHED 204-61] Pipelining loop 'Loop 1'.
INFO: [HLS 200-1470] Pipelining result : Target II = NA, Final II = 1, Depth = 2, loop 'Loop 1'
INFO: [SCHED 204-11] Finished scheduling.
INFO: [HLS 200-111] Finished Scheduling: CPU user time: 0 seconds. CPU system time: 0 seconds. Elapsed time: 0.313 seconds; current allocated memory: 341.027 MB.
INFO: [BIND 205-100] Starting micro-architecture generation ...
INFO: [BIND 205-101] Performing variable lifetime analysis.
INFO: [BIND 205-101] Exploring resource sharing.
INFO: [BIND 205-101] Binding ...
INFO: [BIND 205-100] Finished micro-architecture generation.
INFO: [HLS 200-111] Finished Binding: CPU user time: 0 seconds. CPU system time: 0 seconds. Elapsed time: 0.208 seconds; current allocated memory: 341.102 MB.
INFO: [HLS 200-10] ----------------------------------------------------------------
INFO: [HLS 200-42] -- Implementing module 'sin_or_cos_float_s' 
INFO: [HLS 200-10] ----------------------------------------------------------------
INFO: [SCHED 204-11] Starting scheduling ...
WARNING: [SCHED 204-67] Unable to satisfy pipeline directive for function 'sin_or_cos<float>': contains subfunction 'sin_or_cos<float>_Pipeline_1' which is not pipelined.
WARNING: [SCHED 204-67] Unable to satisfy pipeline directive for function 'sin_or_cos<float>': contains subfunction 'sin_or_cos<float>_Pipeline_1' which is not pipelined.
INFO: [SCHED 204-11] Finished scheduling.
INFO: [HLS 200-111] Finished Scheduling: CPU user time: 1 seconds. CPU system time: 0 seconds. Elapsed time: 0.452 seconds; current allocated memory: 341.934 MB.
INFO: [BIND 205-100] Starting micro-architecture generation ...
INFO: [BIND 205-101] Performing variable lifetime analysis.
INFO: [BIND 205-101] Exploring resource sharing.
INFO: [BIND 205-101] Binding ...
INFO: [BIND 205-100] Finished micro-architecture generation.
INFO: [HLS 200-111] Finished Binding: CPU user time: 0 seconds. CPU system time: 0 seconds. Elapsed time: 0.229 seconds; current allocated memory: 342.305 MB.
INFO: [HLS 200-10] ----------------------------------------------------------------
INFO: [HLS 200-42] -- Implementing module 'calculateCoefficients_Pipeline_VITIS_LOOP_23_2' 
INFO: [HLS 200-10] ----------------------------------------------------------------
INFO: [SCHED 204-11] Starting scheduling ...
INFO: [SCHED 204-61] Pipelining loop 'VITIS_LOOP_23_2'.
WARNING: [HLS 200-880] The II Violation in module 'calculateCoefficients_Pipeline_VITIS_LOOP_23_2' (loop 'VITIS_LOOP_23_2'): Unable to enforce a carried dependence constraint (II = 1, distance = 1, offset = 1) between axis write operation ('coefficients_V_data_V_write_ln27', Config.cpp:27) on port 'coefficients_V_data_V' (Config.cpp:27) and axis write operation ('coefficients_V_data_V_write_ln27', Config.cpp:27) on port 'coefficients_V_data_V' (Config.cpp:27).
Resolution: For help on HLS 200-880 see docs.xilinx.com/access/sources/dita/topic?Doc_Version=2024.1%20English&url=ug1448-hls-guidance&resourceid=200-880.html
WARNING: [HLS 200-880] The II Violation in module 'calculateCoefficients_Pipeline_VITIS_LOOP_23_2' (loop 'VITIS_LOOP_23_2'): Unable to enforce a carried dependence constraint (II = 2, distance = 1, offset = 1) between axis write operation ('coefficients_V_data_V_write_ln27', Config.cpp:27) on port 'coefficients_V_data_V' (Config.cpp:27) and axis write operation ('coefficients_V_data_V_write_ln27', Config.cpp:27) on port 'coefficients_V_data_V' (Config.cpp:27).
Resolution: For help on HLS 200-880 see docs.xilinx.com/access/sources/dita/topic?Doc_Version=2024.1%20English&url=ug1448-hls-guidance&resourceid=200-880.html
WARNING: [HLS 200-880] The II Violation in module 'calculateCoefficients_Pipeline_VITIS_LOOP_23_2' (loop 'VITIS_LOOP_23_2'): Unable to enforce a carried dependence constraint (II = 3, distance = 1, offset = 1) between axis write operation ('coefficients_V_data_V_write_ln27', Config.cpp:27) on port 'coefficients_V_data_V' (Config.cpp:27) and axis write operation ('coefficients_V_data_V_write_ln27', Config.cpp:27) on port 'coefficients_V_data_V' (Config.cpp:27).
Resolution: For help on HLS 200-880 see docs.xilinx.com/access/sources/dita/topic?Doc_Version=2024.1%20English&url=ug1448-hls-guidance&resourceid=200-880.html
WARNING: [HLS 200-880] The II Violation in module 'calculateCoefficients_Pipeline_VITIS_LOOP_23_2' (loop 'VITIS_LOOP_23_2'): Unable to enforce a carried dependence constraint (II = 4, distance = 1, offset = 1) between axis write operation ('coefficients_V_data_V_write_ln27', Config.cpp:27) on port 'coefficients_V_data_V' (Config.cpp:27) and axis write operation ('coefficients_V_data_V_write_ln27', Config.cpp:27) on port 'coefficients_V_data_V' (Config.cpp:27).
Resolution: For help on HLS 200-880 see docs.xilinx.com/access/sources/dita/topic?Doc_Version=2024.1%20English&url=ug1448-hls-guidance&resourceid=200-880.html
WARNING: [HLS 200-880] The II Violation in module 'calculateCoefficients_Pipeline_VITIS_LOOP_23_2' (loop 'VITIS_LOOP_23_2'): Unable to enforce a carried dependence constraint (II = 19, distance = 1, offset = 1) between axis write operation ('coefficients_V_data_V_write_ln27', Config.cpp:27) on port 'coefficients_V_data_V' (Config.cpp:27) and axis write operation ('coefficients_V_data_V_write_ln27', Config.cpp:27) on port 'coefficients_V_data_V' (Config.cpp:27).
Resolution: For help on HLS 200-880 see docs.xilinx.com/access/sources/dita/topic?Doc_Version=2024.1%20English&url=ug1448-hls-guidance&resourceid=200-880.html
WARNING: [HLS 200-880] The II Violation in module 'calculateCoefficients_Pipeline_VITIS_LOOP_23_2' (loop 'VITIS_LOOP_23_2'): Unable to enforce a carried dependence constraint (II = 23, distance = 1, offset = 1) between axis write operation ('coefficients_V_data_V_write_ln27', Config.cpp:27) on port 'coefficients_V_data_V' (Config.cpp:27) and axis write operation ('coefficients_V_data_V_write_ln27', Config.cpp:27) on port 'coefficients_V_data_V' (Config.cpp:27).
Resolution: For help on HLS 200-880 see docs.xilinx.com/access/sources/dita/topic?Doc_Version=2024.1%20English&url=ug1448-hls-guidance&resourceid=200-880.html
WARNING: [HLS 200-880] The II Violation in module 'calculateCoefficients_Pipeline_VITIS_LOOP_23_2' (loop 'VITIS_LOOP_23_2'): Unable to enforce a carried dependence constraint (II = 24, distance = 1, offset = 1) between axis write operation ('coefficients_V_data_V_write_ln31', Config.cpp:31) on port 'coefficients_V_data_V' (Config.cpp:31) and axis write operation ('coefficients_V_data_V_write_ln27', Config.cpp:27) on port 'coefficients_V_data_V' (Config.cpp:27).
Resolution: For help on HLS 200-880 see docs.xilinx.com/access/sources/dita/topic?Doc_Version=2024.1%20English&url=ug1448-hls-guidance&resourceid=200-880.html
INFO: [HLS 200-1470] Pipelining result : Target II = NA, Final II = 25, Depth = 25, loop 'VITIS_LOOP_23_2'
INFO: [SCHED 204-11] Finished scheduling.
INFO: [HLS 200-111] Finished Scheduling: CPU user time: 1 seconds. CPU system time: 0 seconds. Elapsed time: 2.029 seconds; current allocated memory: 349.383 MB.
INFO: [BIND 205-100] Starting micro-architecture generation ...
INFO: [BIND 205-101] Performing variable lifetime analysis.
INFO: [BIND 205-101] Exploring resource sharing.
INFO: [BIND 205-101] Binding ...
INFO: [BIND 205-100] Finished micro-architecture generation.
INFO: [HLS 200-111] Finished Binding: CPU user time: 0 seconds. CPU system time: 0 seconds. Elapsed time: 0.373 seconds; current allocated memory: 349.523 MB.
INFO: [HLS 200-10] ----------------------------------------------------------------
INFO: [HLS 200-42] -- Implementing module 'calculateCoefficients' 
INFO: [HLS 200-10] ----------------------------------------------------------------
INFO: [SCHED 204-11] Starting scheduling ...
INFO: [SCHED 204-11] Finished scheduling.
INFO: [HLS 200-111] Finished Scheduling: CPU user time: 1 seconds. CPU system time: 0 seconds. Elapsed time: 1.06 seconds; current allocated memory: 352.258 MB.
INFO: [BIND 205-100] Starting micro-architecture generation ...
INFO: [BIND 205-101] Performing variable lifetime analysis.
INFO: [BIND 205-101] Exploring resource sharing.
INFO: [BIND 205-101] Binding ...
INFO: [BIND 205-100] Finished micro-architecture generation.
INFO: [HLS 200-111] Finished Binding: CPU user time: 1 seconds. CPU system time: 0 seconds. Elapsed time: 1.238 seconds; current allocated memory: 353.289 MB.
INFO: [HLS 200-10] ----------------------------------------------------------------
INFO: [HLS 200-10] -- Generating RTL for module 'sin_or_cos_float_Pipeline_1' 
INFO: [HLS 200-10] ----------------------------------------------------------------
INFO: [RTGEN 206-100] Finished creating RTL model for 'sin_or_cos_float_Pipeline_1'.
INFO: [HLS 200-111] Finished Creating RTL model: CPU user time: 0 seconds. CPU system time: 0 seconds. Elapsed time: 0.477 seconds; current allocated memory: 354.934 MB.
INFO: [HLS 200-10] ----------------------------------------------------------------
INFO: [HLS 200-10] -- Generating RTL for module 'sin_or_cos_float_Pipeline_2' 
INFO: [HLS 200-10] ----------------------------------------------------------------
INFO: [HLS 200-1030] Apply Unified Pipeline Control on module 'sin_or_cos_float_Pipeline_2' pipeline 'Loop 1' pipeline type 'loop pipeline'
INFO: [RTGEN 206-100] Finished creating RTL model for 'sin_or_cos_float_Pipeline_2'.
INFO: [HLS 200-111] Finished Creating RTL model: CPU user time: 0 seconds. CPU system time: 0 seconds. Elapsed time: 0.367 seconds; current allocated memory: 356.707 MB.
INFO: [HLS 200-10] ----------------------------------------------------------------
INFO: [HLS 200-10] -- Generating RTL for module 'sin_or_cos_float_s' 
INFO: [HLS 200-10] ----------------------------------------------------------------
INFO: [RTGEN 206-100] Generating core module 'mul_15ns_15ns_30_1_1': 1 instance(s).
INFO: [RTGEN 206-100] Generating core module 'mul_15ns_15s_30_1_1': 1 instance(s).
INFO: [RTGEN 206-100] Generating core module 'mul_23s_22ns_45_1_1': 1 instance(s).
INFO: [RTGEN 206-100] Generating core module 'mul_30s_29ns_58_1_1': 1 instance(s).
INFO: [RTGEN 206-100] Generating core module 'mul_80s_24ns_80_1_1': 1 instance(s).
INFO: [RTGEN 206-100] Generating core module 'sparsemux_17_3_1_1_1': 1 instance(s).
INFO: [RTGEN 206-100] Generating core module 'sparsemux_33_4_1_1_1': 2 instance(s).
INFO: [RTGEN 206-100] Finished creating RTL model for 'sin_or_cos_float_s'.
INFO: [RTMG 210-279] Implementing memory 'calculateCoefficients_sin_or_cos_float_s_ref_4oPi_table_100_ROM_1P_LUTRAM_1R' using distributed ROMs.
INFO: [RTMG 210-279] Implementing memory 'calculateCoefficients_sin_or_cos_float_s_second_order_float_sin_cos_K0_ROM_1P_LUTRAM_1R' using distributed ROMs.
INFO: [RTMG 210-279] Implementing memory 'calculateCoefficients_sin_or_cos_float_s_second_order_float_sin_cos_K1_ROM_1P_LUTRAM_1R' using distributed ROMs.
INFO: [RTMG 210-279] Implementing memory 'calculateCoefficients_sin_or_cos_float_s_second_order_float_sin_cos_K2_ROM_1P_LUTRAM_1R' using distributed ROMs.
INFO: [HLS 200-111] Finished Creating RTL model: CPU user time: 1 seconds. CPU system time: 0 seconds. Elapsed time: 0.797 seconds; current allocated memory: 359.680 MB.
INFO: [HLS 200-10] ----------------------------------------------------------------
INFO: [HLS 200-10] -- Generating RTL for module 'calculateCoefficients_Pipeline_VITIS_LOOP_23_2' 
INFO: [HLS 200-10] ----------------------------------------------------------------
INFO: [RTGEN 206-100] Finished creating RTL model for 'calculateCoefficients_Pipeline_VITIS_LOOP_23_2'.
INFO: [HLS 200-111] Finished Creating RTL model: CPU user time: 0 seconds. CPU system time: 1 seconds. Elapsed time: 0.707 seconds; current allocated memory: 365.391 MB.
INFO: [HLS 200-10] ----------------------------------------------------------------
INFO: [HLS 200-10] -- Generating RTL for module 'calculateCoefficients' 
INFO: [HLS 200-10] ----------------------------------------------------------------
WARNING: [RTGEN 206-101] Design contains AXI ports. Reset is fixed to synchronous and active low.
INFO: [RTGEN 206-500] Setting interface mode on port 'calculateCoefficients/lowerCutoff' to 's_axilite & ap_none'.
INFO: [RTGEN 206-500] Setting interface mode on port 'calculateCoefficients/upperCutoff' to 's_axilite & ap_none'.
INFO: [RTGEN 206-500] Setting interface mode on port 'calculateCoefficients/samplingRate' to 's_axilite & ap_none'.
INFO: [RTGEN 206-500] Setting interface mode on port 'calculateCoefficients/coefficients_V_data_V' to 'axis' (register, both mode).
INFO: [RTGEN 206-500] Setting interface mode on port 'calculateCoefficients/coefficients_V_keep_V' to 'axis' (register, both mode).
INFO: [RTGEN 206-500] Setting interface mode on port 'calculateCoefficients/coefficients_V_strb_V' to 'axis' (register, both mode).
INFO: [RTGEN 206-500] Setting interface mode on port 'calculateCoefficients/coefficients_V_user_V' to 'axis' (register, both mode).
INFO: [RTGEN 206-500] Setting interface mode on port 'calculateCoefficients/coefficients_V_last_V' to 'axis' (register, both mode).
INFO: [RTGEN 206-500] Setting interface mode on port 'calculateCoefficients/coefficients_V_id_V' to 'axis' (register, both mode).
INFO: [RTGEN 206-500] Setting interface mode on port 'calculateCoefficients/coefficients_V_dest_V' to 'axis' (register, both mode).
INFO: [RTGEN 206-500] Setting interface mode on function 'calculateCoefficients' to 'ap_ctrl_hs'.
INFO: [RTGEN 206-100] Bundling port 'lowerCutoff', 'upperCutoff' and 'samplingRate' to AXI-Lite port control.
INFO: [RTGEN 206-100] Generating core module 'ddiv_64ns_64ns_64_22_no_dsp_1': 2 instance(s).
INFO: [RTGEN 206-100] Generating core module 'dmul_64ns_64ns_64_5_max_dsp_1': 2 instance(s).
INFO: [RTGEN 206-100] Generating core module 'fmul_32ns_32ns_32_3_max_dsp_1': 2 instance(s).
INFO: [RTGEN 206-100] Generating core module 'fpext_32ns_64_2_no_dsp_1': 1 instance(s).
INFO: [RTGEN 206-100] Generating core module 'fptrunc_64ns_32_2_no_dsp_1': 2 instance(s).
INFO: [RTGEN 206-100] Generating core module 'fsub_32ns_32ns_32_4_full_dsp_1': 1 instance(s).
INFO: [RTGEN 206-100] Generating core module 'sitodp_32ns_64_4_no_dsp_1': 2 instance(s).
INFO: [RTGEN 206-100] Generating core module 'sitofp_32s_32_4_no_dsp_1': 1 instance(s).
INFO: [RTGEN 206-100] Finished creating RTL model for 'calculateCoefficients'.
INFO: [HLS 200-111] Finished Creating RTL model: CPU user time: 1 seconds. CPU system time: 0 seconds. Elapsed time: 2.755 seconds; current allocated memory: 380.797 MB.
INFO: [HLS 200-111] Finished Generating all RTL models: CPU user time: 2 seconds. CPU system time: 1 seconds. Elapsed time: 4.406 seconds; current allocated memory: 394.301 MB.
INFO: [HLS 200-111] Finished Updating report files: CPU user time: 1 seconds. CPU system time: 1 seconds. Elapsed time: 3.315 seconds; current allocated memory: 405.199 MB.
INFO: [VHDL 208-304] Generating VHDL RTL for calculateCoefficients.
INFO: [VLOG 209-307] Generating Verilog RTL for calculateCoefficients.
INFO: [HLS 200-790] **** Loop Constraint Status: All loop constraints were NOT satisfied.
INFO: [HLS 200-789] **** Estimated Fmax: 142.01 MHz
INFO: [HLS 200-112] Total CPU user time: 21 seconds. Total CPU system time: 6 seconds. Total elapsed time: 121.186 seconds; peak allocated memory: 405.488 MB.
INFO: [v++ 60-791] Total elapsed time: 0h 2m 8s
