INFO: [vitis-run 60-1548] Creating build summary session with primary output C:/Temp/mlangweil/Motor-Simulator/HLS/Audio-Filtering/Audio-Filtering\Audio-Filtering.hlsrun_csim_summary, at 02/23/26 21:27:08
INFO: [vitis-run 82-31] Launching vitis_hls: vitis_hls -nolog -run csim -work_dir C:/Temp/mlangweil/Motor-Simulator/HLS/Audio-Filtering/Audio-Filtering -config C:/TEMP/mlangweil/Motor-Simulator/HLS/Audio-Filtering/hls_config.cfg -cmdlineconfig C:/Temp/mlangweil/Motor-Simulator/HLS/Audio-Filtering/Audio-Filtering/hls/config.cmdline
INFO: [HLS 200-10] For user 'mlangweil' on host 'xilinx11-005.wincoe.coe.neu.edu' (Windows NT_amd64 version 10.0) on Mon Feb 23 21:27:14 -0500 2026
INFO: [HLS 200-10] In directory 'C:/Temp/mlangweil/Motor-Simulator/HLS/Audio-Filtering'
INFO: [HLS 200-2005] Using work_dir C:/Temp/mlangweil/Motor-Simulator/HLS/Audio-Filtering/Audio-Filtering 
INFO: [HLS 200-1505] Using default flow_target 'vivado'
Resolution: For help on HLS 200-1505 see docs.xilinx.com/access/sources/dita/topic?Doc_Version=2024.1%20English&url=ug1448-hls-guidance&resourceid=200-1505.html
INFO: [HLS 200-1465] Applying ini 'syn.file=Fir-Filter.cpp' from C:/Temp/mlangweil/Motor-Simulator/HLS/Audio-Filtering/hls_config.cfg(11)
INFO: [HLS 200-10] Adding design file 'C:/Temp/mlangweil/Motor-Simulator/HLS/Audio-Filtering/Fir-Filter.cpp' to the project
INFO: [HLS 200-1465] Applying ini 'syn.file=Fir-Filter.h' from C:/Temp/mlangweil/Motor-Simulator/HLS/Audio-Filtering/hls_config.cfg(12)
INFO: [HLS 200-10] Adding design file 'C:/Temp/mlangweil/Motor-Simulator/HLS/Audio-Filtering/Fir-Filter.h' to the project
INFO: [HLS 200-1465] Applying ini 'syn.file=Coefficients.h' from C:/Temp/mlangweil/Motor-Simulator/HLS/Audio-Filtering/hls_config.cfg(13)
INFO: [HLS 200-10] Adding design file 'C:/Temp/mlangweil/Motor-Simulator/HLS/Audio-Filtering/Coefficients.h' to the project
INFO: [HLS 200-1465] Applying ini 'syn.file=Coefficients.cpp' from C:/Temp/mlangweil/Motor-Simulator/HLS/Audio-Filtering/hls_config.cfg(14)
INFO: [HLS 200-10] Adding design file 'C:/Temp/mlangweil/Motor-Simulator/HLS/Audio-Filtering/Coefficients.cpp' to the project
INFO: [HLS 200-1465] Applying ini 'syn.file=Coefficients_tb.cpp' from C:/Temp/mlangweil/Motor-Simulator/HLS/Audio-Filtering/hls_config.cfg(15)
INFO: [HLS 200-10] Adding design file 'C:/Temp/mlangweil/Motor-Simulator/HLS/Audio-Filtering/coefficients_tb.cpp' to the project
INFO: [HLS 200-1465] Applying ini 'tb.file=C:\TEMP\mlangweil\Motor-Simulator\HLS\Audio-Filtering\Coefficients_tb.cpp' from C:/Temp/mlangweil/Motor-Simulator/HLS/Audio-Filtering/hls_config.cfg(8)
INFO: [HLS 200-10] Adding test bench file 'C:/TEMP/mlangweil/Motor-Simulator/HLS/Audio-Filtering/Coefficients_tb.cpp' to the project
INFO: [HLS 200-1465] Applying ini 'tb.file=C:\TEMP\mlangweil\Motor-Simulator\HLS\Audio-Filtering\Coefficients.h' from C:/Temp/mlangweil/Motor-Simulator/HLS/Audio-Filtering/hls_config.cfg(9)
INFO: [HLS 200-10] Adding test bench file 'C:/TEMP/mlangweil/Motor-Simulator/HLS/Audio-Filtering/Coefficients.h' to the project
INFO: [HLS 200-1465] Applying ini 'tb.file=C:\TEMP\mlangweil\Motor-Simulator\HLS\Audio-Filtering\Coefficients.cpp' from C:/Temp/mlangweil/Motor-Simulator/HLS/Audio-Filtering/hls_config.cfg(10)
INFO: [HLS 200-10] Adding test bench file 'C:/TEMP/mlangweil/Motor-Simulator/HLS/Audio-Filtering/Coefficients.cpp' to the project
INFO: [HLS 200-1465] Applying ini 'syn.top=calculateCoefficients' from C:/Temp/mlangweil/Motor-Simulator/HLS/Audio-Filtering/hls_config.cfg(7)
INFO: [HLS 200-1465] Applying ini 'flow_target=vivado' from C:/Temp/mlangweil/Motor-Simulator/HLS/Audio-Filtering/hls_config.cfg(4)
INFO: [HLS 200-1505] Using flow_target 'vivado'
Resolution: For help on HLS 200-1505 see docs.xilinx.com/access/sources/dita/topic?Doc_Version=2024.1%20English&url=ug1448-hls-guidance&resourceid=200-1505.html
INFO: [HLS 200-1465] Applying ini 'part=xczu3eg-sfvc784-2-e' from C:/Temp/mlangweil/Motor-Simulator/HLS/Audio-Filtering/hls_config.cfg(1)
INFO: [HLS 200-1611] Setting target device to 'xczu3eg-sfvc784-2-e'
INFO: [HLS 200-1465] Applying ini 'package.output.format=ip_catalog' from C:/Temp/mlangweil/Motor-Simulator/HLS/Audio-Filtering/hls_config.cfg(5)
INFO: [SIM 211-2] *************** CSIM start ***************
INFO: [SIM 211-4] CSIM will launch CLANG as the compiler.
INFO: [HLS 200-2036] Building debug C Simulation binaries
   Compiling ../../../../coefficients_tb.cpp in debug mode
   Generating csim.exe
In file included from ../../../../coefficients_tb.cpp:1:
In file included from ../../../../Coefficients.h:5:
In file included from C:/Xilinx/Vitis_HLS/2024.1/include/ap_axi_sdata.h:15:
In file included from C:/Xilinx/Vitis_HLS/2024.1/include/ap_int.h:10:
In file included from C:/Xilinx/Vitis_HLS/2024.1/include/etc/ap_common.h:658:
In file included from C:/Xilinx/Vitis_HLS/2024.1/include/etc/ap_private.h:68:
In file included from C:/Xilinx/Vitis_HLS/2024.1/include/hls_half.h:26:
In file included from C:/Xilinx/Vitis_HLS/2024.1/include/etc/hls_half_fpo.h:19:
In file included from C:/Xilinx/Vitis_HLS/2024.1/include/hls_fpo.h:140:
In file included from C:/Xilinx/Vitis_HLS/2024.1/include/floating_point_v7_1_bitacc_cmodel.h:150:
C:/Xilinx/Vitis_HLS/2024.1/include/gmp.h:58:9: warning: '__GMP_LIBGMP_DLL' macro redefined [-Wmacro-redefined]
#define __GMP_LIBGMP_DLL  0
        ^
C:/Xilinx/Vitis_HLS/2024.1/include/floating_point_v7_1_bitacc_cmodel.h:142:9: note: previous definition is here
#define __GMP_LIBGMP_DLL 1
        ^
1 warning generated.
Testbench started
1.26527e-09
0.0289372
6.45086e-08
-0.0353678
1.39138e-08
0.0454728
3.79581e-09
-0.063662
1.39138e-08
0.106103
4.17413e-08
-0.31831
nan
-0.31831
4.17413e-08
0.106103
1.39138e-08
-0.063662
3.79581e-09
0.0454728
1.39138e-08
-0.0353678
6.45086e-08
0.0289372
Data 1.2e-09
Data -0.0012618
Data 6.45e-08
Data 0.00154211
Data 1.39e-08
Data -0.00150342
Data 3.7e-09
Data 9.13985e-05
Data 1.39e-08
Data -0.00127089
Data 4.17e-08
Data 0.000457171
Data 0
Data 0.000457171
Data 4.17e-08
Data -0.00127089
Data 1.39e-08
Data 9.13985e-05
Data 3.7e-09
Data -0.00150342
Data 1.39e-08
Data 0.00154211
Data 6.45e-08
Data -0.0012618
Data 2e-10
INFO [HLS SIM]: The maximum depth reached by any hls::stream() instance in the design is 25
INFO: [SIM 211-1] CSim done with 0 errors.
INFO: [SIM 211-3] *************** CSIM finish ***************
INFO: [HLS 200-112] Total CPU user time: 6 seconds. Total CPU system time: 2 seconds. Total elapsed time: 14.818 seconds; peak allocated memory: 257.758 MB.
INFO: [vitis-run 60-791] Total elapsed time: 0h 0m 21s
