

================================================================
== Vitis HLS Report for 'calculateCoefficients'
================================================================
* Date:           Wed Mar 11 18:28:11 2026

* Version:        2024.1 (Build 5069499 on May 21 2024)
* Project:        Audio-Filtering
* Solution:       hls (Vivado IP Flow Target)
* Product family: zynquplus
* Target device:  xczu3eg-sfvc784-2-e


================================================================
== Performance Estimates
================================================================
+ Timing: 
    * Summary: 
    +--------+----------+----------+------------+
    |  Clock |  Target  | Estimated| Uncertainty|
    +--------+----------+----------+------------+
    |ap_clk  |  10.00 ns|  7.300 ns|     2.70 ns|
    +--------+----------+----------+------------+

+ Latency: 
    * Summary: 
    +---------+---------+----------+----------+-----+-----+---------+
    |  Latency (cycles) |  Latency (absolute) |  Interval | Pipeline|
    |   min   |   max   |    min   |    max   | min | max |   Type  |
    +---------+---------+----------+----------+-----+-----+---------+
    |      137|      137|  1.370 us|  1.370 us|  138|  138|       no|
    +---------+---------+----------+----------+-----+-----+---------+

    + Detail: 
        * Instance: 
        +-----------------------------------------------------------+------------------------------------------------+---------+---------+----------+----------+-----+-----+-----------------------------------------------+
        |                                                           |                                                |  Latency (cycles) |  Latency (absolute) |  Interval |                    Pipeline                   |
        |                          Instance                         |                     Module                     |   min   |   max   |    min   |    max   | min | max |                      Type                     |
        +-----------------------------------------------------------+------------------------------------------------+---------+---------+----------+----------+-----+-----+-----------------------------------------------+
        |grp_calculateCoefficients_Pipeline_VITIS_LOOP_16_1_fu_116  |calculateCoefficients_Pipeline_VITIS_LOOP_16_1  |       70|       70|  0.700 us|  0.700 us|   25|   25|  loop auto-rewind stp(delay=0 clock cycles(s))|
        +-----------------------------------------------------------+------------------------------------------------+---------+---------+----------+----------+-----+-----+-----------------------------------------------+

        * Loop: 
        N/A



================================================================
== Utilization Estimates
================================================================
* Summary: 
+-----------------+---------+-----+--------+-------+-----+
|       Name      | BRAM_18K| DSP |   FF   |  LUT  | URAM|
+-----------------+---------+-----+--------+-------+-----+
|DSP              |        -|    -|       -|      -|    -|
|Expression       |        -|    -|       -|      -|    -|
|FIFO             |        -|    -|       -|      -|    -|
|Instance         |        2|   56|    7217|   7170|    0|
|Memory           |        -|    -|       -|      -|    -|
|Multiplexer      |        -|    -|       0|    594|    -|
|Register         |        -|    -|     707|      -|    -|
+-----------------+---------+-----+--------+-------+-----+
|Total            |        2|   56|    7924|   7764|    0|
+-----------------+---------+-----+--------+-------+-----+
|Available        |      432|  360|  141120|  70560|    0|
+-----------------+---------+-----+--------+-------+-----+
|Utilization (%)  |       ~0|   15|       5|     11|    0|
+-----------------+---------+-----+--------+-------+-----+

+ Detail: 
    * Instance: 
    +-----------------------------------------------------------+------------------------------------------------+---------+----+------+------+-----+
    |                          Instance                         |                     Module                     | BRAM_18K| DSP|  FF  |  LUT | URAM|
    +-----------------------------------------------------------+------------------------------------------------+---------+----+------+------+-----+
    |grp_calculateCoefficients_Pipeline_VITIS_LOOP_16_1_fu_116  |calculateCoefficients_Pipeline_VITIS_LOOP_16_1  |        0|  32|  5513|  5565|    0|
    |control_s_axi_U                                            |control_s_axi                                   |        0|   0|   214|   360|    0|
    |ddiv_64ns_64ns_64_22_no_dsp_1_U45                          |ddiv_64ns_64ns_64_22_no_dsp_1                   |        0|   0|     0|     0|    0|
    |ddiv_64ns_64ns_64_22_no_dsp_1_U46                          |ddiv_64ns_64ns_64_22_no_dsp_1                   |        0|   0|     0|     0|    0|
    |dmul_64ns_64ns_64_5_max_dsp_1_U43                          |dmul_64ns_64ns_64_5_max_dsp_1                   |        0|  11|   299|   203|    0|
    |dmul_64ns_64ns_64_5_max_dsp_1_U44                          |dmul_64ns_64ns_64_5_max_dsp_1                   |        0|  11|   299|   203|    0|
    |fpext_32ns_64_2_no_dsp_1_U42                               |fpext_32ns_64_2_no_dsp_1                        |        0|   0|     0|     0|    0|
    |fptrunc_64ns_32_2_no_dsp_1_U40                             |fptrunc_64ns_32_2_no_dsp_1                      |        0|   0|     0|     0|    0|
    |fptrunc_64ns_32_2_no_dsp_1_U41                             |fptrunc_64ns_32_2_no_dsp_1                      |        0|   0|     0|     0|    0|
    |fsub_32ns_32ns_32_4_full_dsp_1_U39                         |fsub_32ns_32ns_32_4_full_dsp_1                  |        0|   2|   227|   214|    0|
    |gmem_m_axi_U                                               |gmem_m_axi                                      |        2|   0|   665|   625|    0|
    |sitodp_32ns_64_4_no_dsp_1_U47                              |sitodp_32ns_64_4_no_dsp_1                       |        0|   0|     0|     0|    0|
    |sitodp_32ns_64_4_no_dsp_1_U48                              |sitodp_32ns_64_4_no_dsp_1                       |        0|   0|     0|     0|    0|
    +-----------------------------------------------------------+------------------------------------------------+---------+----+------+------+-----+
    |Total                                                      |                                                |        2|  56|  7217|  7170|    0|
    +-----------------------------------------------------------+------------------------------------------------+---------+----+------+------+-----+

    * DSP: 
    N/A

    * Memory: 
    N/A

    * FIFO: 
    N/A

    * Expression: 
    N/A

    * Multiplexer: 
    +---------------+-----+-----------+-----+-----------+
    |      Name     | LUT | Input Size| Bits| Total Bits|
    +---------------+-----+-----------+-----+-----------+
    |ap_NS_fsm      |  331|         69|    1|         69|
    |gmem_AWADDR    |   14|          3|   64|        192|
    |gmem_AWLEN     |   14|          3|   32|         96|
    |gmem_AWVALID   |   14|          3|    1|          3|
    |gmem_BREADY    |   14|          3|    1|          3|
    |gmem_WVALID    |    9|          2|    1|          2|
    |gmem_blk_n_AW  |    9|          2|    1|          2|
    |gmem_blk_n_B   |    9|          2|    1|          2|
    |grp_fu_134_ce  |    9|          2|    1|          2|
    |grp_fu_134_p0  |   14|          3|   32|         96|
    |grp_fu_134_p1  |   14|          3|   32|         96|
    |grp_fu_138_ce  |    9|          2|    1|          2|
    |grp_fu_138_p0  |   14|          3|   64|        192|
    |grp_fu_144_ce  |    9|          2|    1|          2|
    |grp_fu_144_p0  |   20|          4|   32|        128|
    |grp_fu_147_ce  |    9|          2|    1|          2|
    |grp_fu_147_p0  |   14|          3|   64|        192|
    |grp_fu_147_p1  |   14|          3|   64|        192|
    |grp_fu_157_ce  |   14|          3|    1|          3|
    |grp_fu_157_p0  |   20|          4|   64|        256|
    |grp_fu_157_p1  |   20|          4|   64|        256|
    +---------------+-----+-----------+-----+-----------+
    |Total          |  594|        125|  523|       1788|
    +---------------+-----+-----------+-----+-----------+

    * Register: 
    +------------------------------------------------------------------------+----+----+-----+-----------+
    |                                  Name                                  | FF | LUT| Bits| Const Bits|
    +------------------------------------------------------------------------+----+----+-----+-----------+
    |ap_CS_fsm                                                               |  68|   0|   68|          0|
    |conv3_reg_233                                                           |  64|   0|   64|          0|
    |conv_reg_228                                                            |  64|   0|   64|          0|
    |div6_reg_248                                                            |  64|   0|   64|          0|
    |grp_calculateCoefficients_Pipeline_VITIS_LOOP_16_1_fu_116_ap_start_reg  |   1|   0|    1|          0|
    |mul4_reg_243                                                            |  64|   0|   64|          0|
    |mul_reg_238                                                             |  64|   0|   64|          0|
    |omegaLower_reg_253                                                      |  32|   0|   32|          0|
    |omegaUpper_reg_259                                                      |  32|   0|   32|          0|
    |reg_174                                                                 |  64|   0|   64|          0|
    |reg_181                                                                 |  64|   0|   64|          0|
    |samplingRate_read_reg_207                                               |  32|   0|   32|          0|
    |sub9_reg_265                                                            |  32|   0|   32|          0|
    |trunc_ln_reg_222                                                        |  62|   0|   62|          0|
    +------------------------------------------------------------------------+----+----+-----+-----------+
    |Total                                                                   | 707|   0|  707|          0|
    +------------------------------------------------------------------------+----+----+-----+-----------+



================================================================
== Interface
================================================================
* Summary: 
+-----------------------+-----+-----+--------------+-----------------------+--------------+
|       RTL Ports       | Dir | Bits|   Protocol   |     Source Object     |    C Type    |
+-----------------------+-----+-----+--------------+-----------------------+--------------+
|s_axi_control_AWVALID  |   in|    1|         s_axi|                control|        scalar|
|s_axi_control_AWREADY  |  out|    1|         s_axi|                control|        scalar|
|s_axi_control_AWADDR   |   in|    6|         s_axi|                control|        scalar|
|s_axi_control_WVALID   |   in|    1|         s_axi|                control|        scalar|
|s_axi_control_WREADY   |  out|    1|         s_axi|                control|        scalar|
|s_axi_control_WDATA    |   in|   32|         s_axi|                control|        scalar|
|s_axi_control_WSTRB    |   in|    4|         s_axi|                control|        scalar|
|s_axi_control_ARVALID  |   in|    1|         s_axi|                control|        scalar|
|s_axi_control_ARREADY  |  out|    1|         s_axi|                control|        scalar|
|s_axi_control_ARADDR   |   in|    6|         s_axi|                control|        scalar|
|s_axi_control_RVALID   |  out|    1|         s_axi|                control|        scalar|
|s_axi_control_RREADY   |   in|    1|         s_axi|                control|        scalar|
|s_axi_control_RDATA    |  out|   32|         s_axi|                control|        scalar|
|s_axi_control_RRESP    |  out|    2|         s_axi|                control|        scalar|
|s_axi_control_BVALID   |  out|    1|         s_axi|                control|        scalar|
|s_axi_control_BREADY   |   in|    1|         s_axi|                control|        scalar|
|s_axi_control_BRESP    |  out|    2|         s_axi|                control|        scalar|
|ap_clk                 |   in|    1|  ap_ctrl_none|  calculateCoefficients|  return value|
|ap_rst_n               |   in|    1|  ap_ctrl_none|  calculateCoefficients|  return value|
|m_axi_gmem_AWVALID     |  out|    1|         m_axi|                   gmem|       pointer|
|m_axi_gmem_AWREADY     |   in|    1|         m_axi|                   gmem|       pointer|
|m_axi_gmem_AWADDR      |  out|   64|         m_axi|                   gmem|       pointer|
|m_axi_gmem_AWID        |  out|    1|         m_axi|                   gmem|       pointer|
|m_axi_gmem_AWLEN       |  out|    8|         m_axi|                   gmem|       pointer|
|m_axi_gmem_AWSIZE      |  out|    3|         m_axi|                   gmem|       pointer|
|m_axi_gmem_AWBURST     |  out|    2|         m_axi|                   gmem|       pointer|
|m_axi_gmem_AWLOCK      |  out|    2|         m_axi|                   gmem|       pointer|
|m_axi_gmem_AWCACHE     |  out|    4|         m_axi|                   gmem|       pointer|
|m_axi_gmem_AWPROT      |  out|    3|         m_axi|                   gmem|       pointer|
|m_axi_gmem_AWQOS       |  out|    4|         m_axi|                   gmem|       pointer|
|m_axi_gmem_AWREGION    |  out|    4|         m_axi|                   gmem|       pointer|
|m_axi_gmem_AWUSER      |  out|    1|         m_axi|                   gmem|       pointer|
|m_axi_gmem_WVALID      |  out|    1|         m_axi|                   gmem|       pointer|
|m_axi_gmem_WREADY      |   in|    1|         m_axi|                   gmem|       pointer|
|m_axi_gmem_WDATA       |  out|   32|         m_axi|                   gmem|       pointer|
|m_axi_gmem_WSTRB       |  out|    4|         m_axi|                   gmem|       pointer|
|m_axi_gmem_WLAST       |  out|    1|         m_axi|                   gmem|       pointer|
|m_axi_gmem_WID         |  out|    1|         m_axi|                   gmem|       pointer|
|m_axi_gmem_WUSER       |  out|    1|         m_axi|                   gmem|       pointer|
|m_axi_gmem_ARVALID     |  out|    1|         m_axi|                   gmem|       pointer|
|m_axi_gmem_ARREADY     |   in|    1|         m_axi|                   gmem|       pointer|
|m_axi_gmem_ARADDR      |  out|   64|         m_axi|                   gmem|       pointer|
|m_axi_gmem_ARID        |  out|    1|         m_axi|                   gmem|       pointer|
|m_axi_gmem_ARLEN       |  out|    8|         m_axi|                   gmem|       pointer|
|m_axi_gmem_ARSIZE      |  out|    3|         m_axi|                   gmem|       pointer|
|m_axi_gmem_ARBURST     |  out|    2|         m_axi|                   gmem|       pointer|
|m_axi_gmem_ARLOCK      |  out|    2|         m_axi|                   gmem|       pointer|
|m_axi_gmem_ARCACHE     |  out|    4|         m_axi|                   gmem|       pointer|
|m_axi_gmem_ARPROT      |  out|    3|         m_axi|                   gmem|       pointer|
|m_axi_gmem_ARQOS       |  out|    4|         m_axi|                   gmem|       pointer|
|m_axi_gmem_ARREGION    |  out|    4|         m_axi|                   gmem|       pointer|
|m_axi_gmem_ARUSER      |  out|    1|         m_axi|                   gmem|       pointer|
|m_axi_gmem_RVALID      |   in|    1|         m_axi|                   gmem|       pointer|
|m_axi_gmem_RREADY      |  out|    1|         m_axi|                   gmem|       pointer|
|m_axi_gmem_RDATA       |   in|   32|         m_axi|                   gmem|       pointer|
|m_axi_gmem_RLAST       |   in|    1|         m_axi|                   gmem|       pointer|
|m_axi_gmem_RID         |   in|    1|         m_axi|                   gmem|       pointer|
|m_axi_gmem_RUSER       |   in|    1|         m_axi|                   gmem|       pointer|
|m_axi_gmem_RRESP       |   in|    2|         m_axi|                   gmem|       pointer|
|m_axi_gmem_BVALID      |   in|    1|         m_axi|                   gmem|       pointer|
|m_axi_gmem_BREADY      |  out|    1|         m_axi|                   gmem|       pointer|
|m_axi_gmem_BRESP       |   in|    2|         m_axi|                   gmem|       pointer|
|m_axi_gmem_BID         |   in|    1|         m_axi|                   gmem|       pointer|
|m_axi_gmem_BUSER       |   in|    1|         m_axi|                   gmem|       pointer|
+-----------------------+-----+-----+--------------+-----------------------+--------------+

