

================================================================
== Vitis HLS Report for 'calculateCoefficients_Pipeline_VITIS_LOOP_23_2'
================================================================
* Date:           Mon Feb 23 19:17:00 2026

* Version:        2024.1 (Build 5069499 on May 21 2024)
* Project:        Audio-Filtering
* Solution:       hls (Vivado IP Flow Target)
* Product family: zynquplus
* Target device:  xczu3eg-sfvc784-2-e


================================================================
== Performance Estimates
================================================================
+ Timing: 
    * Summary: 
    +--------+----------+----------+------------+
    |  Clock |  Target  | Estimated| Uncertainty|
    +--------+----------+----------+------------+
    |ap_clk  |  10.00 ns|  2.887 ns|     2.70 ns|
    +--------+----------+----------+------------+

+ Latency: 
    * Summary: 
    +---------+---------+----------+----------+-----+-----+---------+
    |  Latency (cycles) |  Latency (absolute) |  Interval | Pipeline|
    |   min   |   max   |    min   |    max   | min | max |   Type  |
    +---------+---------+----------+----------+-----+-----+---------+
    |        ?|        ?|         ?|         ?|    ?|    ?|       no|
    +---------+---------+----------+----------+-----+-----+---------+

    + Detail: 
        * Instance: 
        N/A

        * Loop: 
        +-------------------+---------+---------+----------+-----------+-----------+------+----------+
        |                   |  Latency (cycles) | Iteration|  Initiation Interval  | Trip |          |
        |     Loop Name     |   min   |   max   |  Latency |  achieved |   target  | Count| Pipelined|
        +-------------------+---------+---------+----------+-----------+-----------+------+----------+
        |- VITIS_LOOP_23_2  |        ?|        ?|        25|         25|          1|   inf|       yes|
        +-------------------+---------+---------+----------+-----------+-----------+------+----------+



================================================================
== Utilization Estimates
================================================================
* Summary: 
+-----------------+---------+-----+--------+-------+-----+
|       Name      | BRAM_18K| DSP |   FF   |  LUT  | URAM|
+-----------------+---------+-----+--------+-------+-----+
|DSP              |        -|    -|       -|      -|    -|
|Expression       |        -|    -|       0|   3624|    -|
|FIFO             |        -|    -|       -|      -|    -|
|Instance         |        -|    -|       -|      -|    -|
|Memory           |        -|    -|       -|      -|    -|
|Multiplexer      |        -|    -|       0|    616|    -|
|Register         |        -|    -|     762|      -|    -|
+-----------------+---------+-----+--------+-------+-----+
|Total            |        0|    0|     762|   4240|    0|
+-----------------+---------+-----+--------+-------+-----+
|Available        |      432|  360|  141120|  70560|    0|
+-----------------+---------+-----+--------+-------+-----+
|Utilization (%)  |        0|    0|      ~0|      6|    0|
+-----------------+---------+-----+--------+-------+-----+

+ Detail: 
    * Instance: 
    N/A

    * DSP: 
    N/A

    * Memory: 
    N/A

    * FIFO: 
    N/A

    * Expression: 
    +----------------------------+----------+----+---+----+------------+------------+
    |        Variable Name       | Operation| DSP| FF| LUT| Bitwidth P0| Bitwidth P1|
    +----------------------------+----------+----+---+----+------------+------------+
    |sub_ln141_10_fu_2557_p2     |         -|   0|  0|  39|           1|          32|
    |sub_ln141_11_fu_2601_p2     |         -|   0|  0|  39|           1|          32|
    |sub_ln141_12_fu_2645_p2     |         -|   0|  0|  39|           1|          32|
    |sub_ln141_13_fu_2689_p2     |         -|   0|  0|  39|           1|          32|
    |sub_ln141_14_fu_2733_p2     |         -|   0|  0|  39|           1|          32|
    |sub_ln141_15_fu_2777_p2     |         -|   0|  0|  39|           1|          32|
    |sub_ln141_16_fu_2821_p2     |         -|   0|  0|  39|           1|          32|
    |sub_ln141_17_fu_2865_p2     |         -|   0|  0|  39|           1|          32|
    |sub_ln141_18_fu_2909_p2     |         -|   0|  0|  39|           1|          32|
    |sub_ln141_19_fu_2953_p2     |         -|   0|  0|  39|           1|          32|
    |sub_ln141_1_fu_2161_p2      |         -|   0|  0|  39|           1|          32|
    |sub_ln141_20_fu_2997_p2     |         -|   0|  0|  39|           1|          32|
    |sub_ln141_21_fu_3041_p2     |         -|   0|  0|  39|           1|          32|
    |sub_ln141_22_fu_3085_p2     |         -|   0|  0|  39|           1|          32|
    |sub_ln141_23_fu_3129_p2     |         -|   0|  0|  39|           1|          32|
    |sub_ln141_2_fu_2205_p2      |         -|   0|  0|  39|           1|          32|
    |sub_ln141_3_fu_2249_p2      |         -|   0|  0|  39|           1|          32|
    |sub_ln141_4_fu_2293_p2      |         -|   0|  0|  39|           1|          32|
    |sub_ln141_5_fu_2337_p2      |         -|   0|  0|  39|           1|          32|
    |sub_ln141_6_fu_2381_p2      |         -|   0|  0|  39|           1|          32|
    |sub_ln141_7_fu_2425_p2      |         -|   0|  0|  39|           1|          32|
    |sub_ln141_8_fu_2469_p2      |         -|   0|  0|  39|           1|          32|
    |sub_ln141_9_fu_2513_p2      |         -|   0|  0|  39|           1|          32|
    |sub_ln141_fu_2117_p2        |         -|   0|  0|  39|           1|          32|
    |or_ln141_10_fu_2527_p2      |        or|   0|  0|   2|           1|           1|
    |or_ln141_11_fu_2571_p2      |        or|   0|  0|   2|           1|           1|
    |or_ln141_12_fu_2615_p2      |        or|   0|  0|   2|           1|           1|
    |or_ln141_13_fu_2659_p2      |        or|   0|  0|   2|           1|           1|
    |or_ln141_14_fu_2703_p2      |        or|   0|  0|   2|           1|           1|
    |or_ln141_15_fu_2747_p2      |        or|   0|  0|   2|           1|           1|
    |or_ln141_16_fu_2791_p2      |        or|   0|  0|   2|           1|           1|
    |or_ln141_17_fu_2835_p2      |        or|   0|  0|   2|           1|           1|
    |or_ln141_18_fu_2879_p2      |        or|   0|  0|   2|           1|           1|
    |or_ln141_19_fu_2923_p2      |        or|   0|  0|   2|           1|           1|
    |or_ln141_1_fu_2131_p2       |        or|   0|  0|   2|           1|           1|
    |or_ln141_20_fu_2967_p2      |        or|   0|  0|   2|           1|           1|
    |or_ln141_21_fu_3011_p2      |        or|   0|  0|   2|           1|           1|
    |or_ln141_22_fu_3055_p2      |        or|   0|  0|   2|           1|           1|
    |or_ln141_23_fu_3099_p2      |        or|   0|  0|   2|           1|           1|
    |or_ln141_2_fu_2175_p2       |        or|   0|  0|   2|           1|           1|
    |or_ln141_3_fu_2219_p2       |        or|   0|  0|   2|           1|           1|
    |or_ln141_4_fu_2263_p2       |        or|   0|  0|   2|           1|           1|
    |or_ln141_5_fu_2307_p2       |        or|   0|  0|   2|           1|           1|
    |or_ln141_6_fu_2351_p2       |        or|   0|  0|   2|           1|           1|
    |or_ln141_7_fu_2395_p2       |        or|   0|  0|   2|           1|           1|
    |or_ln141_8_fu_2439_p2       |        or|   0|  0|   2|           1|           1|
    |or_ln141_9_fu_2483_p2       |        or|   0|  0|   2|           1|           1|
    |or_ln141_fu_2084_p2         |        or|   0|  0|   2|           1|           1|
    |select_ln141_10_fu_2189_p3  |    select|   0|  0|  32|           1|          32|
    |select_ln141_12_fu_2223_p3  |    select|   0|  0|  24|           1|           1|
    |select_ln141_13_fu_2239_p3  |    select|   0|  0|  22|           1|          23|
    |select_ln141_14_fu_2233_p3  |    select|   0|  0|  32|           1|          32|
    |select_ln141_16_fu_2267_p3  |    select|   0|  0|  24|           1|           1|
    |select_ln141_17_fu_2283_p3  |    select|   0|  0|  22|           1|          23|
    |select_ln141_18_fu_2277_p3  |    select|   0|  0|  32|           1|          32|
    |select_ln141_1_fu_2106_p3   |    select|   0|  0|  22|           1|          23|
    |select_ln141_20_fu_2311_p3  |    select|   0|  0|  24|           1|           1|
    |select_ln141_21_fu_2327_p3  |    select|   0|  0|  22|           1|          23|
    |select_ln141_22_fu_2321_p3  |    select|   0|  0|  32|           1|          32|
    |select_ln141_24_fu_2355_p3  |    select|   0|  0|  24|           1|           1|
    |select_ln141_25_fu_2371_p3  |    select|   0|  0|  22|           1|          23|
    |select_ln141_26_fu_2365_p3  |    select|   0|  0|  32|           1|          32|
    |select_ln141_28_fu_2399_p3  |    select|   0|  0|  24|           1|           1|
    |select_ln141_29_fu_2415_p3  |    select|   0|  0|  22|           1|          23|
    |select_ln141_2_fu_2099_p3   |    select|   0|  0|  32|           1|          32|
    |select_ln141_30_fu_2409_p3  |    select|   0|  0|  32|           1|          32|
    |select_ln141_32_fu_2443_p3  |    select|   0|  0|  24|           1|           1|
    |select_ln141_33_fu_2459_p3  |    select|   0|  0|  22|           1|          23|
    |select_ln141_34_fu_2453_p3  |    select|   0|  0|  32|           1|          32|
    |select_ln141_36_fu_2487_p3  |    select|   0|  0|  24|           1|           1|
    |select_ln141_37_fu_2503_p3  |    select|   0|  0|  22|           1|          23|
    |select_ln141_38_fu_2497_p3  |    select|   0|  0|  32|           1|          32|
    |select_ln141_40_fu_2531_p3  |    select|   0|  0|  24|           1|           1|
    |select_ln141_41_fu_2547_p3  |    select|   0|  0|  22|           1|          23|
    |select_ln141_42_fu_2541_p3  |    select|   0|  0|  32|           1|          32|
    |select_ln141_44_fu_2575_p3  |    select|   0|  0|  24|           1|           1|
    |select_ln141_45_fu_2591_p3  |    select|   0|  0|  22|           1|          23|
    |select_ln141_46_fu_2585_p3  |    select|   0|  0|  32|           1|          32|
    |select_ln141_48_fu_2619_p3  |    select|   0|  0|  24|           1|           1|
    |select_ln141_49_fu_2635_p3  |    select|   0|  0|  22|           1|          23|
    |select_ln141_4_fu_2135_p3   |    select|   0|  0|  24|           1|           1|
    |select_ln141_50_fu_2629_p3  |    select|   0|  0|  32|           1|          32|
    |select_ln141_52_fu_2663_p3  |    select|   0|  0|  24|           1|           1|
    |select_ln141_53_fu_2679_p3  |    select|   0|  0|  22|           1|          23|
    |select_ln141_54_fu_2673_p3  |    select|   0|  0|  32|           1|          32|
    |select_ln141_56_fu_2707_p3  |    select|   0|  0|  24|           1|           1|
    |select_ln141_57_fu_2723_p3  |    select|   0|  0|  22|           1|          23|
    |select_ln141_58_fu_2717_p3  |    select|   0|  0|  32|           1|          32|
    |select_ln141_5_fu_2151_p3   |    select|   0|  0|  22|           1|          23|
    |select_ln141_60_fu_2751_p3  |    select|   0|  0|  24|           1|           1|
    |select_ln141_61_fu_2767_p3  |    select|   0|  0|  22|           1|          23|
    |select_ln141_62_fu_2761_p3  |    select|   0|  0|  32|           1|          32|
    |select_ln141_64_fu_2795_p3  |    select|   0|  0|  24|           1|           1|
    |select_ln141_65_fu_2811_p3  |    select|   0|  0|  22|           1|          23|
    |select_ln141_66_fu_2805_p3  |    select|   0|  0|  32|           1|          32|
    |select_ln141_68_fu_2839_p3  |    select|   0|  0|  24|           1|           1|
    |select_ln141_69_fu_2855_p3  |    select|   0|  0|  22|           1|          23|
    |select_ln141_6_fu_2145_p3   |    select|   0|  0|  32|           1|          32|
    |select_ln141_70_fu_2849_p3  |    select|   0|  0|  32|           1|          32|
    |select_ln141_72_fu_2883_p3  |    select|   0|  0|  24|           1|           1|
    |select_ln141_73_fu_2899_p3  |    select|   0|  0|  22|           1|          23|
    |select_ln141_74_fu_2893_p3  |    select|   0|  0|  32|           1|          32|
    |select_ln141_76_fu_2927_p3  |    select|   0|  0|  24|           1|           1|
    |select_ln141_77_fu_2943_p3  |    select|   0|  0|  22|           1|          23|
    |select_ln141_78_fu_2937_p3  |    select|   0|  0|  32|           1|          32|
    |select_ln141_80_fu_2971_p3  |    select|   0|  0|  24|           1|           1|
    |select_ln141_81_fu_2987_p3  |    select|   0|  0|  22|           1|          23|
    |select_ln141_82_fu_2981_p3  |    select|   0|  0|  32|           1|          32|
    |select_ln141_84_fu_3015_p3  |    select|   0|  0|  24|           1|           1|
    |select_ln141_85_fu_3031_p3  |    select|   0|  0|  22|           1|          23|
    |select_ln141_86_fu_3025_p3  |    select|   0|  0|  32|           1|          32|
    |select_ln141_88_fu_3059_p3  |    select|   0|  0|  24|           1|           1|
    |select_ln141_89_fu_3075_p3  |    select|   0|  0|  22|           1|          23|
    |select_ln141_8_fu_2179_p3   |    select|   0|  0|  24|           1|           1|
    |select_ln141_90_fu_3069_p3  |    select|   0|  0|  32|           1|          32|
    |select_ln141_92_fu_3103_p3  |    select|   0|  0|  24|           1|           1|
    |select_ln141_93_fu_3119_p3  |    select|   0|  0|  22|           1|          23|
    |select_ln141_94_fu_3113_p3  |    select|   0|  0|  32|           1|          32|
    |select_ln141_9_fu_2195_p3   |    select|   0|  0|  22|           1|          23|
    |select_ln141_fu_2088_p3     |    select|   0|  0|  24|           1|           1|
    |tmp_data_10_fu_2563_p3      |    select|   0|  0|  32|           1|          32|
    |tmp_data_11_fu_2607_p3      |    select|   0|  0|  32|           1|          32|
    |tmp_data_12_fu_2651_p3      |    select|   0|  0|  32|           1|          32|
    |tmp_data_13_fu_2695_p3      |    select|   0|  0|  32|           1|          32|
    |tmp_data_14_fu_2739_p3      |    select|   0|  0|  32|           1|          32|
    |tmp_data_15_fu_2783_p3      |    select|   0|  0|  32|           1|          32|
    |tmp_data_16_fu_2827_p3      |    select|   0|  0|  32|           1|          32|
    |tmp_data_17_fu_2871_p3      |    select|   0|  0|  32|           1|          32|
    |tmp_data_18_fu_2915_p3      |    select|   0|  0|  32|           1|          32|
    |tmp_data_19_fu_2959_p3      |    select|   0|  0|  32|           1|          32|
    |tmp_data_1_fu_2167_p3       |    select|   0|  0|  32|           1|          32|
    |tmp_data_20_fu_3003_p3      |    select|   0|  0|  32|           1|          32|
    |tmp_data_21_fu_3047_p3      |    select|   0|  0|  32|           1|          32|
    |tmp_data_22_fu_3091_p3      |    select|   0|  0|  32|           1|          32|
    |tmp_data_23_fu_3135_p3      |    select|   0|  0|  32|           1|          32|
    |tmp_data_2_fu_2211_p3       |    select|   0|  0|  32|           1|          32|
    |tmp_data_3_fu_2255_p3       |    select|   0|  0|  32|           1|          32|
    |tmp_data_4_fu_2299_p3       |    select|   0|  0|  32|           1|          32|
    |tmp_data_5_fu_2343_p3       |    select|   0|  0|  32|           1|          32|
    |tmp_data_6_fu_2387_p3       |    select|   0|  0|  32|           1|          32|
    |tmp_data_7_fu_2431_p3       |    select|   0|  0|  32|           1|          32|
    |tmp_data_8_fu_2475_p3       |    select|   0|  0|  32|           1|          32|
    |tmp_data_9_fu_2519_p3       |    select|   0|  0|  32|           1|          32|
    |tmp_data_fu_2123_p3         |    select|   0|  0|  32|           1|          32|
    +----------------------------+----------+----+---+----+------------+------------+
    |Total                       |          |   0|  0|3624|         144|        2904|
    +----------------------------+----------+----+---+----+------------+------------+

    * Multiplexer: 
    +-------------------------------------+-----+-----------+-----+-----------+
    |                 Name                | LUT | Input Size| Bits| Total Bits|
    +-------------------------------------+-----+-----------+-----+-----------+
    |ap_NS_fsm                            |  135|         27|    1|         27|
    |ap_phi_mux_ref_tmp_0_phi_fu_1823_p6  |   20|          4|   32|        128|
    |coefficients_TDATA                   |  130|         26|   32|        832|
    |coefficients_TDATA_blk_n             |    9|          2|    1|          2|
    |ref_tmp_0_10_reg_1930                |   14|          3|   32|         96|
    |ref_tmp_0_11_reg_1941                |   14|          3|   32|         96|
    |ref_tmp_0_12_reg_1952                |   14|          3|   32|         96|
    |ref_tmp_0_13_reg_1963                |   14|          3|   32|         96|
    |ref_tmp_0_14_reg_1974                |   14|          3|   32|         96|
    |ref_tmp_0_15_reg_1985                |   14|          3|   32|         96|
    |ref_tmp_0_16_reg_1996                |   14|          3|   32|         96|
    |ref_tmp_0_17_reg_2007                |   14|          3|   32|         96|
    |ref_tmp_0_18_reg_2018                |   14|          3|   32|         96|
    |ref_tmp_0_19_reg_2029                |   14|          3|   32|         96|
    |ref_tmp_0_1_reg_1831                 |   14|          3|   32|         96|
    |ref_tmp_0_20_reg_2040                |   14|          3|   32|         96|
    |ref_tmp_0_21_reg_2051                |   14|          3|   32|         96|
    |ref_tmp_0_22_reg_2062                |   14|          3|   32|         96|
    |ref_tmp_0_23_reg_2073                |   14|          3|   32|         96|
    |ref_tmp_0_2_reg_1842                 |   14|          3|   32|         96|
    |ref_tmp_0_3_reg_1853                 |   14|          3|   32|         96|
    |ref_tmp_0_4_reg_1864                 |   14|          3|   32|         96|
    |ref_tmp_0_5_reg_1875                 |   14|          3|   32|         96|
    |ref_tmp_0_6_reg_1886                 |   14|          3|   32|         96|
    |ref_tmp_0_7_reg_1897                 |   14|          3|   32|         96|
    |ref_tmp_0_8_reg_1908                 |   14|          3|   32|         96|
    |ref_tmp_0_9_reg_1919                 |   14|          3|   32|         96|
    +-------------------------------------+-----+-----------+-----+-----------+
    |Total                                |  616|        128|  802|       3197|
    +-------------------------------------+-----+-----------+-----+-----------+

    * Register: 
    +-----------------------+----+----+-----+-----------+
    |          Name         | FF | LUT| Bits| Const Bits|
    +-----------------------+----+----+-----+-----------+
    |ap_CS_fsm              |  26|   0|   26|          0|
    |ref_tmp_0_10_reg_1930  |  32|   0|   32|          0|
    |ref_tmp_0_11_reg_1941  |  32|   0|   32|          0|
    |ref_tmp_0_12_reg_1952  |  32|   0|   32|          0|
    |ref_tmp_0_13_reg_1963  |  32|   0|   32|          0|
    |ref_tmp_0_14_reg_1974  |  32|   0|   32|          0|
    |ref_tmp_0_15_reg_1985  |  32|   0|   32|          0|
    |ref_tmp_0_16_reg_1996  |  32|   0|   32|          0|
    |ref_tmp_0_17_reg_2007  |  32|   0|   32|          0|
    |ref_tmp_0_18_reg_2018  |  32|   0|   32|          0|
    |ref_tmp_0_19_reg_2029  |  32|   0|   32|          0|
    |ref_tmp_0_1_reg_1831   |  32|   0|   32|          0|
    |ref_tmp_0_20_reg_2040  |  32|   0|   32|          0|
    |ref_tmp_0_21_reg_2051  |  32|   0|   32|          0|
    |ref_tmp_0_22_reg_2062  |  32|   0|   32|          0|
    |ref_tmp_0_23_reg_2073  |  32|   0|   32|          0|
    |ref_tmp_0_2_reg_1842   |  32|   0|   32|          0|
    |ref_tmp_0_3_reg_1853   |  32|   0|   32|          0|
    |ref_tmp_0_4_reg_1864   |  32|   0|   32|          0|
    |ref_tmp_0_5_reg_1875   |  32|   0|   32|          0|
    |ref_tmp_0_6_reg_1886   |  32|   0|   32|          0|
    |ref_tmp_0_7_reg_1897   |  32|   0|   32|          0|
    |ref_tmp_0_8_reg_1908   |  32|   0|   32|          0|
    |ref_tmp_0_9_reg_1919   |  32|   0|   32|          0|
    +-----------------------+----+----+-----+-----------+
    |Total                  | 762|   0|  762|          0|
    +-----------------------+----+----+-----+-----------+



================================================================
== Interface
================================================================
* Summary: 
+---------------------+-----+-----+------------+------------------------------------------------+--------------+
|      RTL Ports      | Dir | Bits|  Protocol  |                  Source Object                 |    C Type    |
+---------------------+-----+-----+------------+------------------------------------------------+--------------+
|ap_clk               |   in|    1|  ap_ctrl_hs|  calculateCoefficients_Pipeline_VITIS_LOOP_23_2|  return value|
|ap_rst               |   in|    1|  ap_ctrl_hs|  calculateCoefficients_Pipeline_VITIS_LOOP_23_2|  return value|
|ap_start             |   in|    1|  ap_ctrl_hs|  calculateCoefficients_Pipeline_VITIS_LOOP_23_2|  return value|
|ap_done              |  out|    1|  ap_ctrl_hs|  calculateCoefficients_Pipeline_VITIS_LOOP_23_2|  return value|
|ap_idle              |  out|    1|  ap_ctrl_hs|  calculateCoefficients_Pipeline_VITIS_LOOP_23_2|  return value|
|ap_ready             |  out|    1|  ap_ctrl_hs|  calculateCoefficients_Pipeline_VITIS_LOOP_23_2|  return value|
|cmp_i_i              |   in|    1|     ap_none|                                         cmp_i_i|        scalar|
|cmp26_i_i            |   in|    1|     ap_none|                                       cmp26_i_i|        scalar|
|conv29_i_i_cast      |   in|   24|     ap_none|                                 conv29_i_i_cast|        scalar|
|empty_36             |   in|    1|     ap_none|                                        empty_36|        scalar|
|coefficients_TDATA   |  out|   32|        axis|                           coefficients_V_data_V|       pointer|
|coefficients_TREADY  |   in|    1|        axis|                           coefficients_V_data_V|       pointer|
|coefficients_TVALID  |  out|    1|        axis|                           coefficients_V_dest_V|       pointer|
|coefficients_TDEST   |  out|    6|        axis|                           coefficients_V_dest_V|       pointer|
|coefficients_TKEEP   |  out|    4|        axis|                           coefficients_V_keep_V|       pointer|
|coefficients_TSTRB   |  out|    4|        axis|                           coefficients_V_strb_V|       pointer|
|coefficients_TUSER   |  out|    2|        axis|                           coefficients_V_user_V|       pointer|
|coefficients_TLAST   |  out|    1|        axis|                           coefficients_V_last_V|       pointer|
|coefficients_TID     |  out|    5|        axis|                             coefficients_V_id_V|       pointer|
|empty_37             |   in|    1|     ap_none|                                        empty_37|        scalar|
|cmp_i_i_23           |   in|    1|     ap_none|                                      cmp_i_i_23|        scalar|
|cmp26_i_i_23         |   in|    1|     ap_none|                                    cmp26_i_i_23|        scalar|
|conv29_i_i_23_cast   |   in|   24|     ap_none|                              conv29_i_i_23_cast|        scalar|
|empty_38             |   in|    1|     ap_none|                                        empty_38|        scalar|
|cmp_i_i_22           |   in|    1|     ap_none|                                      cmp_i_i_22|        scalar|
|cmp26_i_i_22         |   in|    1|     ap_none|                                    cmp26_i_i_22|        scalar|
|conv29_i_i_22_cast   |   in|   24|     ap_none|                              conv29_i_i_22_cast|        scalar|
|empty_39             |   in|    1|     ap_none|                                        empty_39|        scalar|
|cmp_i_i_21           |   in|    1|     ap_none|                                      cmp_i_i_21|        scalar|
|cmp26_i_i_21         |   in|    1|     ap_none|                                    cmp26_i_i_21|        scalar|
|conv29_i_i_21_cast   |   in|   24|     ap_none|                              conv29_i_i_21_cast|        scalar|
|empty_40             |   in|    1|     ap_none|                                        empty_40|        scalar|
|cmp_i_i_20           |   in|    1|     ap_none|                                      cmp_i_i_20|        scalar|
|cmp26_i_i_20         |   in|    1|     ap_none|                                    cmp26_i_i_20|        scalar|
|conv29_i_i_20_cast   |   in|   24|     ap_none|                              conv29_i_i_20_cast|        scalar|
|empty_41             |   in|    1|     ap_none|                                        empty_41|        scalar|
|cmp_i_i_19           |   in|    1|     ap_none|                                      cmp_i_i_19|        scalar|
|cmp26_i_i_19         |   in|    1|     ap_none|                                    cmp26_i_i_19|        scalar|
|conv29_i_i_19_cast   |   in|   24|     ap_none|                              conv29_i_i_19_cast|        scalar|
|empty_42             |   in|    1|     ap_none|                                        empty_42|        scalar|
|cmp_i_i_18           |   in|    1|     ap_none|                                      cmp_i_i_18|        scalar|
|cmp26_i_i_18         |   in|    1|     ap_none|                                    cmp26_i_i_18|        scalar|
|conv29_i_i_18_cast   |   in|   24|     ap_none|                              conv29_i_i_18_cast|        scalar|
|empty_43             |   in|    1|     ap_none|                                        empty_43|        scalar|
|cmp_i_i_17           |   in|    1|     ap_none|                                      cmp_i_i_17|        scalar|
|cmp26_i_i_17         |   in|    1|     ap_none|                                    cmp26_i_i_17|        scalar|
|conv29_i_i_17_cast   |   in|   24|     ap_none|                              conv29_i_i_17_cast|        scalar|
|empty_44             |   in|    1|     ap_none|                                        empty_44|        scalar|
|cmp_i_i_16           |   in|    1|     ap_none|                                      cmp_i_i_16|        scalar|
|cmp26_i_i_16         |   in|    1|     ap_none|                                    cmp26_i_i_16|        scalar|
|conv29_i_i_16_cast   |   in|   24|     ap_none|                              conv29_i_i_16_cast|        scalar|
|empty_45             |   in|    1|     ap_none|                                        empty_45|        scalar|
|cmp_i_i_15           |   in|    1|     ap_none|                                      cmp_i_i_15|        scalar|
|cmp26_i_i_15         |   in|    1|     ap_none|                                    cmp26_i_i_15|        scalar|
|conv29_i_i_15_cast   |   in|   24|     ap_none|                              conv29_i_i_15_cast|        scalar|
|empty_46             |   in|    1|     ap_none|                                        empty_46|        scalar|
|cmp_i_i_14           |   in|    1|     ap_none|                                      cmp_i_i_14|        scalar|
|cmp26_i_i_14         |   in|    1|     ap_none|                                    cmp26_i_i_14|        scalar|
|conv29_i_i_14_cast   |   in|   24|     ap_none|                              conv29_i_i_14_cast|        scalar|
|empty_47             |   in|    1|     ap_none|                                        empty_47|        scalar|
|cmp_i_i_13           |   in|    1|     ap_none|                                      cmp_i_i_13|        scalar|
|cmp26_i_i_13         |   in|    1|     ap_none|                                    cmp26_i_i_13|        scalar|
|conv29_i_i_13_cast   |   in|   24|     ap_none|                              conv29_i_i_13_cast|        scalar|
|empty_48             |   in|    1|     ap_none|                                        empty_48|        scalar|
|cmp_i_i_12           |   in|    1|     ap_none|                                      cmp_i_i_12|        scalar|
|cmp26_i_i_12         |   in|    1|     ap_none|                                    cmp26_i_i_12|        scalar|
|conv29_i_i_12_cast   |   in|   24|     ap_none|                              conv29_i_i_12_cast|        scalar|
|empty_49             |   in|    1|     ap_none|                                        empty_49|        scalar|
|cmp_i_i_11           |   in|    1|     ap_none|                                      cmp_i_i_11|        scalar|
|cmp26_i_i_11         |   in|    1|     ap_none|                                    cmp26_i_i_11|        scalar|
|conv29_i_i_11_cast   |   in|   24|     ap_none|                              conv29_i_i_11_cast|        scalar|
|empty_50             |   in|    1|     ap_none|                                        empty_50|        scalar|
|cmp_i_i_10           |   in|    1|     ap_none|                                      cmp_i_i_10|        scalar|
|cmp26_i_i_10         |   in|    1|     ap_none|                                    cmp26_i_i_10|        scalar|
|conv29_i_i_10_cast   |   in|   24|     ap_none|                              conv29_i_i_10_cast|        scalar|
|empty_51             |   in|    1|     ap_none|                                        empty_51|        scalar|
|cmp_i_i_9            |   in|    1|     ap_none|                                       cmp_i_i_9|        scalar|
|cmp26_i_i_9          |   in|    1|     ap_none|                                     cmp26_i_i_9|        scalar|
|conv29_i_i_9_cast    |   in|   24|     ap_none|                               conv29_i_i_9_cast|        scalar|
|empty_52             |   in|    1|     ap_none|                                        empty_52|        scalar|
|cmp_i_i_8            |   in|    1|     ap_none|                                       cmp_i_i_8|        scalar|
|cmp26_i_i_8          |   in|    1|     ap_none|                                     cmp26_i_i_8|        scalar|
|conv29_i_i_8_cast    |   in|   24|     ap_none|                               conv29_i_i_8_cast|        scalar|
|empty_53             |   in|    1|     ap_none|                                        empty_53|        scalar|
|cmp_i_i_7            |   in|    1|     ap_none|                                       cmp_i_i_7|        scalar|
|cmp26_i_i_7          |   in|    1|     ap_none|                                     cmp26_i_i_7|        scalar|
|conv29_i_i_7_cast    |   in|   24|     ap_none|                               conv29_i_i_7_cast|        scalar|
|empty_54             |   in|    1|     ap_none|                                        empty_54|        scalar|
|cmp_i_i_6            |   in|    1|     ap_none|                                       cmp_i_i_6|        scalar|
|cmp26_i_i_6          |   in|    1|     ap_none|                                     cmp26_i_i_6|        scalar|
|conv29_i_i_6_cast    |   in|   24|     ap_none|                               conv29_i_i_6_cast|        scalar|
|empty_55             |   in|    1|     ap_none|                                        empty_55|        scalar|
|cmp_i_i_5            |   in|    1|     ap_none|                                       cmp_i_i_5|        scalar|
|cmp26_i_i_5          |   in|    1|     ap_none|                                     cmp26_i_i_5|        scalar|
|conv29_i_i_5_cast    |   in|   24|     ap_none|                               conv29_i_i_5_cast|        scalar|
|empty_56             |   in|    1|     ap_none|                                        empty_56|        scalar|
|cmp_i_i_4            |   in|    1|     ap_none|                                       cmp_i_i_4|        scalar|
|cmp26_i_i_4          |   in|    1|     ap_none|                                     cmp26_i_i_4|        scalar|
|conv29_i_i_4_cast    |   in|   24|     ap_none|                               conv29_i_i_4_cast|        scalar|
|empty_57             |   in|    1|     ap_none|                                        empty_57|        scalar|
|cmp_i_i_3            |   in|    1|     ap_none|                                       cmp_i_i_3|        scalar|
|cmp26_i_i_3          |   in|    1|     ap_none|                                     cmp26_i_i_3|        scalar|
|conv29_i_i_3_cast    |   in|   24|     ap_none|                               conv29_i_i_3_cast|        scalar|
|empty_58             |   in|    1|     ap_none|                                        empty_58|        scalar|
|cmp_i_i_2            |   in|    1|     ap_none|                                       cmp_i_i_2|        scalar|
|cmp26_i_i_2          |   in|    1|     ap_none|                                     cmp26_i_i_2|        scalar|
|conv29_i_i_2_cast    |   in|   24|     ap_none|                               conv29_i_i_2_cast|        scalar|
|empty_59             |   in|    1|     ap_none|                                        empty_59|        scalar|
|cmp_i_i_1            |   in|    1|     ap_none|                                       cmp_i_i_1|        scalar|
|cmp26_i_i_1          |   in|    1|     ap_none|                                     cmp26_i_i_1|        scalar|
|conv29_i_i_1_cast    |   in|   24|     ap_none|                               conv29_i_i_1_cast|        scalar|
|cmp34_i_i            |   in|    1|     ap_none|                                       cmp34_i_i|        scalar|
|empty_60             |   in|   23|     ap_none|                                        empty_60|        scalar|
|cmp32_i_i            |   in|    1|     ap_none|                                       cmp32_i_i|        scalar|
|icmp                 |   in|    1|     ap_none|                                            icmp|        scalar|
|shl_i_i              |   in|   32|     ap_none|                                         shl_i_i|        scalar|
|icmp91               |   in|    1|     ap_none|                                          icmp91|        scalar|
|shl_i_i_1            |   in|   32|     ap_none|                                       shl_i_i_1|        scalar|
|cmp32_i_i_1          |   in|    1|     ap_none|                                     cmp32_i_i_1|        scalar|
|cmp34_i_i_1          |   in|    1|     ap_none|                                     cmp34_i_i_1|        scalar|
|empty_61             |   in|   23|     ap_none|                                        empty_61|        scalar|
|icmp95               |   in|    1|     ap_none|                                          icmp95|        scalar|
|shl_i_i_2            |   in|   32|     ap_none|                                       shl_i_i_2|        scalar|
|cmp32_i_i_2          |   in|    1|     ap_none|                                     cmp32_i_i_2|        scalar|
|cmp34_i_i_2          |   in|    1|     ap_none|                                     cmp34_i_i_2|        scalar|
|empty_62             |   in|   23|     ap_none|                                        empty_62|        scalar|
|icmp99               |   in|    1|     ap_none|                                          icmp99|        scalar|
|shl_i_i_3            |   in|   32|     ap_none|                                       shl_i_i_3|        scalar|
|cmp32_i_i_3          |   in|    1|     ap_none|                                     cmp32_i_i_3|        scalar|
|cmp34_i_i_3          |   in|    1|     ap_none|                                     cmp34_i_i_3|        scalar|
|empty_63             |   in|   23|     ap_none|                                        empty_63|        scalar|
|icmp103              |   in|    1|     ap_none|                                         icmp103|        scalar|
|shl_i_i_4            |   in|   32|     ap_none|                                       shl_i_i_4|        scalar|
|cmp32_i_i_4          |   in|    1|     ap_none|                                     cmp32_i_i_4|        scalar|
|cmp34_i_i_4          |   in|    1|     ap_none|                                     cmp34_i_i_4|        scalar|
|empty_64             |   in|   23|     ap_none|                                        empty_64|        scalar|
|icmp107              |   in|    1|     ap_none|                                         icmp107|        scalar|
|shl_i_i_5            |   in|   32|     ap_none|                                       shl_i_i_5|        scalar|
|cmp32_i_i_5          |   in|    1|     ap_none|                                     cmp32_i_i_5|        scalar|
|cmp34_i_i_5          |   in|    1|     ap_none|                                     cmp34_i_i_5|        scalar|
|empty_65             |   in|   23|     ap_none|                                        empty_65|        scalar|
|icmp111              |   in|    1|     ap_none|                                         icmp111|        scalar|
|shl_i_i_6            |   in|   32|     ap_none|                                       shl_i_i_6|        scalar|
|cmp32_i_i_6          |   in|    1|     ap_none|                                     cmp32_i_i_6|        scalar|
|cmp34_i_i_6          |   in|    1|     ap_none|                                     cmp34_i_i_6|        scalar|
|empty_66             |   in|   23|     ap_none|                                        empty_66|        scalar|
|icmp115              |   in|    1|     ap_none|                                         icmp115|        scalar|
|shl_i_i_7            |   in|   32|     ap_none|                                       shl_i_i_7|        scalar|
|cmp32_i_i_7          |   in|    1|     ap_none|                                     cmp32_i_i_7|        scalar|
|cmp34_i_i_7          |   in|    1|     ap_none|                                     cmp34_i_i_7|        scalar|
|empty_67             |   in|   23|     ap_none|                                        empty_67|        scalar|
|icmp119              |   in|    1|     ap_none|                                         icmp119|        scalar|
|shl_i_i_8            |   in|   32|     ap_none|                                       shl_i_i_8|        scalar|
|cmp32_i_i_8          |   in|    1|     ap_none|                                     cmp32_i_i_8|        scalar|
|cmp34_i_i_8          |   in|    1|     ap_none|                                     cmp34_i_i_8|        scalar|
|empty_68             |   in|   23|     ap_none|                                        empty_68|        scalar|
|icmp123              |   in|    1|     ap_none|                                         icmp123|        scalar|
|shl_i_i_9            |   in|   32|     ap_none|                                       shl_i_i_9|        scalar|
|cmp32_i_i_9          |   in|    1|     ap_none|                                     cmp32_i_i_9|        scalar|
|cmp34_i_i_9          |   in|    1|     ap_none|                                     cmp34_i_i_9|        scalar|
|empty_69             |   in|   23|     ap_none|                                        empty_69|        scalar|
|icmp127              |   in|    1|     ap_none|                                         icmp127|        scalar|
|shl_i_i_10           |   in|   32|     ap_none|                                      shl_i_i_10|        scalar|
|cmp32_i_i_10         |   in|    1|     ap_none|                                    cmp32_i_i_10|        scalar|
|cmp34_i_i_10         |   in|    1|     ap_none|                                    cmp34_i_i_10|        scalar|
|empty_70             |   in|   23|     ap_none|                                        empty_70|        scalar|
|icmp131              |   in|    1|     ap_none|                                         icmp131|        scalar|
|shl_i_i_11           |   in|   32|     ap_none|                                      shl_i_i_11|        scalar|
|cmp32_i_i_11         |   in|    1|     ap_none|                                    cmp32_i_i_11|        scalar|
|cmp34_i_i_11         |   in|    1|     ap_none|                                    cmp34_i_i_11|        scalar|
|empty_71             |   in|   23|     ap_none|                                        empty_71|        scalar|
|icmp135              |   in|    1|     ap_none|                                         icmp135|        scalar|
|shl_i_i_12           |   in|   32|     ap_none|                                      shl_i_i_12|        scalar|
|cmp32_i_i_12         |   in|    1|     ap_none|                                    cmp32_i_i_12|        scalar|
|cmp34_i_i_12         |   in|    1|     ap_none|                                    cmp34_i_i_12|        scalar|
|empty_72             |   in|   23|     ap_none|                                        empty_72|        scalar|
|icmp139              |   in|    1|     ap_none|                                         icmp139|        scalar|
|shl_i_i_13           |   in|   32|     ap_none|                                      shl_i_i_13|        scalar|
|cmp32_i_i_13         |   in|    1|     ap_none|                                    cmp32_i_i_13|        scalar|
|cmp34_i_i_13         |   in|    1|     ap_none|                                    cmp34_i_i_13|        scalar|
|empty_73             |   in|   23|     ap_none|                                        empty_73|        scalar|
|icmp143              |   in|    1|     ap_none|                                         icmp143|        scalar|
|shl_i_i_14           |   in|   32|     ap_none|                                      shl_i_i_14|        scalar|
|cmp32_i_i_14         |   in|    1|     ap_none|                                    cmp32_i_i_14|        scalar|
|cmp34_i_i_14         |   in|    1|     ap_none|                                    cmp34_i_i_14|        scalar|
|empty_74             |   in|   23|     ap_none|                                        empty_74|        scalar|
|icmp147              |   in|    1|     ap_none|                                         icmp147|        scalar|
|shl_i_i_15           |   in|   32|     ap_none|                                      shl_i_i_15|        scalar|
|cmp32_i_i_15         |   in|    1|     ap_none|                                    cmp32_i_i_15|        scalar|
|cmp34_i_i_15         |   in|    1|     ap_none|                                    cmp34_i_i_15|        scalar|
|empty_75             |   in|   23|     ap_none|                                        empty_75|        scalar|
|icmp151              |   in|    1|     ap_none|                                         icmp151|        scalar|
|shl_i_i_16           |   in|   32|     ap_none|                                      shl_i_i_16|        scalar|
|cmp32_i_i_16         |   in|    1|     ap_none|                                    cmp32_i_i_16|        scalar|
|cmp34_i_i_16         |   in|    1|     ap_none|                                    cmp34_i_i_16|        scalar|
|empty_76             |   in|   23|     ap_none|                                        empty_76|        scalar|
|icmp155              |   in|    1|     ap_none|                                         icmp155|        scalar|
|shl_i_i_17           |   in|   32|     ap_none|                                      shl_i_i_17|        scalar|
|cmp32_i_i_17         |   in|    1|     ap_none|                                    cmp32_i_i_17|        scalar|
|cmp34_i_i_17         |   in|    1|     ap_none|                                    cmp34_i_i_17|        scalar|
|empty_77             |   in|   23|     ap_none|                                        empty_77|        scalar|
|icmp159              |   in|    1|     ap_none|                                         icmp159|        scalar|
|shl_i_i_18           |   in|   32|     ap_none|                                      shl_i_i_18|        scalar|
|cmp32_i_i_18         |   in|    1|     ap_none|                                    cmp32_i_i_18|        scalar|
|cmp34_i_i_18         |   in|    1|     ap_none|                                    cmp34_i_i_18|        scalar|
|empty_78             |   in|   23|     ap_none|                                        empty_78|        scalar|
|icmp163              |   in|    1|     ap_none|                                         icmp163|        scalar|
|shl_i_i_19           |   in|   32|     ap_none|                                      shl_i_i_19|        scalar|
|cmp32_i_i_19         |   in|    1|     ap_none|                                    cmp32_i_i_19|        scalar|
|cmp34_i_i_19         |   in|    1|     ap_none|                                    cmp34_i_i_19|        scalar|
|empty_79             |   in|   23|     ap_none|                                        empty_79|        scalar|
|icmp167              |   in|    1|     ap_none|                                         icmp167|        scalar|
|shl_i_i_20           |   in|   32|     ap_none|                                      shl_i_i_20|        scalar|
|cmp32_i_i_20         |   in|    1|     ap_none|                                    cmp32_i_i_20|        scalar|
|cmp34_i_i_20         |   in|    1|     ap_none|                                    cmp34_i_i_20|        scalar|
|empty_80             |   in|   23|     ap_none|                                        empty_80|        scalar|
|icmp170              |   in|    1|     ap_none|                                         icmp170|        scalar|
|shl_i_i_21           |   in|   32|     ap_none|                                      shl_i_i_21|        scalar|
|cmp32_i_i_21         |   in|    1|     ap_none|                                    cmp32_i_i_21|        scalar|
|cmp34_i_i_21         |   in|    1|     ap_none|                                    cmp34_i_i_21|        scalar|
|empty_81             |   in|   23|     ap_none|                                        empty_81|        scalar|
|icmp173              |   in|    1|     ap_none|                                         icmp173|        scalar|
|shl_i_i_22           |   in|   32|     ap_none|                                      shl_i_i_22|        scalar|
|cmp32_i_i_22         |   in|    1|     ap_none|                                    cmp32_i_i_22|        scalar|
|cmp34_i_i_22         |   in|    1|     ap_none|                                    cmp34_i_i_22|        scalar|
|empty_82             |   in|   23|     ap_none|                                        empty_82|        scalar|
|icmp176              |   in|    1|     ap_none|                                         icmp176|        scalar|
|shl_i_i_23           |   in|   32|     ap_none|                                      shl_i_i_23|        scalar|
|cmp32_i_i_23         |   in|    1|     ap_none|                                    cmp32_i_i_23|        scalar|
|cmp34_i_i_23         |   in|    1|     ap_none|                                    cmp34_i_i_23|        scalar|
|empty                |   in|   23|     ap_none|                                           empty|        scalar|
+---------------------+-----+-----+------------+------------------------------------------------+--------------+

