

================================================================
== Synthesis Summary Report of 'calculateCoefficients'
================================================================
+ General Information: 
    * Date:           Wed Mar 11 18:28:13 2026
    * Version:        2024.1 (Build 5069499 on May 21 2024)
    * Project:        Audio-Filtering
    * Solution:       hls (Vivado IP Flow Target)
    * Product family: zynquplus
    * Target device:  xczu3eg-sfvc784-2-e
    

+ Performance & Resource Estimates: 
    
    PS: '+' for module; 'o' for loop; '*' for dataflow
    +---------------------------------------------------+------+------+---------+-----------+----------+---------+------+----------+---------+----------+-----------+------------+-----+
    |                      Modules                      | Issue|      | Latency |  Latency  | Iteration|         | Trip |          |         |          |           |            |     |
    |                      & Loops                      | Type | Slack| (cycles)|    (ns)   |  Latency | Interval| Count| Pipelined|  BRAM   |    DSP   |     FF    |     LUT    | URAM|
    +---------------------------------------------------+------+------+---------+-----------+----------+---------+------+----------+---------+----------+-----------+------------+-----+
    |+ calculateCoefficients                            |     -|  0.00|      137|  1.370e+03|         -|      138|     -|        no|  2 (~0%)|  56 (15%)|  7924 (5%)|  7764 (11%)|    -|
    | + calculateCoefficients_Pipeline_VITIS_LOOP_16_1  |     -|  0.00|       70|    700.000|         -|       70|     -|        no|        -|   32 (8%)|  5513 (3%)|   5565 (7%)|    -|
    |  o VITIS_LOOP_16_1                                |     -|  7.30|       68|    680.000|        45|        1|    25|       yes|        -|         -|          -|           -|    -|
    |   + sin_or_cos_float_s                            |    II|  0.30|        5|     50.000|         -|        1|     -|       yes|        -|   13 (3%)|  962 (~0%)|   2557 (3%)|    -|
    |   + sin_or_cos_float_s                            |    II|  0.30|        5|     50.000|         -|        1|     -|       yes|        -|   13 (3%)|  962 (~0%)|   2557 (3%)|    -|
    +---------------------------------------------------+------+------+---------+-----------+----------+---------+------+----------+---------+----------+-----------+------------+-----+


================================================================
== HW Interfaces
================================================================
* M_AXI
+------------+------------+------------+---------------+---------+--------+----------+-----------+--------------+--------------+-------------+-------------+-------------------+
| Interface  | Read/Write | Data Width | Address Width | Latency | Offset | Register | Max Widen | Max Read     | Max Write    | Num Read    | Num Write   | Resource Estimate |
|            |            | (SW->HW)   |               |         |        |          | Bitwidth  | Burst Length | Burst Length | Outstanding | Outstanding |                   |
+------------+------------+------------+---------------+---------+--------+----------+-----------+--------------+--------------+-------------+-------------+-------------------+
| m_axi_gmem | WRITE_ONLY | 32 -> 32   | 64            | 0       | slave  | 0        | 0         | 16           | 16           | 16          | 16          | BRAM=2            |
+------------+------------+------------+---------------+---------+--------+----------+-----------+--------------+--------------+-------------+-------------+-------------------+

* S_AXILITE Interfaces
+---------------+------------+---------------+--------+----------+
| Interface     | Data Width | Address Width | Offset | Register |
+---------------+------------+---------------+--------+----------+
| s_axi_control | 32         | 6             | 16     | 0        |
+---------------+------------+---------------+--------+----------+

* S_AXILITE Registers
+---------------+--------------+--------+-------+--------+-----------------------------+
| Interface     | Register     | Offset | Width | Access | Description                 |
+---------------+--------------+--------+-------+--------+-----------------------------+
| s_axi_control | lowerCutoff  | 0x10   | 32    | W      | Data signal of lowerCutoff  |
| s_axi_control | upperCutoff  | 0x18   | 32    | W      | Data signal of upperCutoff  |
| s_axi_control | samplingRate | 0x20   | 32    | W      | Data signal of samplingRate |
| s_axi_control | bram_1       | 0x28   | 32    | W      | Data signal of bram         |
| s_axi_control | bram_2       | 0x2c   | 32    | W      | Data signal of bram         |
+---------------+--------------+--------+-------+--------+-----------------------------+

* TOP LEVEL CONTROL
+-----------+--------------+----------+
| Interface | Type         | Ports    |
+-----------+--------------+----------+
| ap_clk    | clock        | ap_clk   |
| ap_rst_n  | reset        | ap_rst_n |
| ap_ctrl   | ap_ctrl_none |          |
+-----------+--------------+----------+


================================================================
== SW I/O Information
================================================================
* Top Function Arguments
+--------------+-----------+----------+
| Argument     | Direction | Datatype |
+--------------+-----------+----------+
| lowerCutoff  | in        | int      |
| upperCutoff  | in        | int      |
| samplingRate | in        | float    |
| bram         | out       | float*   |
+--------------+-----------+----------+

* SW-to-HW Mapping
+--------------+---------------+-----------+----------+----------------------------------------+
| Argument     | HW Interface  | HW Type   | HW Usage | HW Info                                |
+--------------+---------------+-----------+----------+----------------------------------------+
| lowerCutoff  | s_axi_control | register  |          | name=lowerCutoff offset=0x10 range=32  |
| upperCutoff  | s_axi_control | register  |          | name=upperCutoff offset=0x18 range=32  |
| samplingRate | s_axi_control | register  |          | name=samplingRate offset=0x20 range=32 |
| bram         | m_axi_gmem    | interface |          | channel=0                              |
| bram         | s_axi_control | register  | offset   | name=bram_1 offset=0x28 range=32       |
| bram         | s_axi_control | register  | offset   | name=bram_2 offset=0x2c range=32       |
+--------------+---------------+-----------+----------+----------------------------------------+


================================================================
== M_AXI Burst Information
================================================================
 Note: All burst requests might be further partitioned into multiple requests during RTL generation based on max_read_burst_length or max_write_burst_length settings.

* Inferred Burst Summary
+--------------+-----------+--------+-------+-----------------+------------------------+
| HW Interface | Direction | Length | Width | Loop            | Loop Location          |
+--------------+-----------+--------+-------+-----------------+------------------------+
| m_axi_gmem   | write     | 25     | 32    | VITIS_LOOP_16_1 | Coefficients.cpp:16:22 |
+--------------+-----------+--------+-------+-----------------+------------------------+

* All M_AXI Variable Accesses
+--------------+----------+------------------------+-----------+--------------+--------+-----------------+------------------------+------------+---------------------------------------------------------------------------------------------------------+
| HW Interface | Variable | Access Location        | Direction | Burst Status | Length | Loop            | Loop Location          | Resolution | Problem                                                                                                 |
+--------------+----------+------------------------+-----------+--------------+--------+-----------------+------------------------+------------+---------------------------------------------------------------------------------------------------------+
| m_axi_gmem   | bram     | Coefficients.cpp:16:47 | write     | Widen Fail   |        | VITIS_LOOP_16_1 | Coefficients.cpp:16:22 | 214-353    | Could not widen since type float size is greater than or equal to the max_widen_bitwidth threshold of 0 |
| m_axi_gmem   | bram     | Coefficients.cpp:16:47 | write     | Inferred     | 25     | VITIS_LOOP_16_1 | Coefficients.cpp:16:22 |            |                                                                                                         |
+--------------+----------+------------------------+-----------+--------------+--------+-----------------+------------------------+------------+---------------------------------------------------------------------------------------------------------+

    * Resolution URL: docs.xilinx.com/access/sources/dita/topic?Doc_Version=2024.1%20English&url=ug1448-hls-guidance&resourceid=XXX-YYY.html (replace XXX-YYY with column value)

================================================================
== Bind Op Report
================================================================
+--------------------------------------------------------+-----+--------+----------------+-----------+-----------+---------+
| Name                                                   | DSP | Pragma | Variable       | Op        | Impl      | Latency |
+--------------------------------------------------------+-----+--------+----------------+-----------+-----------+---------+
| + calculateCoefficients                                | 56  |        |                |           |           |         |
|   sitodp_32ns_64_4_no_dsp_1_U47                        |     |        | conv           | sitodp    | auto      | 3       |
|   dmul_64ns_64ns_64_5_max_dsp_1_U43                    | 11  |        | mul            | dmul      | maxdsp    | 4       |
|   fpext_32ns_64_2_no_dsp_1_U42                         |     |        | conv1          | fpext     | auto      | 1       |
|   ddiv_64ns_64ns_64_22_no_dsp_1_U45                    |     |        | div            | ddiv      | fabric    | 21      |
|   fptrunc_64ns_32_2_no_dsp_1_U40                       |     |        | omegaLower     | fptrunc   | auto      | 1       |
|   sitodp_32ns_64_4_no_dsp_1_U48                        |     |        | conv3          | sitodp    | auto      | 3       |
|   dmul_64ns_64ns_64_5_max_dsp_1_U44                    | 11  |        | mul4           | dmul      | maxdsp    | 4       |
|   ddiv_64ns_64ns_64_22_no_dsp_1_U46                    |     |        | div6           | ddiv      | fabric    | 21      |
|   fptrunc_64ns_32_2_no_dsp_1_U41                       |     |        | omegaUpper     | fptrunc   | auto      | 1       |
|   fpext_32ns_64_2_no_dsp_1_U42                         | 2   |        | sub9           | fsub      | fulldsp   | 3       |
|   fpext_32ns_64_2_no_dsp_1_U42                         |     |        | conv2          | fpext     | auto      | 1       |
|   ddiv_64ns_64ns_64_22_no_dsp_1_U45                    |     |        | div1           | ddiv      | fabric    | 21      |
|   fptrunc_64ns_32_2_no_dsp_1_U40                       |     |        | empty_37       | adapter   | m_axi     | 0       |
|  + calculateCoefficients_Pipeline_VITIS_LOOP_16_1      | 32  |        |                |           |           |         |
|    add_ln19_fu_188_p2                                  |     |        | add_ln19       | add       | fabric    | 0       |
|    icmp_ln19_fu_194_p2                                 |     |        | icmp_ln19      | seteq     | auto      | 0       |
|    i_fu_200_p2                                         |     |        | i              | add       | fabric    | 0       |
|    sitofp_32s_32_4_no_dsp_1_U25                        |     |        | conv4          | sitofp    | auto      | 3       |
|    fmul_32ns_32ns_32_3_max_dsp_1_U23                   | 3   |        | p_x_assign     | fmul      | maxdsp    | 2       |
|    fmul_32ns_32ns_32_3_max_dsp_1_U24                   | 3   |        | p_x_assign_1   | fmul      | maxdsp    | 2       |
|    sitodp_32s_64_4_no_dsp_1_U30                        |     |        | conv6          | sitodp    | auto      | 3       |
|    icmp_ln16_fu_211_p2                                 |     |        | icmp_ln16      | seteq     | auto      | 0       |
|   + sin_or_cos_float_s (grp_sin_or_cos_float_s_fu_116) | 13  |        |                |           |           |         |
|     closepath_fu_310_p2                                |     |        | closepath      | setlt     | auto      | 0       |
|     Ex_fu_650_p2                                       |     |        | Ex             | add       | fabric    | 0       |
|     select_ln453_fu_655_p3                             |     |        | select_ln453   | select    | auto_sel  | 0       |
|     add_ln376_fu_316_p2                                |     |        | add_ln376      | add       | fabric    | 0       |
|     addr_fu_322_p3                                     |     |        | addr           | select    | auto_sel  | 0       |
|     shl_ln379_fu_352_p2                                |     |        | shl_ln379      | shl       | auto_pipe | 0       |
|     mul_80s_24ns_80_1_0_U3                             | 5   |        | h              | mul       | auto      | 0       |
|     k_1_fu_400_p3                                      |     |        | k_1            | select    | auto_sel  | 0       |
|     Mx_bits_1_fu_662_p2                                |     |        | Mx_bits_1      | sub       | fabric    | 0       |
|     Mx_bits_2_fu_667_p3                                |     |        | Mx_bits_2      | select    | auto_sel  | 0       |
|     tmp_1_fu_713_p3                                    |     |        | tmp_1          | cttz      | auto      | 0       |
|     shl_ln504_fu_729_p2                                |     |        | shl_ln504      | shl       | auto_pipe | 0       |
|     Ex_1_fu_749_p2                                     |     |        | Ex_1           | sub       | fabric    | 0       |
|     sub_ln506_fu_763_p2                                |     |        | sub_ln506      | sub       | fabric    | 0       |
|     select_ln506_fu_769_p3                             |     |        | select_ln506   | select    | auto_sel  | 0       |
|     lshr_ln506_fu_785_p2                               |     |        | lshr_ln506     | lshr      | auto_pipe | 0       |
|     shl_ln506_fu_791_p2                                |     |        | shl_ln506      | shl       | auto_pipe | 0       |
|     select_ln506_1_fu_797_p3                           |     |        | select_ln506_1 | select    | auto_sel  | 0       |
|     sparsemux_17_3_1_1_0_U4                            |     |        | cos_basis      | sparsemux | auto      | 0       |
|     Mx_1_fu_849_p3                                     |     |        | Mx_1           | select    | auto_sel  | 0       |
|     Ex_2_fu_951_p3                                     |     |        | Ex_2           | select    | auto_sel  | 0       |
|     mul_15ns_15ns_30_1_0_U7                            | 1   |        | mul_ln23       | mul       | auto      | 0       |
|     sin_basis_fu_829_p2                                |     |        | sin_basis      | xor       | auto      | 0       |
|     mul_23s_22ns_45_1_0_U1                             | 2   |        | mul_ln29       | mul       | auto      | 0       |
|     mul_15ns_15s_30_1_0_U8                             | 1   |        | mul_ln30       | mul       | auto      | 0       |
|     mul_30s_29ns_58_1_0_U2                             | 4   |        | mul_ln32       | mul       | auto      | 0       |
|     c_fu_1025_p3                                       |     |        | c              | cttz      | auto      | 0       |
|     c_1_fu_1043_p3                                     |     |        | c_1            | cttz      | auto      | 0       |
|     shl_ln291_fu_1055_p2                               |     |        | shl_ln291      | shl       | auto_pipe | 0       |
|     icmp_ln292_fu_1065_p2                              |     |        | icmp_ln292     | seteq     | auto      | 0       |
|     shift_1_fu_1071_p2                                 |     |        | shift_1        | add       | fabric    | 0       |
|     shl_ln291_1_fu_1081_p2                             |     |        | shl_ln291_1    | shl       | auto_pipe | 0       |
|     shift_2_fu_1087_p3                                 |     |        | shift_2        | select    | auto_sel  | 0       |
|     add_ln300_fu_1095_p2                               |     |        | add_ln300      | add       | fabric    | 0       |
|     newexp_fu_1105_p2                                  |     |        | newexp         | sub       | fabric    | 0       |
|     icmp_ln306_fu_1119_p2                              |     |        | icmp_ln306     | seteq     | auto      | 0       |
|     or_ln306_fu_1125_p2                                |     |        | or_ln306       | or        | auto      | 0       |
|     empty_36_fu_1155_p3                                |     |        | empty_36       | select    | auto_sel  | 0       |
|     sparsemux_33_4_1_1_0_U5                            |     |        | tmp_11         | sparsemux | auto      | 0       |
|     sparsemux_33_4_1_1_0_U6                            |     |        | tmp_12         | sparsemux | auto      | 0       |
|     results_sign_fu_602_p3                             |     |        | results_sign   | select    | auto_sel  | 0       |
|     icmp_ln271_fu_610_p2                               |     |        | icmp_ln271     | seteq     | auto      | 0       |
|     icmp_ln271_1_fu_615_p2                             |     |        | icmp_ln271_1   | seteq     | auto      | 0       |
|     and_ln271_fu_620_p2                                |     |        | and_ln271      | and       | auto      | 0       |
|     icmp_ln282_fu_626_p2                               |     |        | icmp_ln282     | seteq     | auto      | 0       |
|     xor_ln282_fu_631_p2                                |     |        | xor_ln282      | xor       | auto      | 0       |
|     results_sign_1_fu_637_p2                           |     |        | results_sign_1 | and       | auto      | 0       |
|     select_ln282_fu_1163_p3                            |     |        | select_ln282   | select    | auto_sel  | 0       |
|     or_ln282_fu_1170_p2                                |     |        | or_ln282       | or        | auto      | 0       |
|     results_exp_fu_1175_p3                             |     |        | results_exp    | select    | auto_sel  | 0       |
|     select_ln282_2_fu_1183_p3                          |     |        | select_ln282_2 | select    | auto_sel  | 0       |
|     results_sig_fu_1190_p3                             |     |        | results_sig    | select    | auto_sel  | 0       |
|     results_sign_2_fu_643_p3                           |     |        | results_sign_2 | select    | auto_sel  | 0       |
|     results_exp_1_fu_1198_p3                           |     |        | results_exp_1  | select    | auto_sel  | 0       |
|     results_sig_1_fu_1205_p3                           |     |        | results_sig_1  | select    | auto_sel  | 0       |
|   + sin_or_cos_float_s (grp_sin_or_cos_float_s_fu_129) | 13  |        |                |           |           |         |
|     closepath_fu_310_p2                                |     |        | closepath      | setlt     | auto      | 0       |
|     Ex_fu_650_p2                                       |     |        | Ex             | add       | fabric    | 0       |
|     select_ln453_fu_655_p3                             |     |        | select_ln453   | select    | auto_sel  | 0       |
|     add_ln376_fu_316_p2                                |     |        | add_ln376      | add       | fabric    | 0       |
|     addr_fu_322_p3                                     |     |        | addr           | select    | auto_sel  | 0       |
|     shl_ln379_fu_352_p2                                |     |        | shl_ln379      | shl       | auto_pipe | 0       |
|     mul_80s_24ns_80_1_0_U3                             | 5   |        | h              | mul       | auto      | 0       |
|     k_1_fu_400_p3                                      |     |        | k_1            | select    | auto_sel  | 0       |
|     Mx_bits_1_fu_662_p2                                |     |        | Mx_bits_1      | sub       | fabric    | 0       |
|     Mx_bits_2_fu_667_p3                                |     |        | Mx_bits_2      | select    | auto_sel  | 0       |
|     tmp_1_fu_713_p3                                    |     |        | tmp_1          | cttz      | auto      | 0       |
|     shl_ln504_fu_729_p2                                |     |        | shl_ln504      | shl       | auto_pipe | 0       |
|     Ex_1_fu_749_p2                                     |     |        | Ex_1           | sub       | fabric    | 0       |
|     sub_ln506_fu_763_p2                                |     |        | sub_ln506      | sub       | fabric    | 0       |
|     select_ln506_fu_769_p3                             |     |        | select_ln506   | select    | auto_sel  | 0       |
|     lshr_ln506_fu_785_p2                               |     |        | lshr_ln506     | lshr      | auto_pipe | 0       |
|     shl_ln506_fu_791_p2                                |     |        | shl_ln506      | shl       | auto_pipe | 0       |
|     select_ln506_1_fu_797_p3                           |     |        | select_ln506_1 | select    | auto_sel  | 0       |
|     sparsemux_17_3_1_1_0_U4                            |     |        | cos_basis      | sparsemux | auto      | 0       |
|     Mx_1_fu_849_p3                                     |     |        | Mx_1           | select    | auto_sel  | 0       |
|     Ex_2_fu_951_p3                                     |     |        | Ex_2           | select    | auto_sel  | 0       |
|     mul_15ns_15ns_30_1_0_U7                            | 1   |        | mul_ln23       | mul       | auto      | 0       |
|     sin_basis_fu_829_p2                                |     |        | sin_basis      | xor       | auto      | 0       |
|     mul_23s_22ns_45_1_0_U1                             | 2   |        | mul_ln29       | mul       | auto      | 0       |
|     mul_15ns_15s_30_1_0_U8                             | 1   |        | mul_ln30       | mul       | auto      | 0       |
|     mul_30s_29ns_58_1_0_U2                             | 4   |        | mul_ln32       | mul       | auto      | 0       |
|     c_fu_1025_p3                                       |     |        | c              | cttz      | auto      | 0       |
|     c_1_fu_1043_p3                                     |     |        | c_1            | cttz      | auto      | 0       |
|     shl_ln291_fu_1055_p2                               |     |        | shl_ln291      | shl       | auto_pipe | 0       |
|     icmp_ln292_fu_1065_p2                              |     |        | icmp_ln292     | seteq     | auto      | 0       |
|     shift_1_fu_1071_p2                                 |     |        | shift_1        | add       | fabric    | 0       |
|     shl_ln291_1_fu_1081_p2                             |     |        | shl_ln291_1    | shl       | auto_pipe | 0       |
|     shift_2_fu_1087_p3                                 |     |        | shift_2        | select    | auto_sel  | 0       |
|     add_ln300_fu_1095_p2                               |     |        | add_ln300      | add       | fabric    | 0       |
|     newexp_fu_1105_p2                                  |     |        | newexp         | sub       | fabric    | 0       |
|     icmp_ln306_fu_1119_p2                              |     |        | icmp_ln306     | seteq     | auto      | 0       |
|     or_ln306_fu_1125_p2                                |     |        | or_ln306       | or        | auto      | 0       |
|     empty_36_fu_1155_p3                                |     |        | empty_36       | select    | auto_sel  | 0       |
|     sparsemux_33_4_1_1_0_U5                            |     |        | tmp_11         | sparsemux | auto      | 0       |
|     sparsemux_33_4_1_1_0_U6                            |     |        | tmp_12         | sparsemux | auto      | 0       |
|     results_sign_fu_602_p3                             |     |        | results_sign   | select    | auto_sel  | 0       |
|     icmp_ln271_fu_610_p2                               |     |        | icmp_ln271     | seteq     | auto      | 0       |
|     icmp_ln271_1_fu_615_p2                             |     |        | icmp_ln271_1   | seteq     | auto      | 0       |
|     and_ln271_fu_620_p2                                |     |        | and_ln271      | and       | auto      | 0       |
|     icmp_ln282_fu_626_p2                               |     |        | icmp_ln282     | seteq     | auto      | 0       |
|     xor_ln282_fu_631_p2                                |     |        | xor_ln282      | xor       | auto      | 0       |
|     results_sign_1_fu_637_p2                           |     |        | results_sign_1 | and       | auto      | 0       |
|     select_ln282_fu_1163_p3                            |     |        | select_ln282   | select    | auto_sel  | 0       |
|     or_ln282_fu_1170_p2                                |     |        | or_ln282       | or        | auto      | 0       |
|     results_exp_fu_1175_p3                             |     |        | results_exp    | select    | auto_sel  | 0       |
|     select_ln282_2_fu_1183_p3                          |     |        | select_ln282_2 | select    | auto_sel  | 0       |
|     results_sig_fu_1190_p3                             |     |        | results_sig    | select    | auto_sel  | 0       |
|     results_sign_2_fu_643_p3                           |     |        | results_sign_2 | select    | auto_sel  | 0       |
|     results_exp_1_fu_1198_p3                           |     |        | results_exp_1  | select    | auto_sel  | 0       |
|     results_sig_1_fu_1205_p3                           |     |        | results_sig_1  | select    | auto_sel  | 0       |
+--------------------------------------------------------+-----+--------+----------------+-----------+-----------+---------+


================================================================
== Storage Report
================================================================
+--------------------------------------------------------+-----------+-----------+------+------+--------+-------------------------------+--------+---------+------------------+
| Name                                                   | Usage     | Type      | BRAM | URAM | Pragma | Variable                      | Impl   | Latency | Bitwidth, Depth, |
|                                                        |           |           |      |      |        |                               |        |         | Banks            |
+--------------------------------------------------------+-----------+-----------+------+------+--------+-------------------------------+--------+---------+------------------+
| + calculateCoefficients                                |           |           | 2    | 0    |        |                               |        |         |                  |
|   control_s_axi_U                                      | interface | s_axilite |      |      |        |                               |        |         |                  |
|   gmem_m_axi_U                                         | interface | m_axi     | 2    |      |        |                               |        |         |                  |
|  + calculateCoefficients_Pipeline_VITIS_LOOP_16_1      |           |           | 0    | 0    |        |                               |        |         |                  |
|   + sin_or_cos_float_s (grp_sin_or_cos_float_s_fu_116) |           |           | 0    | 0    |        |                               |        |         |                  |
|     ref_4oPi_table_100_U                               | rom_1p    |           |      |      | pragma | ref_4oPi_table_100            | lutram | 1       | 100, 13, 1       |
|     second_order_float_sin_cos_K0_U                    | rom_1p    |           |      |      | pragma | second_order_float_sin_cos_K0 | lutram | 1       | 30, 256, 1       |
|     second_order_float_sin_cos_K1_U                    | rom_1p    |           |      |      | pragma | second_order_float_sin_cos_K1 | lutram | 1       | 23, 256, 1       |
|     second_order_float_sin_cos_K2_U                    | rom_1p    |           |      |      | pragma | second_order_float_sin_cos_K2 | lutram | 1       | 15, 256, 1       |
|   + sin_or_cos_float_s (grp_sin_or_cos_float_s_fu_129) |           |           | 0    | 0    |        |                               |        |         |                  |
|     ref_4oPi_table_100_U                               | rom_1p    |           |      |      | pragma | ref_4oPi_table_100            | lutram | 1       | 100, 13, 1       |
|     second_order_float_sin_cos_K0_U                    | rom_1p    |           |      |      | pragma | second_order_float_sin_cos_K0 | lutram | 1       | 30, 256, 1       |
|     second_order_float_sin_cos_K1_U                    | rom_1p    |           |      |      | pragma | second_order_float_sin_cos_K1 | lutram | 1       | 23, 256, 1       |
|     second_order_float_sin_cos_K2_U                    | rom_1p    |           |      |      | pragma | second_order_float_sin_cos_K2 | lutram | 1       | 15, 256, 1       |
+--------------------------------------------------------+-----------+-----------+------+------+--------+-------------------------------+--------+---------+------------------+


================================================================
== Pragma Report
================================================================
* Valid Pragma Syntax
+-----------+------------------------------+------------------------------------------------------------+
| Type      | Options                      | Location                                                   |
+-----------+------------------------------+------------------------------------------------------------+
| interface | ap_ctrl_none port=return     | Coefficients.cpp:6 in calculatecoefficients, return        |
| interface | m_axi port=bram offset=slave | Coefficients.cpp:7 in calculatecoefficients, bram          |
| interface | s_axilite port=upperCutoff   | Coefficients.cpp:8 in calculatecoefficients, upperCutoff   |
| interface | s_axilite port=lowerCutoff   | Coefficients.cpp:9 in calculatecoefficients, lowerCutoff   |
| interface | s_axilite port=samplingRate  | Coefficients.cpp:10 in calculatecoefficients, samplingRate |
| pipeline  |                              | Coefficients.cpp:17 in calculatecoefficients               |
| interface | mode=bram port=coef          | Fir-Filter.cpp:6 in fir_top, coef                          |
| interface | mode=axis port=out           | Fir-Filter.cpp:7 in fir_top, out                           |
| interface | axis port=in                 | Fir-Filter.cpp:8 in fir_top, in                            |
+-----------+------------------------------+------------------------------------------------------------+


