

================================================================
== Vitis HLS Report for 'sin_or_cos_float_s'
================================================================
* Date:           Mon Feb 23 19:16:59 2026

* Version:        2024.1 (Build 5069499 on May 21 2024)
* Project:        Audio-Filtering
* Solution:       hls (Vivado IP Flow Target)
* Product family: zynquplus
* Target device:  xczu3eg-sfvc784-2-e


================================================================
== Performance Estimates
================================================================
+ Timing: 
    * Summary: 
    +--------+----------+----------+------------+
    |  Clock |  Target  | Estimated| Uncertainty|
    +--------+----------+----------+------------+
    |ap_clk  |  10.00 ns|  6.303 ns|     2.70 ns|
    +--------+----------+----------+------------+

+ Latency: 
    * Summary: 
    +---------+---------+----------+----------+-----+-----+---------+
    |  Latency (cycles) |  Latency (absolute) |  Interval | Pipeline|
    |   min   |   max   |    min   |    max   | min | max |   Type  |
    +---------+---------+----------+----------+-----+-----+---------+
    |       15|       16|  0.150 us|  0.160 us|   15|   16|       no|
    +---------+---------+----------+----------+-----+-----+---------+

    + Detail: 
        * Instance: 
        +----------------------------------------+-----------------------------+---------+---------+-----------+-----------+-----+-----+-----------------------------------------------+
        |                                        |                             |  Latency (cycles) |   Latency (absolute)  |  Interval |                    Pipeline                   |
        |                Instance                |            Module           |   min   |   max   |    min    |    max    | min | max |                      Type                     |
        +----------------------------------------+-----------------------------+---------+---------+-----------+-----------+-----+-----+-----------------------------------------------+
        |grp_sin_or_cos_float_Pipeline_1_fu_302  |sin_or_cos_float_Pipeline_1  |        4|        4|  40.000 ns|  40.000 ns|    3|    3|  loop auto-rewind stp(delay=0 clock cycles(s))|
        |grp_sin_or_cos_float_Pipeline_2_fu_310  |sin_or_cos_float_Pipeline_2  |        2|        3|  20.000 ns|  30.000 ns|    1|    2|  loop auto-rewind stp(delay=0 clock cycles(s))|
        +----------------------------------------+-----------------------------+---------+---------+-----------+-----------+-----+-----+-----------------------------------------------+

        * Loop: 
        N/A



================================================================
== Utilization Estimates
================================================================
* Summary: 
+-----------------+---------+-----+--------+-------+-----+
|       Name      | BRAM_18K| DSP |   FF   |  LUT  | URAM|
+-----------------+---------+-----+--------+-------+-----+
|DSP              |        -|    -|       -|      -|    -|
|Expression       |        -|    -|       0|   1313|    -|
|FIFO             |        -|    -|       -|      -|    -|
|Instance         |        -|   13|     133|    993|    -|
|Memory           |        -|    -|     168|    293|    -|
|Multiplexer      |        -|    -|       0|     59|    -|
|Register         |        -|    -|     418|      -|    -|
+-----------------+---------+-----+--------+-------+-----+
|Total            |        0|   13|     719|   2658|    0|
+-----------------+---------+-----+--------+-------+-----+
|Available        |      432|  360|  141120|  70560|    0|
+-----------------+---------+-----+--------+-------+-----+
|Utilization (%)  |        0|    3|      ~0|      3|    0|
+-----------------+---------+-----+--------+-------+-----+

+ Detail: 
    * Instance: 
    +----------------------------------------+-----------------------------+---------+----+----+-----+-----+
    |                Instance                |            Module           | BRAM_18K| DSP| FF | LUT | URAM|
    +----------------------------------------+-----------------------------+---------+----+----+-----+-----+
    |mul_15ns_15ns_30_1_1_U16                |mul_15ns_15ns_30_1_1         |        0|   1|   0|    5|    0|
    |mul_15ns_15s_30_1_1_U17                 |mul_15ns_15s_30_1_1          |        0|   1|   0|    5|    0|
    |mul_23s_22ns_45_1_1_U10                 |mul_23s_22ns_45_1_1          |        0|   2|   0|   31|    0|
    |mul_30s_29ns_58_1_1_U11                 |mul_30s_29ns_58_1_1          |        0|   4|   0|   25|    0|
    |mul_80s_24ns_80_1_1_U12                 |mul_80s_24ns_80_1_1          |        0|   5|   0|   90|    0|
    |grp_sin_or_cos_float_Pipeline_1_fu_302  |sin_or_cos_float_Pipeline_1  |        0|   0|  68|  206|    0|
    |grp_sin_or_cos_float_Pipeline_2_fu_310  |sin_or_cos_float_Pipeline_2  |        0|   0|  65|  458|    0|
    |sparsemux_17_3_1_1_1_U13                |sparsemux_17_3_1_1_1         |        0|   0|   0|   43|    0|
    |sparsemux_33_4_1_1_1_U14                |sparsemux_33_4_1_1_1         |        0|   0|   0|   65|    0|
    |sparsemux_33_4_1_1_1_U15                |sparsemux_33_4_1_1_1         |        0|   0|   0|   65|    0|
    +----------------------------------------+-----------------------------+---------+----+----+-----+-----+
    |Total                                   |                             |        0|  13| 133|  993|    0|
    +----------------------------------------+-----------------------------+---------+----+----+-----+-----+

    * DSP: 
    N/A

    * Memory: 
    +---------------------------------+-------------------------------------------------------------------+---------+-----+-----+-----+------+-----+------+-------------+
    |              Memory             |                               Module                              | BRAM_18K|  FF | LUT | URAM| Words| Bits| Banks| W*Bits*Banks|
    +---------------------------------+-------------------------------------------------------------------+---------+-----+-----+-----+------+-----+------+-------------+
    |ref_4oPi_table_100_U             |sin_or_cos_float_s_ref_4oPi_table_100_ROM_1P_LUTRAM_1R             |        0|  100|   21|    0|    13|  100|     1|         1300|
    |second_order_float_sin_cos_K0_U  |sin_or_cos_float_s_second_order_float_sin_cos_K0_ROM_1P_LUTRAM_1R  |        0|   30|  120|    0|   256|   30|     1|         7680|
    |second_order_float_sin_cos_K1_U  |sin_or_cos_float_s_second_order_float_sin_cos_K1_ROM_1P_LUTRAM_1R  |        0|   23|   92|    0|   256|   23|     1|         5888|
    |second_order_float_sin_cos_K2_U  |sin_or_cos_float_s_second_order_float_sin_cos_K2_ROM_1P_LUTRAM_1R  |        0|   15|   60|    0|   256|   15|     1|         3840|
    +---------------------------------+-------------------------------------------------------------------+---------+-----+-----+-----+------+-----+------+-------------+
    |Total                            |                                                                   |        0|  168|  293|    0|   781|  168|     4|        18708|
    +---------------------------------+-------------------------------------------------------------------+---------+-----+-----+-----+------+-----+------+-------------+

    * FIFO: 
    N/A

    * Expression: 
    +---------------------------+----------+----+---+-----+------------+------------+
    |       Variable Name       | Operation| DSP| FF| LUT | Bitwidth P0| Bitwidth P1|
    +---------------------------+----------+----+---+-----+------------+------------+
    |Ex_fu_452_p2               |         +|   0|  0|   15|           8|           8|
    |add_ln300_fu_1084_p2       |         +|   0|  0|   16|           9|           7|
    |add_ln32_1_fu_986_p2       |         +|   0|  0|   30|          30|          30|
    |add_ln32_fu_976_p2         |         +|   0|  0|   30|          30|          30|
    |add_ln376_fu_363_p2        |         +|   0|  0|   15|           8|           7|
    |Ex_1_fu_562_p2             |         -|   0|  0|   15|           8|           8|
    |Mx_bits_1_fu_474_p2        |         -|   0|  0|   65|           1|          58|
    |newexp_fu_1094_p2          |         -|   0|  0|   39|          32|          32|
    |sub_ln506_fu_576_p2        |         -|   0|  0|   15|           1|           8|
    |and_ln271_fu_867_p2        |       and|   0|  0|    2|           1|           1|
    |results_sign_1_fu_883_p2   |       and|   0|  0|    2|           1|           1|
    |tmp_1_fu_526_p3            |      cttz|   0|  0|   46|          32|           0|
    |closepath_fu_357_p2        |      icmp|   0|  0|   15|           8|           7|
    |icmp_ln271_1_fu_447_p2     |      icmp|   0|  0|   30|          23|           1|
    |icmp_ln271_fu_862_p2       |      icmp|   0|  0|   15|           8|           1|
    |icmp_ln282_fu_872_p2       |      icmp|   0|  0|   15|           8|           2|
    |icmp_ln306_fu_1063_p2      |      icmp|   0|  0|   36|          29|           1|
    |lshr_ln506_fu_598_p2       |      lshr|   0|  0|   96|          32|          32|
    |or_ln282_fu_1134_p2        |        or|   0|  0|    2|           1|           1|
    |or_ln306_fu_1108_p2        |        or|   0|  0|    2|           1|           1|
    |Ex_3_fu_1068_p3            |    select|   0|  0|    8|           1|           1|
    |Mx_2_fu_992_p3             |    select|   0|  0|   29|           1|           2|
    |Mx_bits_2_fu_479_p3        |    select|   0|  0|   57|           1|          58|
    |addr_fu_369_p3             |    select|   0|  0|    8|           1|           6|
    |k_1_fu_464_p3              |    select|   0|  0|    3|           1|           1|
    |results_exp_1_fu_1162_p3   |    select|   0|  0|    8|           1|           1|
    |results_exp_fu_1139_p3     |    select|   0|  0|    8|           1|           8|
    |results_sig_1_fu_1169_p3   |    select|   0|  0|   22|           1|           1|
    |results_sig_fu_1154_p3     |    select|   0|  0|   22|           1|          23|
    |results_sign_2_fu_889_p3   |    select|   0|  0|    2|           1|           1|
    |results_sign_fu_854_p3     |    select|   0|  0|    2|           1|           1|
    |select_ln282_2_fu_1147_p3  |    select|   0|  0|    2|           1|           2|
    |select_ln282_fu_1127_p3    |    select|   0|  0|    2|           1|           2|
    |select_ln453_fu_457_p3     |    select|   0|  0|    8|           1|           8|
    |select_ln506_1_fu_610_p3   |    select|   0|  0|   32|           1|          32|
    |select_ln506_fu_582_p3     |    select|   0|  0|    8|           1|           8|
    |shl_ln379_fu_399_p2        |       shl|   0|  0|  325|         100|         100|
    |shl_ln504_fu_542_p2        |       shl|   0|  0|  166|          58|          58|
    |shl_ln506_fu_604_p2        |       shl|   0|  0|   96|          32|          32|
    |sin_basis_fu_682_p2        |       xor|   0|  0|    2|           1|           2|
    |xor_ln282_fu_877_p2        |       xor|   0|  0|    2|           1|           2|
    +---------------------------+----------+----+---+-----+------------+------------+
    |Total                      |          |   0|  0| 1313|         479|         585|
    +---------------------------+----------+----+---+-----+------------+------------+

    * Multiplexer: 
    +-----------+----+-----------+-----+-----------+
    |    Name   | LUT| Input Size| Bits| Total Bits|
    +-----------+----+-----------+-----+-----------+
    |ap_NS_fsm  |  59|         11|    1|         11|
    +-----------+----+-----------+-----+-----------+
    |Total      |  59|         11|    1|         11|
    +-----------+----+-----------+-----+-----------+

    * Register: 
    +-----------------------------------------------------+----+----+-----+-----------+
    |                         Name                        | FF | LUT| Bits| Const Bits|
    +-----------------------------------------------------+----+----+-----+-----------+
    |B_reg_1279                                           |  22|   0|   22|          0|
    |B_trunc_reg_1290                                     |  15|   0|   15|          0|
    |Ex_1_reg_1274                                        |   8|   0|    8|          0|
    |Med_reg_1248                                         |  80|   0|   80|          0|
    |Mx_bits_reg_1253                                     |  58|   0|   58|          0|
    |Mx_reg_1269                                          |  29|   0|   29|          0|
    |add_ln32_1_reg_1328                                  |  30|   0|   30|          0|
    |and_ln271_reg_1310                                   |   1|   0|    1|          0|
    |ap_CS_fsm                                            |  10|   0|   10|          0|
    |closepath_reg_1232                                   |   1|   0|    1|          0|
    |cos_basis_reg_1284                                   |   1|   0|    1|          0|
    |din_exp_reg_1219                                     |   8|   0|    8|          0|
    |din_sig_reg_1226                                     |  23|   0|   23|          0|
    |din_sign_reg_1213                                    |   1|   0|    1|          0|
    |grp_sin_or_cos_float_Pipeline_1_fu_302_ap_start_reg  |   1|   0|    1|          0|
    |grp_sin_or_cos_float_Pipeline_2_fu_310_ap_start_reg  |   1|   0|    1|          0|
    |icmp_ln271_1_reg_1264                                |   1|   0|    1|          0|
    |icmp_ln282_reg_1316                                  |   1|   0|    1|          0|
    |icmp_ln306_reg_1355                                  |   1|   0|    1|          0|
    |k_reg_1259                                           |   3|   0|    3|          0|
    |out_bits_1_reg_1344                                  |  13|   0|   32|         19|
    |out_bits_reg_1339                                    |  16|   0|   32|         16|
    |result_reg_1333                                      |  29|   0|   29|          0|
    |results_sign_2_reg_1323                              |   1|   0|    1|          0|
    |select_ln291_1_loc_fu_228                            |  28|   0|   28|          0|
    |shift_1_loc_fu_232                                   |  32|   0|   32|          0|
    |trunc_ln379_reg_1243                                 |   4|   0|    4|          0|
    +-----------------------------------------------------+----+----+-----+-----------+
    |Total                                                | 418|   0|  453|         35|
    +-----------------------------------------------------+----+----+-----+-----------+



================================================================
== Interface
================================================================
* Summary: 
+-----------+-----+-----+------------+-------------------+--------------+
| RTL Ports | Dir | Bits|  Protocol  |   Source Object   |    C Type    |
+-----------+-----+-----+------------+-------------------+--------------+
|ap_clk     |   in|    1|  ap_ctrl_hs|  sin_or_cos<float>|  return value|
|ap_rst     |   in|    1|  ap_ctrl_hs|  sin_or_cos<float>|  return value|
|ap_start   |   in|    1|  ap_ctrl_hs|  sin_or_cos<float>|  return value|
|ap_done    |  out|    1|  ap_ctrl_hs|  sin_or_cos<float>|  return value|
|ap_idle    |  out|    1|  ap_ctrl_hs|  sin_or_cos<float>|  return value|
|ap_ready   |  out|    1|  ap_ctrl_hs|  sin_or_cos<float>|  return value|
|ap_return  |  out|   32|  ap_ctrl_hs|  sin_or_cos<float>|  return value|
|t_in       |   in|   32|     ap_none|               t_in|        scalar|
+-----------+-----+-----+------------+-------------------+--------------+

