

================================================================
== Vitis HLS Report for 'sin_or_cos_float_Pipeline_1'
================================================================
* Date:           Mon Feb 23 19:16:58 2026

* Version:        2024.1 (Build 5069499 on May 21 2024)
* Project:        Audio-Filtering
* Solution:       hls (Vivado IP Flow Target)
* Product family: zynquplus
* Target device:  xczu3eg-sfvc784-2-e


================================================================
== Performance Estimates
================================================================
+ Timing: 
    * Summary: 
    +--------+----------+----------+------------+
    |  Clock |  Target  | Estimated| Uncertainty|
    +--------+----------+----------+------------+
    |ap_clk  |  10.00 ns|  2.440 ns|     2.70 ns|
    +--------+----------+----------+------------+

+ Latency: 
    * Summary: 
    +---------+---------+-----------+-----------+-----+-----+-----------------------------------------------+
    |  Latency (cycles) |   Latency (absolute)  |  Interval |                    Pipeline                   |
    |   min   |   max   |    min    |    max    | min | max |                      Type                     |
    +---------+---------+-----------+-----------+-----+-----+-----------------------------------------------+
    |        4|        4|  40.000 ns|  40.000 ns|    3|    3|  loop auto-rewind stp(delay=0 clock cycles(s))|
    +---------+---------+-----------+-----------+-----+-----+-----------------------------------------------+

    + Detail: 
        * Instance: 
        N/A

        * Loop: 
        +----------+---------+---------+----------+-----------+-----------+------+----------+
        |          |  Latency (cycles) | Iteration|  Initiation Interval  | Trip |          |
        | Loop Name|   min   |   max   |  Latency |  achieved |   target  | Count| Pipelined|
        +----------+---------+---------+----------+-----------+-----------+------+----------+
        |- Loop 1  |        2|        2|         1|          1|          1|     2|       yes|
        +----------+---------+---------+----------+-----------+-----------+------+----------+



================================================================
== Utilization Estimates
================================================================
* Summary: 
+-----------------+---------+-----+--------+-------+-----+
|       Name      | BRAM_18K| DSP |   FF   |  LUT  | URAM|
+-----------------+---------+-----+--------+-------+-----+
|DSP              |        -|    -|       -|      -|    -|
|Expression       |        -|    -|       0|    179|    -|
|FIFO             |        -|    -|       -|      -|    -|
|Instance         |        -|    -|       -|      -|    -|
|Memory           |        -|    -|       -|      -|    -|
|Multiplexer      |        -|    -|       0|     27|    -|
|Register         |        -|    -|      68|      -|    -|
+-----------------+---------+-----+--------+-------+-----+
|Total            |        0|    0|      68|    206|    0|
+-----------------+---------+-----+--------+-------+-----+
|Available        |      432|  360|  141120|  70560|    0|
+-----------------+---------+-----+--------+-------+-----+
|Utilization (%)  |        0|    0|      ~0|     ~0|    0|
+-----------------+---------+-----+--------+-------+-----+

+ Detail: 
    * Instance: 
    N/A

    * DSP: 
    N/A

    * Memory: 
    N/A

    * FIFO: 
    N/A

    * Expression: 
    +------------------------+----------+----+---+----+------------+------------+
    |      Variable Name     | Operation| DSP| FF| LUT| Bitwidth P0| Bitwidth P1|
    +------------------------+----------+----+---+----+------------+------------+
    |add_ln282_fu_92_p2      |         +|   0|  0|   9|           2|           1|
    |c_2_fu_128_p3           |      cttz|   0|  0|  46|          32|           0|
    |icmp_ln282_fu_86_p2     |      icmp|   0|  0|  10|           2|           3|
    |icmp_ln283_1_fu_104_p2  |      icmp|   0|  0|   9|           2|           1|
    |icmp_ln283_fu_136_p2    |      icmp|   0|  0|   9|           2|           1|
    |c_3_fu_150_p3           |    select|   0|  0|  32|           1|          32|
    |c_4_fu_142_p3           |    select|   0|  0|  32|           1|          32|
    |x_fu_110_p3             |    select|   0|  0|  32|           1|          32|
    +------------------------+----------+----+---+----+------------+------------+
    |Total                   |          |   0|  0| 179|          43|         102|
    +------------------------+----------+----+---+----+------------+------------+

    * Multiplexer: 
    +----------------------+----+-----------+-----+-----------+
    |         Name         | LUT| Input Size| Bits| Total Bits|
    +----------------------+----+-----------+-----+-----------+
    |ap_done_int           |   9|          2|    1|          2|
    |ap_sig_allocacmp_i_1  |   9|          2|    2|          4|
    |i_fu_40               |   9|          2|    2|          4|
    +----------------------+----+-----------+-----+-----------+
    |Total                 |  27|          6|    5|         10|
    +----------------------+----+-----------+-----+-----------+

    * Register: 
    +-------------+----+----+-----+-----------+
    |     Name    | FF | LUT| Bits| Const Bits|
    +-------------+----+----+-----+-----------+
    |ap_CS_fsm    |   1|   0|    1|          0|
    |ap_done_reg  |   1|   0|    1|          0|
    |c_1_fu_48    |  32|   0|   32|          0|
    |c_fu_44      |  32|   0|   32|          0|
    |i_fu_40      |   2|   0|    2|          0|
    +-------------+----+----+-----+-----------+
    |Total        |  68|   0|   68|          0|
    +-------------+----+----+-----+-----------+



================================================================
== Interface
================================================================
* Summary: 
+----------------+-----+-----+------------+------------------------------+--------------+
|    RTL Ports   | Dir | Bits|  Protocol  |         Source Object        |    C Type    |
+----------------+-----+-----+------------+------------------------------+--------------+
|ap_clk          |   in|    1|  ap_ctrl_hs|  sin_or_cos<float>_Pipeline_1|  return value|
|ap_rst          |   in|    1|  ap_ctrl_hs|  sin_or_cos<float>_Pipeline_1|  return value|
|ap_start        |   in|    1|  ap_ctrl_hs|  sin_or_cos<float>_Pipeline_1|  return value|
|ap_done         |  out|    1|  ap_ctrl_hs|  sin_or_cos<float>_Pipeline_1|  return value|
|ap_idle         |  out|    1|  ap_ctrl_hs|  sin_or_cos<float>_Pipeline_1|  return value|
|ap_ready        |  out|    1|  ap_ctrl_hs|  sin_or_cos<float>_Pipeline_1|  return value|
|out_bits_1      |   in|   32|     ap_none|                    out_bits_1|        scalar|
|out_bits        |   in|   32|     ap_none|                      out_bits|        scalar|
|c_1_out         |  out|   32|      ap_vld|                       c_1_out|       pointer|
|c_1_out_ap_vld  |  out|    1|      ap_vld|                       c_1_out|       pointer|
|c_out           |  out|   32|      ap_vld|                         c_out|       pointer|
|c_out_ap_vld    |  out|    1|      ap_vld|                         c_out|       pointer|
+----------------+-----+-----+------------+------------------------------+--------------+

