

================================================================
== Vitis HLS Report for 'sin_or_cos_float_Pipeline_2'
================================================================
* Date:           Mon Feb 23 19:16:58 2026

* Version:        2024.1 (Build 5069499 on May 21 2024)
* Project:        Audio-Filtering
* Solution:       hls (Vivado IP Flow Target)
* Product family: zynquplus
* Target device:  xczu3eg-sfvc784-2-e


================================================================
== Performance Estimates
================================================================
+ Timing: 
    * Summary: 
    +--------+----------+----------+------------+
    |  Clock |  Target  | Estimated| Uncertainty|
    +--------+----------+----------+------------+
    |ap_clk  |  10.00 ns|  4.178 ns|     2.70 ns|
    +--------+----------+----------+------------+

+ Latency: 
    * Summary: 
    +---------+---------+-----------+-----------+-----+-----+-----------------------------------------------+
    |  Latency (cycles) |   Latency (absolute)  |  Interval |                    Pipeline                   |
    |   min   |   max   |    min    |    max    | min | max |                      Type                     |
    +---------+---------+-----------+-----------+-----+-----+-----------------------------------------------+
    |        2|        3|  20.000 ns|  30.000 ns|    1|    2|  loop auto-rewind stp(delay=0 clock cycles(s))|
    +---------+---------+-----------+-----------+-----+-----+-----------------------------------------------+

    + Detail: 
        * Instance: 
        N/A

        * Loop: 
        +----------+---------+---------+----------+-----------+-----------+-------+----------+
        |          |  Latency (cycles) | Iteration|  Initiation Interval  |  Trip |          |
        | Loop Name|   min   |   max   |  Latency |  achieved |   target  | Count | Pipelined|
        +----------+---------+---------+----------+-----------+-----------+-------+----------+
        |- Loop 1  |        0|        1|         1|          1|          1|  0 ~ 2|       yes|
        +----------+---------+---------+----------+-----------+-----------+-------+----------+



================================================================
== Utilization Estimates
================================================================
* Summary: 
+-----------------+---------+-----+--------+-------+-----+
|       Name      | BRAM_18K| DSP |   FF   |  LUT  | URAM|
+-----------------+---------+-----+--------+-------+-----+
|DSP              |        -|    -|       -|      -|    -|
|Expression       |        -|    -|       0|    413|    -|
|FIFO             |        -|    -|       -|      -|    -|
|Instance         |        -|    -|       -|      -|    -|
|Memory           |        -|    -|       -|      -|    -|
|Multiplexer      |        -|    -|       0|     45|    -|
|Register         |        -|    -|      65|      -|    -|
+-----------------+---------+-----+--------+-------+-----+
|Total            |        0|    0|      65|    458|    0|
+-----------------+---------+-----+--------+-------+-----+
|Available        |      432|  360|  141120|  70560|    0|
+-----------------+---------+-----+--------+-------+-----+
|Utilization (%)  |        0|    0|      ~0|     ~0|    0|
+-----------------+---------+-----+--------+-------+-----+

+ Detail: 
    * Instance: 
    N/A

    * DSP: 
    N/A

    * Memory: 
    N/A

    * FIFO: 
    N/A

    * Expression: 
    +--------------------------+----------+----+---+----+------------+------------+
    |       Variable Name      | Operation| DSP| FF| LUT| Bitwidth P0| Bitwidth P1|
    +--------------------------+----------+----+---+----+------------+------------+
    |shift_1_out               |         +|   0|  0|  39|          32|          32|
    |sub_ln291_fu_134_p2       |         -|   0|  0|  39|           1|          32|
    |and_ln292_fu_193_p2       |       and|   0|  0|   2|           1|           1|
    |ap_condition_191          |       and|   0|  0|   2|           1|           1|
    |icmp_ln292_fu_181_p2      |      icmp|   0|  0|  39|          32|           5|
    |lshr_ln291_fu_152_p2      |      lshr|   0|  0|  96|          32|          32|
    |select_ln290_fu_113_p3    |    select|   0|  0|  32|           1|          32|
    |select_ln291_1_fu_164_p3  |    select|   0|  0|  32|           1|          32|
    |select_ln291_fu_140_p3    |    select|   0|  0|  32|           1|          32|
    |shl_ln291_fu_158_p2       |       shl|   0|  0|  96|          32|          32|
    |ap_enable_pp0             |       xor|   0|  0|   2|           1|           2|
    |xor_ln289_fu_187_p2       |       xor|   0|  0|   2|           1|           2|
    +--------------------------+----------+----+---+----+------------+------------+
    |Total                     |          |   0|  0| 413|         136|         235|
    +--------------------------+----------+----+---+----+------------+------------+

    * Multiplexer: 
    +-------------------------+----+-----------+-----+-----------+
    |           Name          | LUT| Input Size| Bits| Total Bits|
    +-------------------------+----+-----------+-----+-----------+
    |ap_done_int              |   9|          2|    1|          2|
    |ap_enable_reg_pp0_iter1  |   9|          2|    1|          2|
    |i_reg_86                 |   9|          2|    1|          2|
    |in_shift_fu_46           |   9|          2|   29|         58|
    |shift_fu_50              |   9|          2|   32|         64|
    +-------------------------+----+-----------+-----+-----------+
    |Total                    |  45|         10|   64|        128|
    +-------------------------+----+-----------+-----+-----------+

    * Register: 
    +-------------------------+----+----+-----+-----------+
    |           Name          | FF | LUT| Bits| Const Bits|
    +-------------------------+----+----+-----+-----------+
    |ap_CS_fsm                |   1|   0|    1|          0|
    |ap_done_reg              |   1|   0|    1|          0|
    |ap_enable_reg_pp0_iter1  |   1|   0|    1|          0|
    |i_reg_86                 |   1|   0|    1|          0|
    |in_shift_fu_46           |  29|   0|   29|          0|
    |shift_fu_50              |  32|   0|   32|          0|
    +-------------------------+----+----+-----+-----------+
    |Total                    |  65|   0|   65|          0|
    +-------------------------+----+----+-----+-----------+



================================================================
== Interface
================================================================
* Summary: 
+---------------------------+-----+-----+------------+------------------------------+--------------+
|         RTL Ports         | Dir | Bits|  Protocol  |         Source Object        |    C Type    |
+---------------------------+-----+-----+------------+------------------------------+--------------+
|ap_clk                     |   in|    1|  ap_ctrl_hs|  sin_or_cos<float>_Pipeline_2|  return value|
|ap_rst                     |   in|    1|  ap_ctrl_hs|  sin_or_cos<float>_Pipeline_2|  return value|
|ap_start                   |   in|    1|  ap_ctrl_hs|  sin_or_cos<float>_Pipeline_2|  return value|
|ap_done                    |  out|    1|  ap_ctrl_hs|  sin_or_cos<float>_Pipeline_2|  return value|
|ap_idle                    |  out|    1|  ap_ctrl_hs|  sin_or_cos<float>_Pipeline_2|  return value|
|ap_ready                   |  out|    1|  ap_ctrl_hs|  sin_or_cos<float>_Pipeline_2|  return value|
|result                     |   in|   29|     ap_none|                        result|        scalar|
|c_1_reload                 |   in|   32|     ap_none|                    c_1_reload|        scalar|
|c_reload                   |   in|   32|     ap_none|                      c_reload|        scalar|
|shift_1_out                |  out|   32|      ap_vld|                   shift_1_out|       pointer|
|shift_1_out_ap_vld         |  out|    1|      ap_vld|                   shift_1_out|       pointer|
|select_ln291_1_out         |  out|   28|      ap_vld|            select_ln291_1_out|       pointer|
|select_ln291_1_out_ap_vld  |  out|    1|      ap_vld|            select_ln291_1_out|       pointer|
+---------------------------+-----+-----+------------+------------------------------+--------------+

