#-----------------------------------------------------------
# Vivado v2024.1 (64-bit)
# SW Build 5076996 on Wed May 22 18:37:14 MDT 2024
# IP Build 5075265 on Wed May 22 21:45:21 MDT 2024
# SharedData Build 5076995 on Wed May 22 18:29:18 MDT 2024
# Start of session at: Wed Mar 11 18:29:39 2026
# Process ID: 14972
# Current directory: F:/Motor-Simulator/HLS/Audio-Filtering/Audio-Filtering/hls/impl/ip
# Command line: vivado.exe -notrace -mode batch -source run_ippack.tcl
# Log file: F:/Motor-Simulator/HLS/Audio-Filtering/Audio-Filtering/hls/impl/ip/vivado.log
# Journal file: F:/Motor-Simulator/HLS/Audio-Filtering/Audio-Filtering/hls/impl/ip\vivado.jou
# Running On        :WFXA4BB6DBB67AF
# Platform          :Windows Server 2016 or Windows 10
# Operating System  :26200
# Processor Detail  :Intel(R) Core(TM) i7-10700 CPU @ 2.90GHz
# CPU Frequency     :2904 MHz
# CPU Physical cores:8
# CPU Logical cores :16
# Host memory       :34059 MB
# Swap memory       :2147 MB
# Total Virtual     :36207 MB
# Available Virtual :20131 MB
#-----------------------------------------------------------
source run_ippack.tcl -notrace
INFO: calling package_hls_ip ip_types=vitis sysgen json_file=F:/Motor-Simulator/HLS/Audio-Filtering/Audio-Filtering/hls/hls_data.json outdir=F:/Motor-Simulator/HLS/Audio-Filtering/Audio-Filtering/hls/impl/ip srcdir=F:/Motor-Simulator/HLS/Audio-Filtering/Audio-Filtering/hls sort_interfaces_ports=false
INFO: Copied 1 ipmisc file(s) to F:/Motor-Simulator/HLS/Audio-Filtering/Audio-Filtering/hls/impl/ip/misc
INFO: Copied 30 verilog file(s) to F:/Motor-Simulator/HLS/Audio-Filtering/Audio-Filtering/hls/impl/ip/hdl/verilog
INFO: Copied 26 vhdl file(s) to F:/Motor-Simulator/HLS/Audio-Filtering/Audio-Filtering/hls/impl/ip/hdl/vhdl
INFO: Copied 10 swdriver file(s) to F:/Motor-Simulator/HLS/Audio-Filtering/Audio-Filtering/hls/impl/ip/drivers
Generating 9 subcores in F:/Motor-Simulator/HLS/Audio-Filtering/Audio-Filtering/hls/impl/ip/hdl/ip.tmp:
impl/misc/calculateCoefficients_ddiv_64ns_64ns_64_22_no_dsp_1_ip.tcl
impl/misc/calculateCoefficients_dmul_64ns_64ns_64_5_max_dsp_1_ip.tcl
impl/misc/calculateCoefficients_fmul_32ns_32ns_32_3_max_dsp_1_ip.tcl
impl/misc/calculateCoefficients_fpext_32ns_64_2_no_dsp_1_ip.tcl
impl/misc/calculateCoefficients_fptrunc_64ns_32_2_no_dsp_1_ip.tcl
impl/misc/calculateCoefficients_fsub_32ns_32ns_32_4_full_dsp_1_ip.tcl
impl/misc/calculateCoefficients_sitodp_32ns_64_4_no_dsp_1_ip.tcl
impl/misc/calculateCoefficients_sitodp_32s_64_4_no_dsp_1_ip.tcl
impl/misc/calculateCoefficients_sitofp_32s_32_4_no_dsp_1_ip.tcl
create_project: Time (s): cpu = 00:00:08 ; elapsed = 00:00:08 . Memory (MB): peak = 648.496 ; gain = 201.105
INFO: Using COE_DIR=F:/Motor-Simulator/HLS/Audio-Filtering/Audio-Filtering/hls/impl/ip/hdl/verilog
INFO: Generating calculateCoefficients_ddiv_64ns_64ns_64_22_no_dsp_1_ip via file impl/misc/calculateCoefficients_ddiv_64ns_64ns_64_22_no_dsp_1_ip.tcl
INFO: [IP_Flow 19-234] Refreshing IP repositories
INFO: [IP_Flow 19-1704] No user IP repositories specified
INFO: [IP_Flow 19-2313] Loaded Vivado IP repository 'C:/Xilinx/Vivado/2024.1/data/ip'.
WARNING: [IP_Flow 19-4832] The IP name 'calculateCoefficients_ddiv_64ns_64ns_64_22_no_dsp_1_ip' you have specified is long. The Windows operating system has path length limitations. It is recommended you use shorter names to reduce the likelihood of issues.
INFO: [IP_Flow 19-1686] Generating 'Synthesis' target for IP 'calculateCoefficients_ddiv_64ns_64ns_64_22_no_dsp_1_ip'...
INFO: [IP_Flow 19-1686] Generating 'Simulation' target for IP 'calculateCoefficients_ddiv_64ns_64ns_64_22_no_dsp_1_ip'...
generate_target: Time (s): cpu = 00:00:01 ; elapsed = 00:00:09 . Memory (MB): peak = 701.375 ; gain = 0.000
INFO: Done generating calculateCoefficients_ddiv_64ns_64ns_64_22_no_dsp_1_ip via file impl/misc/calculateCoefficients_ddiv_64ns_64ns_64_22_no_dsp_1_ip.tcl
INFO: Generating calculateCoefficients_dmul_64ns_64ns_64_5_max_dsp_1_ip via file impl/misc/calculateCoefficients_dmul_64ns_64ns_64_5_max_dsp_1_ip.tcl
WARNING: [IP_Flow 19-4832] The IP name 'calculateCoefficients_dmul_64ns_64ns_64_5_max_dsp_1_ip' you have specified is long. The Windows operating system has path length limitations. It is recommended you use shorter names to reduce the likelihood of issues.
INFO: [IP_Flow 19-1686] Generating 'Synthesis' target for IP 'calculateCoefficients_dmul_64ns_64ns_64_5_max_dsp_1_ip'...
INFO: [IP_Flow 19-1686] Generating 'Simulation' target for IP 'calculateCoefficients_dmul_64ns_64ns_64_5_max_dsp_1_ip'...
generate_target: Time (s): cpu = 00:00:00 ; elapsed = 00:00:13 . Memory (MB): peak = 701.375 ; gain = 0.000
INFO: Done generating calculateCoefficients_dmul_64ns_64ns_64_5_max_dsp_1_ip via file impl/misc/calculateCoefficients_dmul_64ns_64ns_64_5_max_dsp_1_ip.tcl
INFO: Generating calculateCoefficients_fmul_32ns_32ns_32_3_max_dsp_1_ip via file impl/misc/calculateCoefficients_fmul_32ns_32ns_32_3_max_dsp_1_ip.tcl
WARNING: [IP_Flow 19-4832] The IP name 'calculateCoefficients_fmul_32ns_32ns_32_3_max_dsp_1_ip' you have specified is long. The Windows operating system has path length limitations. It is recommended you use shorter names to reduce the likelihood of issues.
INFO: [IP_Flow 19-1686] Generating 'Synthesis' target for IP 'calculateCoefficients_fmul_32ns_32ns_32_3_max_dsp_1_ip'...
INFO: [IP_Flow 19-1686] Generating 'Simulation' target for IP 'calculateCoefficients_fmul_32ns_32ns_32_3_max_dsp_1_ip'...
generate_target: Time (s): cpu = 00:00:00 ; elapsed = 00:00:18 . Memory (MB): peak = 701.375 ; gain = 0.000
INFO: Done generating calculateCoefficients_fmul_32ns_32ns_32_3_max_dsp_1_ip via file impl/misc/calculateCoefficients_fmul_32ns_32ns_32_3_max_dsp_1_ip.tcl
INFO: Generating calculateCoefficients_fpext_32ns_64_2_no_dsp_1_ip via file impl/misc/calculateCoefficients_fpext_32ns_64_2_no_dsp_1_ip.tcl
WARNING: [IP_Flow 19-4832] The IP name 'calculateCoefficients_fpext_32ns_64_2_no_dsp_1_ip' you have specified is long. The Windows operating system has path length limitations. It is recommended you use shorter names to reduce the likelihood of issues.
INFO: [IP_Flow 19-1686] Generating 'Synthesis' target for IP 'calculateCoefficients_fpext_32ns_64_2_no_dsp_1_ip'...
INFO: [IP_Flow 19-1686] Generating 'Simulation' target for IP 'calculateCoefficients_fpext_32ns_64_2_no_dsp_1_ip'...
generate_target: Time (s): cpu = 00:00:00 ; elapsed = 00:00:11 . Memory (MB): peak = 701.375 ; gain = 0.000
INFO: Done generating calculateCoefficients_fpext_32ns_64_2_no_dsp_1_ip via file impl/misc/calculateCoefficients_fpext_32ns_64_2_no_dsp_1_ip.tcl
INFO: Generating calculateCoefficients_fptrunc_64ns_32_2_no_dsp_1_ip via file impl/misc/calculateCoefficients_fptrunc_64ns_32_2_no_dsp_1_ip.tcl
WARNING: [IP_Flow 19-4832] The IP name 'calculateCoefficients_fptrunc_64ns_32_2_no_dsp_1_ip' you have specified is long. The Windows operating system has path length limitations. It is recommended you use shorter names to reduce the likelihood of issues.
INFO: [IP_Flow 19-1686] Generating 'Synthesis' target for IP 'calculateCoefficients_fptrunc_64ns_32_2_no_dsp_1_ip'...
INFO: [IP_Flow 19-1686] Generating 'Simulation' target for IP 'calculateCoefficients_fptrunc_64ns_32_2_no_dsp_1_ip'...
generate_target: Time (s): cpu = 00:00:00 ; elapsed = 00:00:07 . Memory (MB): peak = 701.375 ; gain = 0.000
INFO: Done generating calculateCoefficients_fptrunc_64ns_32_2_no_dsp_1_ip via file impl/misc/calculateCoefficients_fptrunc_64ns_32_2_no_dsp_1_ip.tcl
INFO: Generating calculateCoefficients_fsub_32ns_32ns_32_4_full_dsp_1_ip via file impl/misc/calculateCoefficients_fsub_32ns_32ns_32_4_full_dsp_1_ip.tcl
WARNING: [IP_Flow 19-4832] The IP name 'calculateCoefficients_fsub_32ns_32ns_32_4_full_dsp_1_ip' you have specified is long. The Windows operating system has path length limitations. It is recommended you use shorter names to reduce the likelihood of issues.
INFO: [IP_Flow 19-1686] Generating 'Synthesis' target for IP 'calculateCoefficients_fsub_32ns_32ns_32_4_full_dsp_1_ip'...
INFO: [IP_Flow 19-1686] Generating 'Simulation' target for IP 'calculateCoefficients_fsub_32ns_32ns_32_4_full_dsp_1_ip'...
INFO: Done generating calculateCoefficients_fsub_32ns_32ns_32_4_full_dsp_1_ip via file impl/misc/calculateCoefficients_fsub_32ns_32ns_32_4_full_dsp_1_ip.tcl
INFO: Generating calculateCoefficients_sitodp_32ns_64_4_no_dsp_1_ip via file impl/misc/calculateCoefficients_sitodp_32ns_64_4_no_dsp_1_ip.tcl
WARNING: [IP_Flow 19-4832] The IP name 'calculateCoefficients_sitodp_32ns_64_4_no_dsp_1_ip' you have specified is long. The Windows operating system has path length limitations. It is recommended you use shorter names to reduce the likelihood of issues.
INFO: [IP_Flow 19-1686] Generating 'Synthesis' target for IP 'calculateCoefficients_sitodp_32ns_64_4_no_dsp_1_ip'...
INFO: [IP_Flow 19-1686] Generating 'Simulation' target for IP 'calculateCoefficients_sitodp_32ns_64_4_no_dsp_1_ip'...
generate_target: Time (s): cpu = 00:00:00 ; elapsed = 00:00:14 . Memory (MB): peak = 708.270 ; gain = 0.000
INFO: Done generating calculateCoefficients_sitodp_32ns_64_4_no_dsp_1_ip via file impl/misc/calculateCoefficients_sitodp_32ns_64_4_no_dsp_1_ip.tcl
INFO: Generating calculateCoefficients_sitodp_32s_64_4_no_dsp_1_ip via file impl/misc/calculateCoefficients_sitodp_32s_64_4_no_dsp_1_ip.tcl
WARNING: [IP_Flow 19-4832] The IP name 'calculateCoefficients_sitodp_32s_64_4_no_dsp_1_ip' you have specified is long. The Windows operating system has path length limitations. It is recommended you use shorter names to reduce the likelihood of issues.
INFO: [IP_Flow 19-1686] Generating 'Synthesis' target for IP 'calculateCoefficients_sitodp_32s_64_4_no_dsp_1_ip'...
INFO: [IP_Flow 19-1686] Generating 'Simulation' target for IP 'calculateCoefficients_sitodp_32s_64_4_no_dsp_1_ip'...
INFO: Done generating calculateCoefficients_sitodp_32s_64_4_no_dsp_1_ip via file impl/misc/calculateCoefficients_sitodp_32s_64_4_no_dsp_1_ip.tcl
INFO: Generating calculateCoefficients_sitofp_32s_32_4_no_dsp_1_ip via file impl/misc/calculateCoefficients_sitofp_32s_32_4_no_dsp_1_ip.tcl
WARNING: [IP_Flow 19-4832] The IP name 'calculateCoefficients_sitofp_32s_32_4_no_dsp_1_ip' you have specified is long. The Windows operating system has path length limitations. It is recommended you use shorter names to reduce the likelihood of issues.
INFO: [IP_Flow 19-1686] Generating 'Synthesis' target for IP 'calculateCoefficients_sitofp_32s_32_4_no_dsp_1_ip'...
INFO: [IP_Flow 19-1686] Generating 'Simulation' target for IP 'calculateCoefficients_sitofp_32s_32_4_no_dsp_1_ip'...
generate_target: Time (s): cpu = 00:00:00 ; elapsed = 00:00:13 . Memory (MB): peak = 719.031 ; gain = 0.000
INFO: Done generating calculateCoefficients_sitofp_32s_32_4_no_dsp_1_ip via file impl/misc/calculateCoefficients_sitofp_32s_32_4_no_dsp_1_ip.tcl
INFO: Import ports from HDL: F:/Motor-Simulator/HLS/Audio-Filtering/Audio-Filtering/hls/impl/ip/hdl/vhdl/calculateCoefficients.vhd (calculateCoefficients)
INFO: Add axi4lite interface s_axi_control
INFO: Add clock interface ap_clk
INFO: Add reset interface ap_rst_n
INFO: Add axi4full interface m_axi_gmem
INFO: [IP_Flow 19-234] Refreshing IP repositories
INFO: [IP_Flow 19-1704] No user IP repositories specified
INFO: [IP_Flow 19-2313] Loaded Vivado IP repository 'C:/Xilinx/Vivado/2024.1/data/ip'.
INFO: Calling post_process_vitis to specialize IP
INFO: Calling post_process_sysgen to specialize IP
Generating sysgen info xml from json file
INFO: Created IP F:/Motor-Simulator/HLS/Audio-Filtering/Audio-Filtering/hls/impl/ip/component.xml
INFO: Created IP archive F:/Motor-Simulator/HLS/Audio-Filtering/Audio-Filtering/hls/impl/ip/xilinx_com_hls_calculateCoefficients_1_0.zip
INFO: [Common 17-206] Exiting Vivado at Wed Mar 11 18:31:48 2026...
