Time resolution is 1 ps
Block Memory Generator module Motor_Simulator_wrapper.Motor_Simulator_i.blk_mem_gen_0.inst.native_mem_mapped_module.blk_mem_gen_v8_4_8_inst is using a behavioral model for simulation which will not precisely model memory collision behavior.
XilinxAXIVIP: Found at Path: Motor_Simulator_wrapper.Motor_Simulator_i.zynq_ultra_ps_e_0.inst.S_AXI_ACP.slave
[0] : *ZYNQ_MPSoC_BFM_INFO : S_AXI_ACP : Port is DISABLED.
XilinxAXIVIP: Found at Path: Motor_Simulator_wrapper.Motor_Simulator_i.zynq_ultra_ps_e_0.inst.S_AXI_ACE.slave
[0] : *ZYNQ_MPSoC_BFM_INFO : S_AXI_ACE : Port is DISABLED.
XilinxAXIVIP: Found at Path: Motor_Simulator_wrapper.Motor_Simulator_i.zynq_ultra_ps_e_0.inst.S_AXI_HPC0_FPD.slave
[0] : *ZYNQ_MPSoC_BFM_INFO : S_AXI_GP0 : Port is DISABLED.
XilinxAXIVIP: Found at Path: Motor_Simulator_wrapper.Motor_Simulator_i.zynq_ultra_ps_e_0.inst.S_AXI_HPC1_FPD.slave
[0] : *ZYNQ_MPSoC_BFM_INFO : S_AXI_GP1 : Port is DISABLED.
XilinxAXIVIP: Found at Path: Motor_Simulator_wrapper.Motor_Simulator_i.zynq_ultra_ps_e_0.inst.S_AXI_HP0_FPD.slave
[0] : *ZYNQ_MPSoC_BFM_INFO : S_AXI_GP2 : Port is DISABLED.
XilinxAXIVIP: Found at Path: Motor_Simulator_wrapper.Motor_Simulator_i.zynq_ultra_ps_e_0.inst.S_AXI_HP1_FPD.slave
[0] : *ZYNQ_MPSoC_BFM_INFO : S_AXI_GP3 : Port is DISABLED.
XilinxAXIVIP: Found at Path: Motor_Simulator_wrapper.Motor_Simulator_i.zynq_ultra_ps_e_0.inst.S_AXI_HP2_FPD.slave
[0] : *ZYNQ_MPSoC_BFM_INFO : S_AXI_GP4 : Port is DISABLED.
XilinxAXIVIP: Found at Path: Motor_Simulator_wrapper.Motor_Simulator_i.zynq_ultra_ps_e_0.inst.S_AXI_HP3_FPD.slave
[0] : *ZYNQ_MPSoC_BFM_INFO : S_AXI_GP5 : Port is DISABLED.
XilinxAXIVIP: Found at Path: Motor_Simulator_wrapper.Motor_Simulator_i.zynq_ultra_ps_e_0.inst.S_AXI_HPM0_LPD.slave
[0] : *ZYNQ_MPSoC_BFM_INFO : S_AXI_GP6 : Port is DISABLED.
XilinxAXIVIP: Found at Path: Motor_Simulator_wrapper.Motor_Simulator_i.zynq_ultra_ps_e_0.inst.M_AXI_HPM0_FPD.master
[0] : *ZYNQ_MPSoC_BFM_INFO : M_AXI_GP0 : Port is DISABLED.
XilinxAXIVIP: Found at Path: Motor_Simulator_wrapper.Motor_Simulator_i.zynq_ultra_ps_e_0.inst.M_AXI_HPM1_FPD.master
[0] : *ZYNQ_MPSoC_BFM_INFO : M_AXI_GP1 : Port is DISABLED.
XilinxAXIVIP: Found at Path: Motor_Simulator_wrapper.Motor_Simulator_i.zynq_ultra_ps_e_0.inst.M_AXI_HPM0_LPD.master
[0] : *ZYNQ_MPSoC_BFM_INFO : M_AXI_GP2 : Port is ENABLED.
WARNING: 5 ns Motor_Simulator_wrapper.Motor_Simulator_i.zynq_ultra_ps_e_0.inst.M_AXI_HPM0_LPD.master.IF : ARESET_N can't be X/Z after 1 cycle of clock. To downgrade, use <hierarchy_path to VIP>.IF.set_enable_xchecks_to_warn(), or filter using clr_enable_xchecks.
Warning: OPMODE Input Warning : The OPMODE 011XX11 with CARRYINSEL  000 to DSP48E1 instance is invalid.
Time: 705 ns  Iteration: 17  Process: /Motor_Simulator_wrapper/Motor_Simulator_i/calculateCoefficients_0/inst/dmul_64ns_64ns_64_5_max_dsp_1_U38/calculateCoefficients_dmul_64ns_64ns_64_5_max_dsp_1_ip_u/inst/i_synth/mult/OP/i_non_prim/R_AND_R/logic/R_AND_R/dsp48_e1/dsp48e1_add/DSP48E1_ADD/i_no_versal_es1_workaround/DSP/prcs_opmode_drc  File: C:/Xilinx/Vivado/2024.1/data/vhdl/src/unisims/primitive/DSP48E1.vhd
Executing Axi4 End Of Simulation checks
Executing Axi4 End Of Simulation checks
Executing Axi4 End Of Simulation checks
Executing Axi4 End Of Simulation checks
Executing Axi4 End Of Simulation checks
Executing Axi4 End Of Simulation checks
Executing Axi4 End Of Simulation checks
Executing Axi4 End Of Simulation checks
Executing Axi4 End Of Simulation checks
Executing Axi4 End Of Simulation checks
Executing Axi4 End Of Simulation checks
Executing Axi4 End Of Simulation checks
