

================================================================
== Vitis HLS Report for 'calculateCoefficients_Pipeline_VITIS_LOOP_16_1'
================================================================
* Date:           Wed Mar 11 18:27:49 2026

* Version:        2024.1 (Build 5069499 on May 21 2024)
* Project:        Audio-Filtering
* Solution:       hls (Vivado IP Flow Target)
* Product family: zynquplus
* Target device:  xczu3eg-sfvc784-2-e


================================================================
== Performance Estimates
================================================================
+ Timing: 
    * Summary: 
    +--------+----------+----------+------------+
    |  Clock |  Target  | Estimated| Uncertainty|
    +--------+----------+----------+------------+
    |ap_clk  |  10.00 ns|  7.300 ns|     2.70 ns|
    +--------+----------+----------+------------+

+ Latency: 
    * Summary: 
    +---------+---------+----------+----------+-----+-----+-----------------------------------------------+
    |  Latency (cycles) |  Latency (absolute) |  Interval |                    Pipeline                   |
    |   min   |   max   |    min   |    max   | min | max |                      Type                     |
    +---------+---------+----------+----------+-----+-----+-----------------------------------------------+
    |       70|       70|  0.700 us|  0.700 us|   25|   25|  loop auto-rewind stp(delay=0 clock cycles(s))|
    +---------+---------+----------+----------+-----+-----+-----------------------------------------------+

    + Detail: 
        * Instance: 
        N/A

        * Loop: 
        +-------------------+---------+---------+----------+-----------+-----------+------+----------+
        |                   |  Latency (cycles) | Iteration|  Initiation Interval  | Trip |          |
        |     Loop Name     |   min   |   max   |  Latency |  achieved |   target  | Count| Pipelined|
        +-------------------+---------+---------+----------+-----------+-----------+------+----------+
        |- VITIS_LOOP_16_1  |       68|       68|        45|          1|          1|    25|       yes|
        +-------------------+---------+---------+----------+-----------+-----------+------+----------+

============================================================
+ Verbose Summary: Synthesis Manager
============================================================
InlineROM: 1
ExposeGlobal: 0
============================================================
+ Verbose Summary: CDFG Model
============================================================
IsTopModel: 0
ResetActiveHigh: 1
IsCombinational: 0
IsDatapathOnly: 0
HasWiredReturn: 1
HasMFsm: 2
HasVarLatency: 1
IsPipeline: 0
IsRtlPipelined: 0
IsInstanceOverlapped: 0
IsDontTouch: 0
HasImplIP: 0
IsGatedGlobalClock: 0

+ Individual pipeline summary: 
  * Pipeline-0: initiation interval (II) = 1, depth = 45


============================================================
+ Verbose Summary: Schedule
============================================================
* Number of FSM states : 45
* Pipeline : 1
  Pipeline-0 : II = 1, D = 45, States = { 1 2 3 4 5 6 7 8 9 10 11 12 13 14 15 16 17 18 19 20 21 22 23 24 25 26 27 28 29 30 31 32 33 34 35 36 37 38 39 40 41 42 43 44 45 }
* Dataflow Pipeline: 0

* FSM state transitions: 
1 --> 2 
2 --> 3 
3 --> 4 
4 --> 5 
5 --> 6 
6 --> 7 
7 --> 8 
8 --> 9 
9 --> 10 
10 --> 11 
11 --> 12 
12 --> 13 
13 --> 14 
14 --> 15 
15 --> 16 
16 --> 17 
17 --> 18 
18 --> 19 
19 --> 20 
20 --> 21 
21 --> 22 
22 --> 23 
23 --> 24 
24 --> 25 
25 --> 26 
26 --> 27 
27 --> 28 
28 --> 29 
29 --> 30 
30 --> 31 
31 --> 32 
32 --> 33 
33 --> 34 
34 --> 35 
35 --> 36 
36 --> 37 
37 --> 38 
38 --> 39 
39 --> 40 
40 --> 41 
41 --> 42 
42 --> 43 
43 --> 44 
44 --> 45 
45 --> 

* FSM state operations: 

State 1 <SV = 0> <Delay = 6.41>
ST_1 : Operation 48 [1/1] (0.00ns)   --->   "%i1 = alloca i32 1"   --->   Operation 48 'alloca' 'i1' <Predicate = true> <Delay = 0.00>
ST_1 : Operation 49 [1/1] (0.00ns)   --->   "%omegaLower_read = read i32 @_ssdm_op_Read.ap_auto.float, i32 %omegaLower"   --->   Operation 49 'read' 'omegaLower_read' <Predicate = true> <Delay = 0.00>
ST_1 : Operation 50 [1/1] (0.00ns)   --->   "%omegaUpper_read = read i32 @_ssdm_op_Read.ap_auto.float, i32 %omegaUpper"   --->   Operation 50 'read' 'omegaUpper_read' <Predicate = true> <Delay = 0.00>
ST_1 : Operation 51 [1/1] (0.00ns)   --->   "%div1_read = read i64 @_ssdm_op_Read.ap_auto.double, i64 %div1"   --->   Operation 51 'read' 'div1_read' <Predicate = true> <Delay = 0.00>
ST_1 : Operation 52 [1/1] (0.00ns)   --->   "%sext_ln16_read = read i62 @_ssdm_op_Read.ap_auto.i62, i62 %sext_ln16"   --->   Operation 52 'read' 'sext_ln16_read' <Predicate = true> <Delay = 0.00>
ST_1 : Operation 53 [1/1] (0.00ns)   --->   "%sext_ln16_cast = sext i62 %sext_ln16_read"   --->   Operation 53 'sext' 'sext_ln16_cast' <Predicate = true> <Delay = 0.00>
ST_1 : Operation 54 [1/1] (0.00ns)   --->   "%specinterface_ln0 = specinterface void @_ssdm_op_SpecInterface, i32 %gmem, void @empty, i32 0, i32 0, void @empty_0, i32 0, i32 0, void @empty_1, void @empty_2, void @empty_0, i32 16, i32 16, i32 16, i32 16, void @empty_0, void @empty_0, i32 4294967295, i32 0, i32 0"   --->   Operation 54 'specinterface' 'specinterface_ln0' <Predicate = true> <Delay = 0.00>
ST_1 : Operation 55 [1/1] (0.42ns)   --->   "%store_ln0 = store i5 0, i5 %i1"   --->   Operation 55 'store' 'store_ln0' <Predicate = true> <Delay = 0.42>
ST_1 : Operation 56 [1/1] (0.00ns)   --->   "%br_ln0 = br void %for.body.split"   --->   Operation 56 'br' 'br_ln0' <Predicate = true> <Delay = 0.00>
ST_1 : Operation 57 [1/1] (0.00ns)   --->   "%i1_load = load i5 %i1" [Coefficients.cpp:19]   --->   Operation 57 'load' 'i1_load' <Predicate = true> <Delay = 0.00>
ST_1 : Operation 58 [1/1] (0.78ns)   --->   "%add_ln19 = add i5 %i1_load, i5 20" [Coefficients.cpp:19]   --->   Operation 58 'add' 'add_ln19' <Predicate = true> <Delay = 0.78> <CoreInst = "Adder">   --->   Core 1 'Adder' <Latency = 0> <II = 1> <Delay = 0.78> <FuncUnit> <Opcode : 'add' 'sub'> <InPorts = 2> <OutPorts = 1>
ST_1 : Operation 59 [1/1] (0.78ns)   --->   "%icmp_ln19 = icmp_eq  i5 %add_ln19, i5 0" [Coefficients.cpp:19]   --->   Operation 59 'icmp' 'icmp_ln19' <Predicate = true> <Delay = 0.78> <CoreInst = "Cmp">   --->   Core 9 'Cmp' <Latency = 0> <II = 1> <Delay = 0.78> <FuncUnit> <Opcode : 'seteq' 'setne' 'setle' 'setge' 'setlt' 'setgt'> <InPorts = 2> <OutPorts = 1>
ST_1 : Operation 60 [1/1] (0.78ns)   --->   "%i = add i5 %i1_load, i5 1" [Coefficients.cpp:16]   --->   Operation 60 'add' 'i' <Predicate = true> <Delay = 0.78> <CoreInst = "Adder">   --->   Core 1 'Adder' <Latency = 0> <II = 1> <Delay = 0.78> <FuncUnit> <Opcode : 'add' 'sub'> <InPorts = 2> <OutPorts = 1>
ST_1 : Operation 61 [1/1] (0.42ns)   --->   "%br_ln19 = br i1 %icmp_ln19, void %if.else, void %for.inc" [Coefficients.cpp:19]   --->   Operation 61 'br' 'br_ln19' <Predicate = true> <Delay = 0.42>
ST_1 : Operation 62 [1/1] (0.00ns)   --->   "%sext_ln23 = sext i5 %add_ln19" [Coefficients.cpp:23]   --->   Operation 62 'sext' 'sext_ln23' <Predicate = (!icmp_ln19)> <Delay = 0.00>
ST_1 : Operation 63 [4/4] (5.19ns)   --->   "%conv4 = sitofp i32 %sext_ln23" [Coefficients.cpp:23]   --->   Operation 63 'sitofp' 'conv4' <Predicate = (!icmp_ln19)> <Delay = 5.19> <CoreInst = "Int2Float">   --->   Core 62 'Int2Float' <Latency = 3> <II = 1> <Delay = 5.19> <FuncUnit> <Opcode : 'uitofp' 'sitofp'> <InPorts = 1> <OutPorts = 1>
ST_1 : Operation 64 [1/1] (0.78ns)   --->   "%icmp_ln16 = icmp_eq  i5 %i1_load, i5 24" [Coefficients.cpp:16]   --->   Operation 64 'icmp' 'icmp_ln16' <Predicate = true> <Delay = 0.78> <CoreInst = "Cmp">   --->   Core 9 'Cmp' <Latency = 0> <II = 1> <Delay = 0.78> <FuncUnit> <Opcode : 'seteq' 'setne' 'setle' 'setge' 'setlt' 'setgt'> <InPorts = 2> <OutPorts = 1>
ST_1 : Operation 65 [1/1] (0.42ns)   --->   "%store_ln16 = store i5 %i, i5 %i1" [Coefficients.cpp:16]   --->   Operation 65 'store' 'store_ln16' <Predicate = true> <Delay = 0.42>
ST_1 : Operation 66 [1/1] (0.00ns)   --->   "%br_ln16 = br i1 %icmp_ln16, void %for.body.split, void %for.end.exitStub" [Coefficients.cpp:16]   --->   Operation 66 'br' 'br_ln16' <Predicate = true> <Delay = 0.00>

State 2 <SV = 1> <Delay = 5.19>
ST_2 : Operation 67 [3/4] (5.19ns)   --->   "%conv4 = sitofp i32 %sext_ln23" [Coefficients.cpp:23]   --->   Operation 67 'sitofp' 'conv4' <Predicate = (!icmp_ln19)> <Delay = 5.19> <CoreInst = "Int2Float">   --->   Core 62 'Int2Float' <Latency = 3> <II = 1> <Delay = 5.19> <FuncUnit> <Opcode : 'uitofp' 'sitofp'> <InPorts = 1> <OutPorts = 1>

State 3 <SV = 2> <Delay = 5.19>
ST_3 : Operation 68 [2/4] (5.19ns)   --->   "%conv4 = sitofp i32 %sext_ln23" [Coefficients.cpp:23]   --->   Operation 68 'sitofp' 'conv4' <Predicate = (!icmp_ln19)> <Delay = 5.19> <CoreInst = "Int2Float">   --->   Core 62 'Int2Float' <Latency = 3> <II = 1> <Delay = 5.19> <FuncUnit> <Opcode : 'uitofp' 'sitofp'> <InPorts = 1> <OutPorts = 1>

State 4 <SV = 3> <Delay = 5.19>
ST_4 : Operation 69 [1/4] (5.19ns)   --->   "%conv4 = sitofp i32 %sext_ln23" [Coefficients.cpp:23]   --->   Operation 69 'sitofp' 'conv4' <Predicate = (!icmp_ln19)> <Delay = 5.19> <CoreInst = "Int2Float">   --->   Core 62 'Int2Float' <Latency = 3> <II = 1> <Delay = 5.19> <FuncUnit> <Opcode : 'uitofp' 'sitofp'> <InPorts = 1> <OutPorts = 1>

State 5 <SV = 4> <Delay = 7.01>
ST_5 : Operation 70 [3/3] (7.01ns)   --->   "%p_x_assign = fmul i32 %omegaUpper_read, i32 %conv4" [Coefficients.cpp:23]   --->   Operation 70 'fmul' 'p_x_assign' <Predicate = (!icmp_ln19)> <Delay = 7.01> <CoreInst = "FMul_maxdsp">   --->   Core 30 'FMul_maxdsp' <Latency = 2> <II = 1> <Delay = 7.01> <FuncUnit> <Opcode : 'fmul'> <InPorts = 2> <OutPorts = 1>
ST_5 : Operation 71 [3/3] (7.01ns)   --->   "%p_x_assign_1 = fmul i32 %omegaLower_read, i32 %conv4" [Coefficients.cpp:23]   --->   Operation 71 'fmul' 'p_x_assign_1' <Predicate = (!icmp_ln19)> <Delay = 7.01> <CoreInst = "FMul_maxdsp">   --->   Core 30 'FMul_maxdsp' <Latency = 2> <II = 1> <Delay = 7.01> <FuncUnit> <Opcode : 'fmul'> <InPorts = 2> <OutPorts = 1>

State 6 <SV = 5> <Delay = 7.01>
ST_6 : Operation 72 [2/3] (7.01ns)   --->   "%p_x_assign = fmul i32 %omegaUpper_read, i32 %conv4" [Coefficients.cpp:23]   --->   Operation 72 'fmul' 'p_x_assign' <Predicate = (!icmp_ln19)> <Delay = 7.01> <CoreInst = "FMul_maxdsp">   --->   Core 30 'FMul_maxdsp' <Latency = 2> <II = 1> <Delay = 7.01> <FuncUnit> <Opcode : 'fmul'> <InPorts = 2> <OutPorts = 1>
ST_6 : Operation 73 [2/3] (7.01ns)   --->   "%p_x_assign_1 = fmul i32 %omegaLower_read, i32 %conv4" [Coefficients.cpp:23]   --->   Operation 73 'fmul' 'p_x_assign_1' <Predicate = (!icmp_ln19)> <Delay = 7.01> <CoreInst = "FMul_maxdsp">   --->   Core 30 'FMul_maxdsp' <Latency = 2> <II = 1> <Delay = 7.01> <FuncUnit> <Opcode : 'fmul'> <InPorts = 2> <OutPorts = 1>

State 7 <SV = 6> <Delay = 7.01>
ST_7 : Operation 74 [1/3] (7.01ns)   --->   "%p_x_assign = fmul i32 %omegaUpper_read, i32 %conv4" [Coefficients.cpp:23]   --->   Operation 74 'fmul' 'p_x_assign' <Predicate = (!icmp_ln19)> <Delay = 7.01> <CoreInst = "FMul_maxdsp">   --->   Core 30 'FMul_maxdsp' <Latency = 2> <II = 1> <Delay = 7.01> <FuncUnit> <Opcode : 'fmul'> <InPorts = 2> <OutPorts = 1>
ST_7 : Operation 75 [1/3] (7.01ns)   --->   "%p_x_assign_1 = fmul i32 %omegaLower_read, i32 %conv4" [Coefficients.cpp:23]   --->   Operation 75 'fmul' 'p_x_assign_1' <Predicate = (!icmp_ln19)> <Delay = 7.01> <CoreInst = "FMul_maxdsp">   --->   Core 30 'FMul_maxdsp' <Latency = 2> <II = 1> <Delay = 7.01> <FuncUnit> <Opcode : 'fmul'> <InPorts = 2> <OutPorts = 1>

State 8 <SV = 7> <Delay = 1.83>
ST_8 : Operation 76 [7/7] (1.83ns)   --->   "%tmp = call i32 @sin_or_cos<float>, i32 %p_x_assign, i100 %ref_4oPi_table_100, i30 %second_order_float_sin_cos_K0, i23 %second_order_float_sin_cos_K1, i15 %second_order_float_sin_cos_K2" [C:\scratch\2024.1\hls_product\545\2024.1\src\shared\hls\clib\hlsmath\src\common\hls_hotbm_float.cpp:123->C:\scratch\2024.1\hls_product\545\2024.1\src\shared\hls\clib\hlsmath\src\c\sincosfloat.cpp:8->C:/Xilinx/Vitis_HLS/2024.1/tps/mingw/8.3.0/win64.o/nt\lib\gcc\x86_64-w64-mingw32\8.3.0\include\c++\cmath:426->Coefficients.cpp:23]   --->   Operation 76 'call' 'tmp' <Predicate = (!icmp_ln19)> <Delay = 1.83> <CoreType = "Generic">   --->   Core 0 '' <Latency = 0> <II = 1> <Delay = 1.00> <Generic> <Opcode : >
ST_8 : Operation 77 [7/7] (1.83ns)   --->   "%tmp_s = call i32 @sin_or_cos<float>, i32 %p_x_assign_1, i100 %ref_4oPi_table_100, i30 %second_order_float_sin_cos_K0, i23 %second_order_float_sin_cos_K1, i15 %second_order_float_sin_cos_K2" [C:\scratch\2024.1\hls_product\545\2024.1\src\shared\hls\clib\hlsmath\src\common\hls_hotbm_float.cpp:123->C:\scratch\2024.1\hls_product\545\2024.1\src\shared\hls\clib\hlsmath\src\c\sincosfloat.cpp:8->C:/Xilinx/Vitis_HLS/2024.1/tps/mingw/8.3.0/win64.o/nt\lib\gcc\x86_64-w64-mingw32\8.3.0\include\c++\cmath:426->Coefficients.cpp:23]   --->   Operation 77 'call' 'tmp_s' <Predicate = (!icmp_ln19)> <Delay = 1.83> <CoreType = "Generic">   --->   Core 0 '' <Latency = 0> <II = 1> <Delay = 1.00> <Generic> <Opcode : >

State 9 <SV = 8> <Delay = 7.00>
ST_9 : Operation 78 [6/7] (7.00ns)   --->   "%tmp = call i32 @sin_or_cos<float>, i32 %p_x_assign, i100 %ref_4oPi_table_100, i30 %second_order_float_sin_cos_K0, i23 %second_order_float_sin_cos_K1, i15 %second_order_float_sin_cos_K2" [C:\scratch\2024.1\hls_product\545\2024.1\src\shared\hls\clib\hlsmath\src\common\hls_hotbm_float.cpp:123->C:\scratch\2024.1\hls_product\545\2024.1\src\shared\hls\clib\hlsmath\src\c\sincosfloat.cpp:8->C:/Xilinx/Vitis_HLS/2024.1/tps/mingw/8.3.0/win64.o/nt\lib\gcc\x86_64-w64-mingw32\8.3.0\include\c++\cmath:426->Coefficients.cpp:23]   --->   Operation 78 'call' 'tmp' <Predicate = (!icmp_ln19)> <Delay = 7.00> <CoreType = "Generic">   --->   Core 0 '' <Latency = 0> <II = 1> <Delay = 1.00> <Generic> <Opcode : >
ST_9 : Operation 79 [6/7] (7.00ns)   --->   "%tmp_s = call i32 @sin_or_cos<float>, i32 %p_x_assign_1, i100 %ref_4oPi_table_100, i30 %second_order_float_sin_cos_K0, i23 %second_order_float_sin_cos_K1, i15 %second_order_float_sin_cos_K2" [C:\scratch\2024.1\hls_product\545\2024.1\src\shared\hls\clib\hlsmath\src\common\hls_hotbm_float.cpp:123->C:\scratch\2024.1\hls_product\545\2024.1\src\shared\hls\clib\hlsmath\src\c\sincosfloat.cpp:8->C:/Xilinx/Vitis_HLS/2024.1/tps/mingw/8.3.0/win64.o/nt\lib\gcc\x86_64-w64-mingw32\8.3.0\include\c++\cmath:426->Coefficients.cpp:23]   --->   Operation 79 'call' 'tmp_s' <Predicate = (!icmp_ln19)> <Delay = 7.00> <CoreType = "Generic">   --->   Core 0 '' <Latency = 0> <II = 1> <Delay = 1.00> <Generic> <Opcode : >

State 10 <SV = 9> <Delay = 7.00>
ST_10 : Operation 80 [5/7] (7.00ns)   --->   "%tmp = call i32 @sin_or_cos<float>, i32 %p_x_assign, i100 %ref_4oPi_table_100, i30 %second_order_float_sin_cos_K0, i23 %second_order_float_sin_cos_K1, i15 %second_order_float_sin_cos_K2" [C:\scratch\2024.1\hls_product\545\2024.1\src\shared\hls\clib\hlsmath\src\common\hls_hotbm_float.cpp:123->C:\scratch\2024.1\hls_product\545\2024.1\src\shared\hls\clib\hlsmath\src\c\sincosfloat.cpp:8->C:/Xilinx/Vitis_HLS/2024.1/tps/mingw/8.3.0/win64.o/nt\lib\gcc\x86_64-w64-mingw32\8.3.0\include\c++\cmath:426->Coefficients.cpp:23]   --->   Operation 80 'call' 'tmp' <Predicate = (!icmp_ln19)> <Delay = 7.00> <CoreType = "Generic">   --->   Core 0 '' <Latency = 0> <II = 1> <Delay = 1.00> <Generic> <Opcode : >
ST_10 : Operation 81 [5/7] (7.00ns)   --->   "%tmp_s = call i32 @sin_or_cos<float>, i32 %p_x_assign_1, i100 %ref_4oPi_table_100, i30 %second_order_float_sin_cos_K0, i23 %second_order_float_sin_cos_K1, i15 %second_order_float_sin_cos_K2" [C:\scratch\2024.1\hls_product\545\2024.1\src\shared\hls\clib\hlsmath\src\common\hls_hotbm_float.cpp:123->C:\scratch\2024.1\hls_product\545\2024.1\src\shared\hls\clib\hlsmath\src\c\sincosfloat.cpp:8->C:/Xilinx/Vitis_HLS/2024.1/tps/mingw/8.3.0/win64.o/nt\lib\gcc\x86_64-w64-mingw32\8.3.0\include\c++\cmath:426->Coefficients.cpp:23]   --->   Operation 81 'call' 'tmp_s' <Predicate = (!icmp_ln19)> <Delay = 7.00> <CoreType = "Generic">   --->   Core 0 '' <Latency = 0> <II = 1> <Delay = 1.00> <Generic> <Opcode : >

State 11 <SV = 10> <Delay = 7.00>
ST_11 : Operation 82 [4/7] (7.00ns)   --->   "%tmp = call i32 @sin_or_cos<float>, i32 %p_x_assign, i100 %ref_4oPi_table_100, i30 %second_order_float_sin_cos_K0, i23 %second_order_float_sin_cos_K1, i15 %second_order_float_sin_cos_K2" [C:\scratch\2024.1\hls_product\545\2024.1\src\shared\hls\clib\hlsmath\src\common\hls_hotbm_float.cpp:123->C:\scratch\2024.1\hls_product\545\2024.1\src\shared\hls\clib\hlsmath\src\c\sincosfloat.cpp:8->C:/Xilinx/Vitis_HLS/2024.1/tps/mingw/8.3.0/win64.o/nt\lib\gcc\x86_64-w64-mingw32\8.3.0\include\c++\cmath:426->Coefficients.cpp:23]   --->   Operation 82 'call' 'tmp' <Predicate = (!icmp_ln19)> <Delay = 7.00> <CoreType = "Generic">   --->   Core 0 '' <Latency = 0> <II = 1> <Delay = 1.00> <Generic> <Opcode : >
ST_11 : Operation 83 [4/7] (7.00ns)   --->   "%tmp_s = call i32 @sin_or_cos<float>, i32 %p_x_assign_1, i100 %ref_4oPi_table_100, i30 %second_order_float_sin_cos_K0, i23 %second_order_float_sin_cos_K1, i15 %second_order_float_sin_cos_K2" [C:\scratch\2024.1\hls_product\545\2024.1\src\shared\hls\clib\hlsmath\src\common\hls_hotbm_float.cpp:123->C:\scratch\2024.1\hls_product\545\2024.1\src\shared\hls\clib\hlsmath\src\c\sincosfloat.cpp:8->C:/Xilinx/Vitis_HLS/2024.1/tps/mingw/8.3.0/win64.o/nt\lib\gcc\x86_64-w64-mingw32\8.3.0\include\c++\cmath:426->Coefficients.cpp:23]   --->   Operation 83 'call' 'tmp_s' <Predicate = (!icmp_ln19)> <Delay = 7.00> <CoreType = "Generic">   --->   Core 0 '' <Latency = 0> <II = 1> <Delay = 1.00> <Generic> <Opcode : >

State 12 <SV = 11> <Delay = 7.00>
ST_12 : Operation 84 [3/7] (7.00ns)   --->   "%tmp = call i32 @sin_or_cos<float>, i32 %p_x_assign, i100 %ref_4oPi_table_100, i30 %second_order_float_sin_cos_K0, i23 %second_order_float_sin_cos_K1, i15 %second_order_float_sin_cos_K2" [C:\scratch\2024.1\hls_product\545\2024.1\src\shared\hls\clib\hlsmath\src\common\hls_hotbm_float.cpp:123->C:\scratch\2024.1\hls_product\545\2024.1\src\shared\hls\clib\hlsmath\src\c\sincosfloat.cpp:8->C:/Xilinx/Vitis_HLS/2024.1/tps/mingw/8.3.0/win64.o/nt\lib\gcc\x86_64-w64-mingw32\8.3.0\include\c++\cmath:426->Coefficients.cpp:23]   --->   Operation 84 'call' 'tmp' <Predicate = (!icmp_ln19)> <Delay = 7.00> <CoreType = "Generic">   --->   Core 0 '' <Latency = 0> <II = 1> <Delay = 1.00> <Generic> <Opcode : >
ST_12 : Operation 85 [3/7] (7.00ns)   --->   "%tmp_s = call i32 @sin_or_cos<float>, i32 %p_x_assign_1, i100 %ref_4oPi_table_100, i30 %second_order_float_sin_cos_K0, i23 %second_order_float_sin_cos_K1, i15 %second_order_float_sin_cos_K2" [C:\scratch\2024.1\hls_product\545\2024.1\src\shared\hls\clib\hlsmath\src\common\hls_hotbm_float.cpp:123->C:\scratch\2024.1\hls_product\545\2024.1\src\shared\hls\clib\hlsmath\src\c\sincosfloat.cpp:8->C:/Xilinx/Vitis_HLS/2024.1/tps/mingw/8.3.0/win64.o/nt\lib\gcc\x86_64-w64-mingw32\8.3.0\include\c++\cmath:426->Coefficients.cpp:23]   --->   Operation 85 'call' 'tmp_s' <Predicate = (!icmp_ln19)> <Delay = 7.00> <CoreType = "Generic">   --->   Core 0 '' <Latency = 0> <II = 1> <Delay = 1.00> <Generic> <Opcode : >
ST_12 : Operation 86 [1/1] (0.00ns)   --->   "%sext_ln23_1 = sext i5 %add_ln19" [Coefficients.cpp:23]   --->   Operation 86 'sext' 'sext_ln23_1' <Predicate = (!icmp_ln19)> <Delay = 0.00>
ST_12 : Operation 87 [4/4] (5.62ns)   --->   "%conv6 = sitodp i32 %sext_ln23_1" [Coefficients.cpp:23]   --->   Operation 87 'sitodp' 'conv6' <Predicate = (!icmp_ln19)> <Delay = 5.62> <CoreInst = "Int2Double">   --->   Core 66 'Int2Double' <Latency = 3> <II = 1> <Delay = 5.62> <FuncUnit> <Opcode : 'uitodp' 'sitodp'> <InPorts = 1> <OutPorts = 1>

State 13 <SV = 12> <Delay = 7.00>
ST_13 : Operation 88 [2/7] (7.00ns)   --->   "%tmp = call i32 @sin_or_cos<float>, i32 %p_x_assign, i100 %ref_4oPi_table_100, i30 %second_order_float_sin_cos_K0, i23 %second_order_float_sin_cos_K1, i15 %second_order_float_sin_cos_K2" [C:\scratch\2024.1\hls_product\545\2024.1\src\shared\hls\clib\hlsmath\src\common\hls_hotbm_float.cpp:123->C:\scratch\2024.1\hls_product\545\2024.1\src\shared\hls\clib\hlsmath\src\c\sincosfloat.cpp:8->C:/Xilinx/Vitis_HLS/2024.1/tps/mingw/8.3.0/win64.o/nt\lib\gcc\x86_64-w64-mingw32\8.3.0\include\c++\cmath:426->Coefficients.cpp:23]   --->   Operation 88 'call' 'tmp' <Predicate = (!icmp_ln19)> <Delay = 7.00> <CoreType = "Generic">   --->   Core 0 '' <Latency = 0> <II = 1> <Delay = 1.00> <Generic> <Opcode : >
ST_13 : Operation 89 [2/7] (7.00ns)   --->   "%tmp_s = call i32 @sin_or_cos<float>, i32 %p_x_assign_1, i100 %ref_4oPi_table_100, i30 %second_order_float_sin_cos_K0, i23 %second_order_float_sin_cos_K1, i15 %second_order_float_sin_cos_K2" [C:\scratch\2024.1\hls_product\545\2024.1\src\shared\hls\clib\hlsmath\src\common\hls_hotbm_float.cpp:123->C:\scratch\2024.1\hls_product\545\2024.1\src\shared\hls\clib\hlsmath\src\c\sincosfloat.cpp:8->C:/Xilinx/Vitis_HLS/2024.1/tps/mingw/8.3.0/win64.o/nt\lib\gcc\x86_64-w64-mingw32\8.3.0\include\c++\cmath:426->Coefficients.cpp:23]   --->   Operation 89 'call' 'tmp_s' <Predicate = (!icmp_ln19)> <Delay = 7.00> <CoreType = "Generic">   --->   Core 0 '' <Latency = 0> <II = 1> <Delay = 1.00> <Generic> <Opcode : >
ST_13 : Operation 90 [3/4] (5.62ns)   --->   "%conv6 = sitodp i32 %sext_ln23_1" [Coefficients.cpp:23]   --->   Operation 90 'sitodp' 'conv6' <Predicate = (!icmp_ln19)> <Delay = 5.62> <CoreInst = "Int2Double">   --->   Core 66 'Int2Double' <Latency = 3> <II = 1> <Delay = 5.62> <FuncUnit> <Opcode : 'uitodp' 'sitodp'> <InPorts = 1> <OutPorts = 1>

State 14 <SV = 13> <Delay = 7.00>
ST_14 : Operation 91 [1/7] (7.00ns)   --->   "%tmp = call i32 @sin_or_cos<float>, i32 %p_x_assign, i100 %ref_4oPi_table_100, i30 %second_order_float_sin_cos_K0, i23 %second_order_float_sin_cos_K1, i15 %second_order_float_sin_cos_K2" [C:\scratch\2024.1\hls_product\545\2024.1\src\shared\hls\clib\hlsmath\src\common\hls_hotbm_float.cpp:123->C:\scratch\2024.1\hls_product\545\2024.1\src\shared\hls\clib\hlsmath\src\c\sincosfloat.cpp:8->C:/Xilinx/Vitis_HLS/2024.1/tps/mingw/8.3.0/win64.o/nt\lib\gcc\x86_64-w64-mingw32\8.3.0\include\c++\cmath:426->Coefficients.cpp:23]   --->   Operation 91 'call' 'tmp' <Predicate = (!icmp_ln19)> <Delay = 7.00> <CoreType = "Generic">   --->   Core 0 '' <Latency = 0> <II = 1> <Delay = 1.00> <Generic> <Opcode : >
ST_14 : Operation 92 [1/7] (7.00ns)   --->   "%tmp_s = call i32 @sin_or_cos<float>, i32 %p_x_assign_1, i100 %ref_4oPi_table_100, i30 %second_order_float_sin_cos_K0, i23 %second_order_float_sin_cos_K1, i15 %second_order_float_sin_cos_K2" [C:\scratch\2024.1\hls_product\545\2024.1\src\shared\hls\clib\hlsmath\src\common\hls_hotbm_float.cpp:123->C:\scratch\2024.1\hls_product\545\2024.1\src\shared\hls\clib\hlsmath\src\c\sincosfloat.cpp:8->C:/Xilinx/Vitis_HLS/2024.1/tps/mingw/8.3.0/win64.o/nt\lib\gcc\x86_64-w64-mingw32\8.3.0\include\c++\cmath:426->Coefficients.cpp:23]   --->   Operation 92 'call' 'tmp_s' <Predicate = (!icmp_ln19)> <Delay = 7.00> <CoreType = "Generic">   --->   Core 0 '' <Latency = 0> <II = 1> <Delay = 1.00> <Generic> <Opcode : >
ST_14 : Operation 93 [2/4] (5.62ns)   --->   "%conv6 = sitodp i32 %sext_ln23_1" [Coefficients.cpp:23]   --->   Operation 93 'sitodp' 'conv6' <Predicate = (!icmp_ln19)> <Delay = 5.62> <CoreInst = "Int2Double">   --->   Core 66 'Int2Double' <Latency = 3> <II = 1> <Delay = 5.62> <FuncUnit> <Opcode : 'uitodp' 'sitodp'> <InPorts = 1> <OutPorts = 1>

State 15 <SV = 14> <Delay = 6.43>
ST_15 : Operation 94 [4/4] (6.43ns)   --->   "%sub = fsub i32 %tmp, i32 %tmp_s" [Coefficients.cpp:23]   --->   Operation 94 'fsub' 'sub' <Predicate = (!icmp_ln19)> <Delay = 6.43> <CoreInst = "FAddSub_fulldsp">   --->   Core 18 'FAddSub_fulldsp' <Latency = 3> <II = 1> <Delay = 6.43> <FuncUnit> <Opcode : 'fadd' 'fsub'> <InPorts = 2> <OutPorts = 1>
ST_15 : Operation 95 [1/4] (5.62ns)   --->   "%conv6 = sitodp i32 %sext_ln23_1" [Coefficients.cpp:23]   --->   Operation 95 'sitodp' 'conv6' <Predicate = (!icmp_ln19)> <Delay = 5.62> <CoreInst = "Int2Double">   --->   Core 66 'Int2Double' <Latency = 3> <II = 1> <Delay = 5.62> <FuncUnit> <Opcode : 'uitodp' 'sitodp'> <InPorts = 1> <OutPorts = 1>

State 16 <SV = 15> <Delay = 7.04>
ST_16 : Operation 96 [3/4] (6.43ns)   --->   "%sub = fsub i32 %tmp, i32 %tmp_s" [Coefficients.cpp:23]   --->   Operation 96 'fsub' 'sub' <Predicate = (!icmp_ln19)> <Delay = 6.43> <CoreInst = "FAddSub_fulldsp">   --->   Core 18 'FAddSub_fulldsp' <Latency = 3> <II = 1> <Delay = 6.43> <FuncUnit> <Opcode : 'fadd' 'fsub'> <InPorts = 2> <OutPorts = 1>
ST_16 : Operation 97 [5/5] (7.04ns)   --->   "%mul3 = dmul i64 %conv6, i64 3.14159" [Coefficients.cpp:23]   --->   Operation 97 'dmul' 'mul3' <Predicate = (!icmp_ln19)> <Delay = 7.04> <CoreInst = "DMul_maxdsp">   --->   Core 49 'DMul_maxdsp' <Latency = 4> <II = 1> <Delay = 7.04> <FuncUnit> <Opcode : 'dmul'> <InPorts = 2> <OutPorts = 1>

State 17 <SV = 16> <Delay = 7.04>
ST_17 : Operation 98 [2/4] (6.43ns)   --->   "%sub = fsub i32 %tmp, i32 %tmp_s" [Coefficients.cpp:23]   --->   Operation 98 'fsub' 'sub' <Predicate = (!icmp_ln19)> <Delay = 6.43> <CoreInst = "FAddSub_fulldsp">   --->   Core 18 'FAddSub_fulldsp' <Latency = 3> <II = 1> <Delay = 6.43> <FuncUnit> <Opcode : 'fadd' 'fsub'> <InPorts = 2> <OutPorts = 1>
ST_17 : Operation 99 [4/5] (7.04ns)   --->   "%mul3 = dmul i64 %conv6, i64 3.14159" [Coefficients.cpp:23]   --->   Operation 99 'dmul' 'mul3' <Predicate = (!icmp_ln19)> <Delay = 7.04> <CoreInst = "DMul_maxdsp">   --->   Core 49 'DMul_maxdsp' <Latency = 4> <II = 1> <Delay = 7.04> <FuncUnit> <Opcode : 'dmul'> <InPorts = 2> <OutPorts = 1>

State 18 <SV = 17> <Delay = 7.04>
ST_18 : Operation 100 [1/4] (6.43ns)   --->   "%sub = fsub i32 %tmp, i32 %tmp_s" [Coefficients.cpp:23]   --->   Operation 100 'fsub' 'sub' <Predicate = (!icmp_ln19)> <Delay = 6.43> <CoreInst = "FAddSub_fulldsp">   --->   Core 18 'FAddSub_fulldsp' <Latency = 3> <II = 1> <Delay = 6.43> <FuncUnit> <Opcode : 'fadd' 'fsub'> <InPorts = 2> <OutPorts = 1>
ST_18 : Operation 101 [3/5] (7.04ns)   --->   "%mul3 = dmul i64 %conv6, i64 3.14159" [Coefficients.cpp:23]   --->   Operation 101 'dmul' 'mul3' <Predicate = (!icmp_ln19)> <Delay = 7.04> <CoreInst = "DMul_maxdsp">   --->   Core 49 'DMul_maxdsp' <Latency = 4> <II = 1> <Delay = 7.04> <FuncUnit> <Opcode : 'dmul'> <InPorts = 2> <OutPorts = 1>

State 19 <SV = 18> <Delay = 7.04>
ST_19 : Operation 102 [2/2] (2.30ns)   --->   "%conv5 = fpext i32 %sub" [Coefficients.cpp:23]   --->   Operation 102 'fpext' 'conv5' <Predicate = (!icmp_ln19)> <Delay = 2.30> <CoreInst = "Float2Double">   --->   Core 64 'Float2Double' <Latency = 1> <II = 1> <Delay = 2.30> <FuncUnit> <Opcode : 'fpext'> <InPorts = 1> <OutPorts = 1>
ST_19 : Operation 103 [2/5] (7.04ns)   --->   "%mul3 = dmul i64 %conv6, i64 3.14159" [Coefficients.cpp:23]   --->   Operation 103 'dmul' 'mul3' <Predicate = (!icmp_ln19)> <Delay = 7.04> <CoreInst = "DMul_maxdsp">   --->   Core 49 'DMul_maxdsp' <Latency = 4> <II = 1> <Delay = 7.04> <FuncUnit> <Opcode : 'dmul'> <InPorts = 2> <OutPorts = 1>

State 20 <SV = 19> <Delay = 7.04>
ST_20 : Operation 104 [1/2] (2.30ns)   --->   "%conv5 = fpext i32 %sub" [Coefficients.cpp:23]   --->   Operation 104 'fpext' 'conv5' <Predicate = (!icmp_ln19)> <Delay = 2.30> <CoreInst = "Float2Double">   --->   Core 64 'Float2Double' <Latency = 1> <II = 1> <Delay = 2.30> <FuncUnit> <Opcode : 'fpext'> <InPorts = 1> <OutPorts = 1>
ST_20 : Operation 105 [1/5] (7.04ns)   --->   "%mul3 = dmul i64 %conv6, i64 3.14159" [Coefficients.cpp:23]   --->   Operation 105 'dmul' 'mul3' <Predicate = (!icmp_ln19)> <Delay = 7.04> <CoreInst = "DMul_maxdsp">   --->   Core 49 'DMul_maxdsp' <Latency = 4> <II = 1> <Delay = 7.04> <FuncUnit> <Opcode : 'dmul'> <InPorts = 2> <OutPorts = 1>

State 21 <SV = 20> <Delay = 5.92>
ST_21 : Operation 106 [22/22] (5.92ns)   --->   "%div2 = ddiv i64 %conv5, i64 %mul3" [Coefficients.cpp:23]   --->   Operation 106 'ddiv' 'div2' <Predicate = (!icmp_ln19)> <Delay = 5.92> <CoreInst = "DDiv">   --->   Core 39 'DDiv' <Latency = 21> <II = 1> <Delay = 5.92> <FuncUnit> <Opcode : 'ddiv' 'drem'> <InPorts = 2> <OutPorts = 1>

State 22 <SV = 21> <Delay = 5.92>
ST_22 : Operation 107 [21/22] (5.92ns)   --->   "%div2 = ddiv i64 %conv5, i64 %mul3" [Coefficients.cpp:23]   --->   Operation 107 'ddiv' 'div2' <Predicate = (!icmp_ln19)> <Delay = 5.92> <CoreInst = "DDiv">   --->   Core 39 'DDiv' <Latency = 21> <II = 1> <Delay = 5.92> <FuncUnit> <Opcode : 'ddiv' 'drem'> <InPorts = 2> <OutPorts = 1>

State 23 <SV = 22> <Delay = 5.92>
ST_23 : Operation 108 [20/22] (5.92ns)   --->   "%div2 = ddiv i64 %conv5, i64 %mul3" [Coefficients.cpp:23]   --->   Operation 108 'ddiv' 'div2' <Predicate = (!icmp_ln19)> <Delay = 5.92> <CoreInst = "DDiv">   --->   Core 39 'DDiv' <Latency = 21> <II = 1> <Delay = 5.92> <FuncUnit> <Opcode : 'ddiv' 'drem'> <InPorts = 2> <OutPorts = 1>

State 24 <SV = 23> <Delay = 5.92>
ST_24 : Operation 109 [19/22] (5.92ns)   --->   "%div2 = ddiv i64 %conv5, i64 %mul3" [Coefficients.cpp:23]   --->   Operation 109 'ddiv' 'div2' <Predicate = (!icmp_ln19)> <Delay = 5.92> <CoreInst = "DDiv">   --->   Core 39 'DDiv' <Latency = 21> <II = 1> <Delay = 5.92> <FuncUnit> <Opcode : 'ddiv' 'drem'> <InPorts = 2> <OutPorts = 1>

State 25 <SV = 24> <Delay = 5.92>
ST_25 : Operation 110 [18/22] (5.92ns)   --->   "%div2 = ddiv i64 %conv5, i64 %mul3" [Coefficients.cpp:23]   --->   Operation 110 'ddiv' 'div2' <Predicate = (!icmp_ln19)> <Delay = 5.92> <CoreInst = "DDiv">   --->   Core 39 'DDiv' <Latency = 21> <II = 1> <Delay = 5.92> <FuncUnit> <Opcode : 'ddiv' 'drem'> <InPorts = 2> <OutPorts = 1>

State 26 <SV = 25> <Delay = 5.92>
ST_26 : Operation 111 [17/22] (5.92ns)   --->   "%div2 = ddiv i64 %conv5, i64 %mul3" [Coefficients.cpp:23]   --->   Operation 111 'ddiv' 'div2' <Predicate = (!icmp_ln19)> <Delay = 5.92> <CoreInst = "DDiv">   --->   Core 39 'DDiv' <Latency = 21> <II = 1> <Delay = 5.92> <FuncUnit> <Opcode : 'ddiv' 'drem'> <InPorts = 2> <OutPorts = 1>

State 27 <SV = 26> <Delay = 5.92>
ST_27 : Operation 112 [16/22] (5.92ns)   --->   "%div2 = ddiv i64 %conv5, i64 %mul3" [Coefficients.cpp:23]   --->   Operation 112 'ddiv' 'div2' <Predicate = (!icmp_ln19)> <Delay = 5.92> <CoreInst = "DDiv">   --->   Core 39 'DDiv' <Latency = 21> <II = 1> <Delay = 5.92> <FuncUnit> <Opcode : 'ddiv' 'drem'> <InPorts = 2> <OutPorts = 1>

State 28 <SV = 27> <Delay = 5.92>
ST_28 : Operation 113 [15/22] (5.92ns)   --->   "%div2 = ddiv i64 %conv5, i64 %mul3" [Coefficients.cpp:23]   --->   Operation 113 'ddiv' 'div2' <Predicate = (!icmp_ln19)> <Delay = 5.92> <CoreInst = "DDiv">   --->   Core 39 'DDiv' <Latency = 21> <II = 1> <Delay = 5.92> <FuncUnit> <Opcode : 'ddiv' 'drem'> <InPorts = 2> <OutPorts = 1>

State 29 <SV = 28> <Delay = 5.92>
ST_29 : Operation 114 [14/22] (5.92ns)   --->   "%div2 = ddiv i64 %conv5, i64 %mul3" [Coefficients.cpp:23]   --->   Operation 114 'ddiv' 'div2' <Predicate = (!icmp_ln19)> <Delay = 5.92> <CoreInst = "DDiv">   --->   Core 39 'DDiv' <Latency = 21> <II = 1> <Delay = 5.92> <FuncUnit> <Opcode : 'ddiv' 'drem'> <InPorts = 2> <OutPorts = 1>

State 30 <SV = 29> <Delay = 5.92>
ST_30 : Operation 115 [13/22] (5.92ns)   --->   "%div2 = ddiv i64 %conv5, i64 %mul3" [Coefficients.cpp:23]   --->   Operation 115 'ddiv' 'div2' <Predicate = (!icmp_ln19)> <Delay = 5.92> <CoreInst = "DDiv">   --->   Core 39 'DDiv' <Latency = 21> <II = 1> <Delay = 5.92> <FuncUnit> <Opcode : 'ddiv' 'drem'> <InPorts = 2> <OutPorts = 1>

State 31 <SV = 30> <Delay = 5.92>
ST_31 : Operation 116 [12/22] (5.92ns)   --->   "%div2 = ddiv i64 %conv5, i64 %mul3" [Coefficients.cpp:23]   --->   Operation 116 'ddiv' 'div2' <Predicate = (!icmp_ln19)> <Delay = 5.92> <CoreInst = "DDiv">   --->   Core 39 'DDiv' <Latency = 21> <II = 1> <Delay = 5.92> <FuncUnit> <Opcode : 'ddiv' 'drem'> <InPorts = 2> <OutPorts = 1>

State 32 <SV = 31> <Delay = 5.92>
ST_32 : Operation 117 [11/22] (5.92ns)   --->   "%div2 = ddiv i64 %conv5, i64 %mul3" [Coefficients.cpp:23]   --->   Operation 117 'ddiv' 'div2' <Predicate = (!icmp_ln19)> <Delay = 5.92> <CoreInst = "DDiv">   --->   Core 39 'DDiv' <Latency = 21> <II = 1> <Delay = 5.92> <FuncUnit> <Opcode : 'ddiv' 'drem'> <InPorts = 2> <OutPorts = 1>

State 33 <SV = 32> <Delay = 5.92>
ST_33 : Operation 118 [10/22] (5.92ns)   --->   "%div2 = ddiv i64 %conv5, i64 %mul3" [Coefficients.cpp:23]   --->   Operation 118 'ddiv' 'div2' <Predicate = (!icmp_ln19)> <Delay = 5.92> <CoreInst = "DDiv">   --->   Core 39 'DDiv' <Latency = 21> <II = 1> <Delay = 5.92> <FuncUnit> <Opcode : 'ddiv' 'drem'> <InPorts = 2> <OutPorts = 1>

State 34 <SV = 33> <Delay = 5.92>
ST_34 : Operation 119 [9/22] (5.92ns)   --->   "%div2 = ddiv i64 %conv5, i64 %mul3" [Coefficients.cpp:23]   --->   Operation 119 'ddiv' 'div2' <Predicate = (!icmp_ln19)> <Delay = 5.92> <CoreInst = "DDiv">   --->   Core 39 'DDiv' <Latency = 21> <II = 1> <Delay = 5.92> <FuncUnit> <Opcode : 'ddiv' 'drem'> <InPorts = 2> <OutPorts = 1>

State 35 <SV = 34> <Delay = 5.92>
ST_35 : Operation 120 [8/22] (5.92ns)   --->   "%div2 = ddiv i64 %conv5, i64 %mul3" [Coefficients.cpp:23]   --->   Operation 120 'ddiv' 'div2' <Predicate = (!icmp_ln19)> <Delay = 5.92> <CoreInst = "DDiv">   --->   Core 39 'DDiv' <Latency = 21> <II = 1> <Delay = 5.92> <FuncUnit> <Opcode : 'ddiv' 'drem'> <InPorts = 2> <OutPorts = 1>

State 36 <SV = 35> <Delay = 5.92>
ST_36 : Operation 121 [7/22] (5.92ns)   --->   "%div2 = ddiv i64 %conv5, i64 %mul3" [Coefficients.cpp:23]   --->   Operation 121 'ddiv' 'div2' <Predicate = (!icmp_ln19)> <Delay = 5.92> <CoreInst = "DDiv">   --->   Core 39 'DDiv' <Latency = 21> <II = 1> <Delay = 5.92> <FuncUnit> <Opcode : 'ddiv' 'drem'> <InPorts = 2> <OutPorts = 1>

State 37 <SV = 36> <Delay = 5.92>
ST_37 : Operation 122 [6/22] (5.92ns)   --->   "%div2 = ddiv i64 %conv5, i64 %mul3" [Coefficients.cpp:23]   --->   Operation 122 'ddiv' 'div2' <Predicate = (!icmp_ln19)> <Delay = 5.92> <CoreInst = "DDiv">   --->   Core 39 'DDiv' <Latency = 21> <II = 1> <Delay = 5.92> <FuncUnit> <Opcode : 'ddiv' 'drem'> <InPorts = 2> <OutPorts = 1>

State 38 <SV = 37> <Delay = 5.92>
ST_38 : Operation 123 [5/22] (5.92ns)   --->   "%div2 = ddiv i64 %conv5, i64 %mul3" [Coefficients.cpp:23]   --->   Operation 123 'ddiv' 'div2' <Predicate = (!icmp_ln19)> <Delay = 5.92> <CoreInst = "DDiv">   --->   Core 39 'DDiv' <Latency = 21> <II = 1> <Delay = 5.92> <FuncUnit> <Opcode : 'ddiv' 'drem'> <InPorts = 2> <OutPorts = 1>

State 39 <SV = 38> <Delay = 5.92>
ST_39 : Operation 124 [4/22] (5.92ns)   --->   "%div2 = ddiv i64 %conv5, i64 %mul3" [Coefficients.cpp:23]   --->   Operation 124 'ddiv' 'div2' <Predicate = (!icmp_ln19)> <Delay = 5.92> <CoreInst = "DDiv">   --->   Core 39 'DDiv' <Latency = 21> <II = 1> <Delay = 5.92> <FuncUnit> <Opcode : 'ddiv' 'drem'> <InPorts = 2> <OutPorts = 1>

State 40 <SV = 39> <Delay = 5.92>
ST_40 : Operation 125 [3/22] (5.92ns)   --->   "%div2 = ddiv i64 %conv5, i64 %mul3" [Coefficients.cpp:23]   --->   Operation 125 'ddiv' 'div2' <Predicate = (!icmp_ln19)> <Delay = 5.92> <CoreInst = "DDiv">   --->   Core 39 'DDiv' <Latency = 21> <II = 1> <Delay = 5.92> <FuncUnit> <Opcode : 'ddiv' 'drem'> <InPorts = 2> <OutPorts = 1>

State 41 <SV = 40> <Delay = 5.92>
ST_41 : Operation 126 [2/22] (5.92ns)   --->   "%div2 = ddiv i64 %conv5, i64 %mul3" [Coefficients.cpp:23]   --->   Operation 126 'ddiv' 'div2' <Predicate = (!icmp_ln19)> <Delay = 5.92> <CoreInst = "DDiv">   --->   Core 39 'DDiv' <Latency = 21> <II = 1> <Delay = 5.92> <FuncUnit> <Opcode : 'ddiv' 'drem'> <InPorts = 2> <OutPorts = 1>

State 42 <SV = 41> <Delay = 5.92>
ST_42 : Operation 127 [1/22] (5.92ns)   --->   "%div2 = ddiv i64 %conv5, i64 %mul3" [Coefficients.cpp:23]   --->   Operation 127 'ddiv' 'div2' <Predicate = (!icmp_ln19)> <Delay = 5.92> <CoreInst = "DDiv">   --->   Core 39 'DDiv' <Latency = 21> <II = 1> <Delay = 5.92> <FuncUnit> <Opcode : 'ddiv' 'drem'> <InPorts = 2> <OutPorts = 1>
ST_42 : Operation 128 [1/1] (0.42ns)   --->   "%br_ln0 = br void %for.inc"   --->   Operation 128 'br' 'br_ln0' <Predicate = (!icmp_ln19)> <Delay = 0.42>

State 43 <SV = 42> <Delay = 2.89>
ST_43 : Operation 129 [1/1] (0.00ns)   --->   "%storereflowmerge_in = phi i64 %div2, void %if.else, i64 %div1_read, void %for.body.split" [Coefficients.cpp:23]   --->   Operation 129 'phi' 'storereflowmerge_in' <Predicate = true> <Delay = 0.00>
ST_43 : Operation 130 [2/2] (2.89ns)   --->   "%storereflowmerge = fptrunc i64 %storereflowmerge_in" [Coefficients.cpp:23]   --->   Operation 130 'fptrunc' 'storereflowmerge' <Predicate = true> <Delay = 2.89> <CoreInst = "Double2Float">   --->   Core 67 'Double2Float' <Latency = 1> <II = 1> <Delay = 2.89> <FuncUnit> <Opcode : 'fptrunc'> <InPorts = 1> <OutPorts = 1>

State 44 <SV = 43> <Delay = 2.89>
ST_44 : Operation 131 [1/2] (2.89ns)   --->   "%storereflowmerge = fptrunc i64 %storereflowmerge_in" [Coefficients.cpp:23]   --->   Operation 131 'fptrunc' 'storereflowmerge' <Predicate = true> <Delay = 2.89> <CoreInst = "Double2Float">   --->   Core 67 'Double2Float' <Latency = 1> <II = 1> <Delay = 2.89> <FuncUnit> <Opcode : 'fptrunc'> <InPorts = 1> <OutPorts = 1>

State 45 <SV = 44> <Delay = 7.30>
ST_45 : Operation 132 [1/1] (0.00ns)   --->   "%specbitsmap_ln0 = specbitsmap void @_ssdm_op_SpecBitsMap, i32 %gmem"   --->   Operation 132 'specbitsmap' 'specbitsmap_ln0' <Predicate = true> <Delay = 0.00>
ST_45 : Operation 133 [1/1] (0.00ns)   --->   "%gmem_addr = getelementptr i32 %gmem, i64 %sext_ln16_cast" [Coefficients.cpp:16]   --->   Operation 133 'getelementptr' 'gmem_addr' <Predicate = true> <Delay = 0.00>
ST_45 : Operation 134 [1/1] (0.00ns)   --->   "%specpipeline_ln17 = specpipeline void @_ssdm_op_SpecPipeline, i32 4294967295, i32 0, i32 0, i32 0, void @empty_0" [Coefficients.cpp:17]   --->   Operation 134 'specpipeline' 'specpipeline_ln17' <Predicate = true> <Delay = 0.00>
ST_45 : Operation 135 [1/1] (0.00ns)   --->   "%speclooptripcount_ln16 = speclooptripcount void @_ssdm_op_SpecLoopTripCount, i64 25, i64 25, i64 25" [Coefficients.cpp:16]   --->   Operation 135 'speclooptripcount' 'speclooptripcount_ln16' <Predicate = true> <Delay = 0.00>
ST_45 : Operation 136 [1/1] (0.00ns)   --->   "%specloopname_ln16 = specloopname void @_ssdm_op_SpecLoopName, void @empty_14" [Coefficients.cpp:16]   --->   Operation 136 'specloopname' 'specloopname_ln16' <Predicate = true> <Delay = 0.00>
ST_45 : Operation 137 [1/1] (0.00ns)   --->   "%bitcast_ln16 = bitcast i32 %storereflowmerge" [Coefficients.cpp:16]   --->   Operation 137 'bitcast' 'bitcast_ln16' <Predicate = true> <Delay = 0.00>
ST_45 : Operation 138 [1/1] (7.30ns)   --->   "%write_ln16 = write void @_ssdm_op_Write.m_axi.p1i32, i32 %gmem_addr, i32 %bitcast_ln16, i4 15" [Coefficients.cpp:16]   --->   Operation 138 'write' 'write_ln16' <Predicate = true> <Delay = 7.30> <CoreInst = "m_axi">   --->   Core 119 'm_axi' <Latency = 0> <II = 1> <Delay = 1.00> <Adapter> <Opcode : 'read' 'write' 'readreq' 'writereq' 'writeresp'>
ST_45 : Operation 139 [1/1] (0.42ns)   --->   "%ret_ln0 = ret"   --->   Operation 139 'ret' 'ret_ln0' <Predicate = (icmp_ln16)> <Delay = 0.42>


============================================================
+ Verbose Summary: Timing violations
============================================================
Target clock period: 10.000ns, clock uncertainty: 2.700ns.

 <State 1>: 6.413ns
The critical path consists of the following:
	'store' operation 0 bit ('store_ln0') of constant 0 on local variable 'i1' [17]  (0.427 ns)
	'load' operation 5 bit ('i1_load', Coefficients.cpp:19) on local variable 'i1' [20]  (0.000 ns)
	'add' operation 5 bit ('add_ln19', Coefficients.cpp:19) [26]  (0.789 ns)
	'sitofp' operation 32 bit ('conv4', Coefficients.cpp:23) [32]  (5.197 ns)

 <State 2>: 5.197ns
The critical path consists of the following:
	'sitofp' operation 32 bit ('conv4', Coefficients.cpp:23) [32]  (5.197 ns)

 <State 3>: 5.197ns
The critical path consists of the following:
	'sitofp' operation 32 bit ('conv4', Coefficients.cpp:23) [32]  (5.197 ns)

 <State 4>: 5.197ns
The critical path consists of the following:
	'sitofp' operation 32 bit ('conv4', Coefficients.cpp:23) [32]  (5.197 ns)

 <State 5>: 7.016ns
The critical path consists of the following:
	'fmul' operation 32 bit ('__x', Coefficients.cpp:23) [33]  (7.016 ns)

 <State 6>: 7.016ns
The critical path consists of the following:
	'fmul' operation 32 bit ('__x', Coefficients.cpp:23) [33]  (7.016 ns)

 <State 7>: 7.016ns
The critical path consists of the following:
	'fmul' operation 32 bit ('__x', Coefficients.cpp:23) [33]  (7.016 ns)

 <State 8>: 1.831ns
The critical path consists of the following:
	'call' operation 32 bit ('tmp', C:\scratch\2024.1\hls_product\545\2024.1\src\shared\hls\clib\hlsmath\src\common\hls_hotbm_float.cpp:123->C:\scratch\2024.1\hls_product\545\2024.1\src\shared\hls\clib\hlsmath\src\c\sincosfloat.cpp:8->C:/Xilinx/Vitis_HLS/2024.1/tps/mingw/8.3.0/win64.o/nt\lib\gcc\x86_64-w64-mingw32\8.3.0\include\c++\cmath:426->Coefficients.cpp:23) to 'sin_or_cos<float>' [34]  (1.831 ns)

 <State 9>: 7.002ns
The critical path consists of the following:
	'call' operation 32 bit ('tmp', C:\scratch\2024.1\hls_product\545\2024.1\src\shared\hls\clib\hlsmath\src\common\hls_hotbm_float.cpp:123->C:\scratch\2024.1\hls_product\545\2024.1\src\shared\hls\clib\hlsmath\src\c\sincosfloat.cpp:8->C:/Xilinx/Vitis_HLS/2024.1/tps/mingw/8.3.0/win64.o/nt\lib\gcc\x86_64-w64-mingw32\8.3.0\include\c++\cmath:426->Coefficients.cpp:23) to 'sin_or_cos<float>' [34]  (7.002 ns)

 <State 10>: 7.002ns
The critical path consists of the following:
	'call' operation 32 bit ('tmp', C:\scratch\2024.1\hls_product\545\2024.1\src\shared\hls\clib\hlsmath\src\common\hls_hotbm_float.cpp:123->C:\scratch\2024.1\hls_product\545\2024.1\src\shared\hls\clib\hlsmath\src\c\sincosfloat.cpp:8->C:/Xilinx/Vitis_HLS/2024.1/tps/mingw/8.3.0/win64.o/nt\lib\gcc\x86_64-w64-mingw32\8.3.0\include\c++\cmath:426->Coefficients.cpp:23) to 'sin_or_cos<float>' [34]  (7.002 ns)

 <State 11>: 7.002ns
The critical path consists of the following:
	'call' operation 32 bit ('tmp', C:\scratch\2024.1\hls_product\545\2024.1\src\shared\hls\clib\hlsmath\src\common\hls_hotbm_float.cpp:123->C:\scratch\2024.1\hls_product\545\2024.1\src\shared\hls\clib\hlsmath\src\c\sincosfloat.cpp:8->C:/Xilinx/Vitis_HLS/2024.1/tps/mingw/8.3.0/win64.o/nt\lib\gcc\x86_64-w64-mingw32\8.3.0\include\c++\cmath:426->Coefficients.cpp:23) to 'sin_or_cos<float>' [34]  (7.002 ns)

 <State 12>: 7.002ns
The critical path consists of the following:
	'call' operation 32 bit ('tmp', C:\scratch\2024.1\hls_product\545\2024.1\src\shared\hls\clib\hlsmath\src\common\hls_hotbm_float.cpp:123->C:\scratch\2024.1\hls_product\545\2024.1\src\shared\hls\clib\hlsmath\src\c\sincosfloat.cpp:8->C:/Xilinx/Vitis_HLS/2024.1/tps/mingw/8.3.0/win64.o/nt\lib\gcc\x86_64-w64-mingw32\8.3.0\include\c++\cmath:426->Coefficients.cpp:23) to 'sin_or_cos<float>' [34]  (7.002 ns)

 <State 13>: 7.002ns
The critical path consists of the following:
	'call' operation 32 bit ('tmp', C:\scratch\2024.1\hls_product\545\2024.1\src\shared\hls\clib\hlsmath\src\common\hls_hotbm_float.cpp:123->C:\scratch\2024.1\hls_product\545\2024.1\src\shared\hls\clib\hlsmath\src\c\sincosfloat.cpp:8->C:/Xilinx/Vitis_HLS/2024.1/tps/mingw/8.3.0/win64.o/nt\lib\gcc\x86_64-w64-mingw32\8.3.0\include\c++\cmath:426->Coefficients.cpp:23) to 'sin_or_cos<float>' [34]  (7.002 ns)

 <State 14>: 7.002ns
The critical path consists of the following:
	'call' operation 32 bit ('tmp', C:\scratch\2024.1\hls_product\545\2024.1\src\shared\hls\clib\hlsmath\src\common\hls_hotbm_float.cpp:123->C:\scratch\2024.1\hls_product\545\2024.1\src\shared\hls\clib\hlsmath\src\c\sincosfloat.cpp:8->C:/Xilinx/Vitis_HLS/2024.1/tps/mingw/8.3.0/win64.o/nt\lib\gcc\x86_64-w64-mingw32\8.3.0\include\c++\cmath:426->Coefficients.cpp:23) to 'sin_or_cos<float>' [34]  (7.002 ns)

 <State 15>: 6.437ns
The critical path consists of the following:
	'fsub' operation 32 bit ('sub', Coefficients.cpp:23) [37]  (6.437 ns)

 <State 16>: 7.042ns
The critical path consists of the following:
	'dmul' operation 64 bit ('mul3', Coefficients.cpp:23) [41]  (7.042 ns)

 <State 17>: 7.042ns
The critical path consists of the following:
	'dmul' operation 64 bit ('mul3', Coefficients.cpp:23) [41]  (7.042 ns)

 <State 18>: 7.042ns
The critical path consists of the following:
	'dmul' operation 64 bit ('mul3', Coefficients.cpp:23) [41]  (7.042 ns)

 <State 19>: 7.042ns
The critical path consists of the following:
	'dmul' operation 64 bit ('mul3', Coefficients.cpp:23) [41]  (7.042 ns)

 <State 20>: 7.042ns
The critical path consists of the following:
	'dmul' operation 64 bit ('mul3', Coefficients.cpp:23) [41]  (7.042 ns)

 <State 21>: 5.926ns
The critical path consists of the following:
	'ddiv' operation 64 bit ('div2', Coefficients.cpp:23) [42]  (5.926 ns)

 <State 22>: 5.926ns
The critical path consists of the following:
	'ddiv' operation 64 bit ('div2', Coefficients.cpp:23) [42]  (5.926 ns)

 <State 23>: 5.926ns
The critical path consists of the following:
	'ddiv' operation 64 bit ('div2', Coefficients.cpp:23) [42]  (5.926 ns)

 <State 24>: 5.926ns
The critical path consists of the following:
	'ddiv' operation 64 bit ('div2', Coefficients.cpp:23) [42]  (5.926 ns)

 <State 25>: 5.926ns
The critical path consists of the following:
	'ddiv' operation 64 bit ('div2', Coefficients.cpp:23) [42]  (5.926 ns)

 <State 26>: 5.926ns
The critical path consists of the following:
	'ddiv' operation 64 bit ('div2', Coefficients.cpp:23) [42]  (5.926 ns)

 <State 27>: 5.926ns
The critical path consists of the following:
	'ddiv' operation 64 bit ('div2', Coefficients.cpp:23) [42]  (5.926 ns)

 <State 28>: 5.926ns
The critical path consists of the following:
	'ddiv' operation 64 bit ('div2', Coefficients.cpp:23) [42]  (5.926 ns)

 <State 29>: 5.926ns
The critical path consists of the following:
	'ddiv' operation 64 bit ('div2', Coefficients.cpp:23) [42]  (5.926 ns)

 <State 30>: 5.926ns
The critical path consists of the following:
	'ddiv' operation 64 bit ('div2', Coefficients.cpp:23) [42]  (5.926 ns)

 <State 31>: 5.926ns
The critical path consists of the following:
	'ddiv' operation 64 bit ('div2', Coefficients.cpp:23) [42]  (5.926 ns)

 <State 32>: 5.926ns
The critical path consists of the following:
	'ddiv' operation 64 bit ('div2', Coefficients.cpp:23) [42]  (5.926 ns)

 <State 33>: 5.926ns
The critical path consists of the following:
	'ddiv' operation 64 bit ('div2', Coefficients.cpp:23) [42]  (5.926 ns)

 <State 34>: 5.926ns
The critical path consists of the following:
	'ddiv' operation 64 bit ('div2', Coefficients.cpp:23) [42]  (5.926 ns)

 <State 35>: 5.926ns
The critical path consists of the following:
	'ddiv' operation 64 bit ('div2', Coefficients.cpp:23) [42]  (5.926 ns)

 <State 36>: 5.926ns
The critical path consists of the following:
	'ddiv' operation 64 bit ('div2', Coefficients.cpp:23) [42]  (5.926 ns)

 <State 37>: 5.926ns
The critical path consists of the following:
	'ddiv' operation 64 bit ('div2', Coefficients.cpp:23) [42]  (5.926 ns)

 <State 38>: 5.926ns
The critical path consists of the following:
	'ddiv' operation 64 bit ('div2', Coefficients.cpp:23) [42]  (5.926 ns)

 <State 39>: 5.926ns
The critical path consists of the following:
	'ddiv' operation 64 bit ('div2', Coefficients.cpp:23) [42]  (5.926 ns)

 <State 40>: 5.926ns
The critical path consists of the following:
	'ddiv' operation 64 bit ('div2', Coefficients.cpp:23) [42]  (5.926 ns)

 <State 41>: 5.926ns
The critical path consists of the following:
	'ddiv' operation 64 bit ('div2', Coefficients.cpp:23) [42]  (5.926 ns)

 <State 42>: 5.926ns
The critical path consists of the following:
	'ddiv' operation 64 bit ('div2', Coefficients.cpp:23) [42]  (5.926 ns)

 <State 43>: 2.891ns
The critical path consists of the following:
	'phi' operation 64 bit ('storereflowmerge_in', Coefficients.cpp:23) with incoming values : ('div1_read') ('div2', Coefficients.cpp:23) [45]  (0.000 ns)
	'fptrunc' operation 32 bit ('storereflowmerge', Coefficients.cpp:23) [46]  (2.891 ns)

 <State 44>: 2.891ns
The critical path consists of the following:
	'fptrunc' operation 32 bit ('storereflowmerge', Coefficients.cpp:23) [46]  (2.891 ns)

 <State 45>: 7.300ns
The critical path consists of the following:
	'getelementptr' operation 32 bit ('gmem_addr', Coefficients.cpp:16) [22]  (0.000 ns)
	bus write operation ('write_ln16', Coefficients.cpp:16) on port 'gmem' (Coefficients.cpp:16) [48]  (7.300 ns)


============================================================
+ Verbose Summary: Binding
============================================================
N/A
* FSMD analyzer results:
  - Output states:
 - Input state : 
  - Chain level:
	State 1
	State 2
	State 3
	State 4
	State 5
	State 6
	State 7
	State 8
	State 9
	State 10
	State 11
	State 12
	State 13
	State 14
	State 15
	State 16
	State 17
	State 18
	State 19
	State 20
	State 21
	State 22
	State 23
	State 24
	State 25
	State 26
	State 27
	State 28
	State 29
	State 30
	State 31
	State 32
	State 33
	State 34
	State 35
	State 36
	State 37
	State 38
	State 39
	State 40
	State 41
	State 42
	State 43
	State 44
	State 45


============================================================
+ Verbose Summary: Datapath Resource usage 
============================================================
N/A
