F:\Motor-Simulator\HLS\Audio-Filtering\Audio-Filtering\hls\.autopilot\db\Coefficients.pp.0.cpp:26996:7: warning: Added loop label VITIS_LOOP_1223_1:   [xilinx-label-all-loops]
      for (i = 0; i < __N - 1; ++i) {
      ^~~
      VITIS_LOOP_1223_1: 
F:\Motor-Simulator\HLS\Audio-Filtering\Audio-Filtering\hls\.autopilot\db\Coefficients.pp.0.cpp:26996:7: note: FIX-IT applied suggested code changes
F:\Motor-Simulator\HLS\Audio-Filtering\Audio-Filtering\hls\.autopilot\db\Coefficients.pp.0.cpp:27970:5: warning: Added loop label VITIS_LOOP_676_1:   [xilinx-label-all-loops]
    for (unsigned i = low; i != high; ++i) {
    ^~~
    VITIS_LOOP_676_1: 
F:\Motor-Simulator\HLS\Audio-Filtering\Audio-Filtering\hls\.autopilot\db\Coefficients.pp.0.cpp:27970:5: note: FIX-IT applied suggested code changes
F:\Motor-Simulator\HLS\Audio-Filtering\Audio-Filtering\hls\.autopilot\db\Coefficients.pp.0.cpp:27984:5: warning: Added loop label VITIS_LOOP_690_1:   [xilinx-label-all-loops]
    for (unsigned i = low; i != high; ++i) {
    ^~~
    VITIS_LOOP_690_1: 
F:\Motor-Simulator\HLS\Audio-Filtering\Audio-Filtering\hls\.autopilot\db\Coefficients.pp.0.cpp:27984:5: note: FIX-IT applied suggested code changes
F:\Motor-Simulator\HLS\Audio-Filtering\Audio-Filtering\hls\.autopilot\db\Coefficients.pp.0.cpp:27998:5: warning: Added loop label VITIS_LOOP_704_1:   [xilinx-label-all-loops]
    for (unsigned i = low; i != high; ++i) {
    ^~~
    VITIS_LOOP_704_1: 
F:\Motor-Simulator\HLS\Audio-Filtering\Audio-Filtering\hls\.autopilot\db\Coefficients.pp.0.cpp:27998:5: note: FIX-IT applied suggested code changes
F:\Motor-Simulator\HLS\Audio-Filtering\Audio-Filtering\hls\.autopilot\db\Coefficients.pp.0.cpp:29627:7: warning: Added loop label VITIS_LOOP_1247_1:   [xilinx-label-all-loops]
      for (i = 0; i < __N - 1; ++i) {
      ^~~
      VITIS_LOOP_1247_1: 
F:\Motor-Simulator\HLS\Audio-Filtering\Audio-Filtering\hls\.autopilot\db\Coefficients.pp.0.cpp:29627:7: note: FIX-IT applied suggested code changes
F:\Motor-Simulator\HLS\Audio-Filtering\Audio-Filtering\hls\.autopilot\db\Coefficients.pp.0.cpp:33870:5: warning: Added loop label VITIS_LOOP_16_1:   [xilinx-label-all-loops]
    for (int i = 0; i < 25; i++) {
    ^~~
    VITIS_LOOP_16_1: 
F:\Motor-Simulator\HLS\Audio-Filtering\Audio-Filtering\hls\.autopilot\db\Coefficients.pp.0.cpp:33870:5: note: FIX-IT applied suggested code changes
